#
# There is insufficient memory for the Java Runtime Environment to continue.
# Native memory allocation (malloc) failed to allocate 1112976 bytes for Chunk::new
# Possible reasons:
#   The system is out of physical RAM or swap space
#   The process is running with CompressedOops enabled, and the Java Heap may be blocking the growth of the native heap
# Possible solutions:
#   Reduce memory load on the system
#   Increase physical memory or swap space
#   Check if swap backing store is full
#   Decrease Java heap size (-Xmx/-Xms)
#   Decrease number of Java threads
#   Decrease Java thread stack sizes (-Xss)
#   Set larger code cache with -XX:ReservedCodeCacheSize=
#   JVM is running with Unscaled Compressed Oops mode in which the Java heap is
#     placed in the first 4GB address space. The Java Heap base address is the
#     maximum limit for the native heap growth. Please use -XX:HeapBaseMinAddress
#     to set the Java Heap base and to place the Java Heap above 4GB virtual address.
# This output file may be truncated or incomplete.
#
#  Out of Memory Error (./src/hotspot/share/memory/arena.cpp:197), pid=11632, tid=14704
#
# JRE version: OpenJDK Runtime Environment (11.0.10) (build 11.0.10+0-b96-7249189)
# Java VM: OpenJDK 64-Bit Server VM (11.0.10+0-b96-7249189, mixed mode, tiered, compressed oops, g1 gc, windows-amd64)
# No core dump will be written. Minidumps are not enabled by default on client versions of Windows
#

---------------  S U M M A R Y ------------

Command Line: --add-opens=java.base/java.util=ALL-UNNAMED --add-opens=java.base/java.lang=ALL-UNNAMED --add-opens=java.base/java.lang.invoke=ALL-UNNAMED --add-opens=java.base/java.util=ALL-UNNAMED --add-opens=java.prefs/java.util.prefs=ALL-UNNAMED --add-opens=java.prefs/java.util.prefs=ALL-UNNAMED --add-opens=java.base/java.nio.charset=ALL-UNNAMED --add-opens=java.base/java.net=ALL-UNNAMED --add-opens=java.base/java.util.concurrent.atomic=ALL-UNNAMED -Xmx2048m -Dfile.encoding=UTF-8 -Duser.country=US -Duser.language=en -Duser.variant org.gradle.launcher.daemon.bootstrap.GradleDaemon 7.0.2

Host: Intel(R) Core(TM) i5-8300H CPU @ 2.30GHz, 8 cores, 15G,  Windows 10 , 64 bit Build 22000 (10.0.22000.434)
Time: Thu Mar 31 19:51:01 2022 SE Asia Standard Time elapsed time: 2635.478519 seconds (0d 0h 43m 55s)

---------------  T H R E A D  ---------------

Current thread (0x0000018aa27f1000):  JavaThread "C2 CompilerThread0" daemon [_thread_in_native, id=14704, stack(0x00000046e7c00000,0x00000046e7d00000)]


Current CompileTask:
C2:2635478 29532       4       org.gradle.api.internal.artifacts.ivyservice.modulecache.PersistentModuleMetadataCache::lambda$get$0 (81 bytes)

Stack: [0x00000046e7c00000,0x00000046e7d00000]
Native frames: (J=compiled Java code, j=interpreted, Vv=VM code, C=native code)
V  [jvm.dll+0x5ecfaa]
V  [jvm.dll+0x722bd5]
V  [jvm.dll+0x72412d]
V  [jvm.dll+0x7247e3]
V  [jvm.dll+0x242928]
V  [jvm.dll+0xbc4fc]
V  [jvm.dll+0xbca0c]
V  [jvm.dll+0x2b4fd4]
V  [jvm.dll+0x506028]
V  [jvm.dll+0x203253]
V  [jvm.dll+0x1fd07c]
V  [jvm.dll+0x1fa77f]
V  [jvm.dll+0x18354c]
V  [jvm.dll+0x208ee7]
V  [jvm.dll+0x207731]
V  [jvm.dll+0x6eb1cf]
V  [jvm.dll+0x6e3d45]
V  [jvm.dll+0x5ebe96]
C  [ucrtbase.dll+0x26c0c]
C  [KERNEL32.DLL+0x154e0]
C  [ntdll.dll+0x485b]


---------------  P R O C E S S  ---------------

Threads class SMR info:
_java_thread_list=0x0000018aa3ef1160, length=67, elements={
0x0000018a87ad1000, 0x0000018aa277e000, 0x0000018aa2789000, 0x0000018aa27e3800,
0x0000018aa27e4800, 0x0000018aa27e5800, 0x0000018aa27f1000, 0x0000018aa27fc800,
0x0000018aa2809000, 0x0000018aa2969000, 0x0000018aa48ab800, 0x0000018aa43e6800,
0x0000018aa4dfb800, 0x0000018aa485c800, 0x0000018aa4857000, 0x0000018aa485b000,
0x0000018aa485c000, 0x0000018aa4857800, 0x0000018aa52c4000, 0x0000018aa52c6800,
0x0000018aa52c8000, 0x0000018aa52cc000, 0x0000018aa52bf000, 0x0000018aa7a91000,
0x0000018aa7a91800, 0x0000018aa7a8c000, 0x0000018aa7a96800, 0x0000018aa7a94000,
0x0000018aa7a95000, 0x0000018aaa3ec000, 0x0000018aa4859800, 0x0000018aab1e4000,
0x0000018aab1e2000, 0x0000018aa52c3000, 0x0000018aa52c2800, 0x0000018aa52c7800,
0x0000018aa52c5000, 0x0000018aa52c9000, 0x0000018aa52cd000, 0x0000018aaa3eb000,
0x0000018aaa3ea000, 0x0000018aaa3e8800, 0x0000018aaa3e7000, 0x0000018aaa3e9800,
0x0000018aaa3e5000, 0x0000018aaa3e6000, 0x0000018aaa3f1800, 0x0000018aaa3ee000,
0x0000018aaa3ef000, 0x0000018aaa3f2800, 0x0000018aaa3f0000, 0x0000018aaa3ec800,
0x0000018aaa3f0800, 0x0000018aaa3f3000, 0x0000018aaa3ed800, 0x0000018aaa3f4000,
0x0000018aab1e6000, 0x0000018aab1e0000, 0x0000018aab1e5000, 0x0000018aab1e1000,
0x0000018aab1e6800, 0x0000018aab1e2800, 0x0000018aab1e3800, 0x0000018aab1e9000,
0x0000018aab1e7800, 0x0000018aab1ea000, 0x0000018aab1ec800
}

Java Threads: ( => current thread )
  0x0000018a87ad1000 JavaThread "main" [_thread_blocked, id=13640, stack(0x00000046e7000000,0x00000046e7100000)]
  0x0000018aa277e000 JavaThread "Reference Handler" daemon [_thread_blocked, id=8780, stack(0x00000046e7700000,0x00000046e7800000)]
  0x0000018aa2789000 JavaThread "Finalizer" daemon [_thread_blocked, id=16000, stack(0x00000046e7800000,0x00000046e7900000)]
  0x0000018aa27e3800 JavaThread "Signal Dispatcher" daemon [_thread_blocked, id=12892, stack(0x00000046e7900000,0x00000046e7a00000)]
  0x0000018aa27e4800 JavaThread "Attach Listener" daemon [_thread_blocked, id=8324, stack(0x00000046e7a00000,0x00000046e7b00000)]
  0x0000018aa27e5800 JavaThread "Service Thread" daemon [_thread_blocked, id=14180, stack(0x00000046e7b00000,0x00000046e7c00000)]
=>0x0000018aa27f1000 JavaThread "C2 CompilerThread0" daemon [_thread_in_native, id=14704, stack(0x00000046e7c00000,0x00000046e7d00000)]
  0x0000018aa27fc800 JavaThread "C1 CompilerThread0" daemon [_thread_blocked, id=2292, stack(0x00000046e7d00000,0x00000046e7e00000)]
  0x0000018aa2809000 JavaThread "Sweeper thread" daemon [_thread_blocked, id=8008, stack(0x00000046e7e00000,0x00000046e7f00000)]
  0x0000018aa2969000 JavaThread "Common-Cleaner" daemon [_thread_blocked, id=15852, stack(0x00000046e7f00000,0x00000046e8000000)]
  0x0000018aa48ab800 JavaThread "Daemon health stats" [_thread_blocked, id=10428, stack(0x00000046e8800000,0x00000046e8900000)]
  0x0000018aa43e6800 JavaThread "Incoming local TCP Connector on port 49950" [_thread_in_native, id=14440, stack(0x00000046e8100000,0x00000046e8200000)]
  0x0000018aa4dfb800 JavaThread "Daemon periodic checks" [_thread_blocked, id=14552, stack(0x00000046e8700000,0x00000046e8800000)]
  0x0000018aa485c800 JavaThread "Cache worker for file hash cache (C:\Users\Ana\.gradle\caches\7.0.2\fileHashes)" [_thread_blocked, id=3480, stack(0x00000046e9100000,0x00000046e9200000)]
  0x0000018aa4857000 JavaThread "File lock request listener" [_thread_in_native, id=5392, stack(0x00000046e9200000,0x00000046e9300000)]
  0x0000018aa485b000 JavaThread "Cache worker for journal cache (C:\Users\Ana\.gradle\caches\journal-1)" [_thread_blocked, id=1836, stack(0x00000046e9600000,0x00000046e9700000)]
  0x0000018aa485c000 JavaThread "File watcher server" daemon [_thread_in_native, id=13008, stack(0x00000046e9800000,0x00000046e9900000)]
  0x0000018aa4857800 JavaThread "File watcher consumer" daemon [_thread_blocked, id=7052, stack(0x00000046e9900000,0x00000046e9a00000)]
  0x0000018aa52c4000 JavaThread "Cache worker for execution history cache (C:\Users\Ana\.gradle\caches\7.0.2\executionHistory)" [_thread_blocked, id=15192, stack(0x00000046e9d00000,0x00000046e9e00000)]
  0x0000018aa52c6800 JavaThread "jar transforms" [_thread_blocked, id=3212, stack(0x00000046e9f00000,0x00000046ea000000)]
  0x0000018aa52c8000 JavaThread "jar transforms Thread 2" [_thread_blocked, id=12028, stack(0x00000046ea000000,0x00000046ea100000)]
  0x0000018aa52cc000 JavaThread "Cache worker for file content cache (C:\Users\Ana\.gradle\caches\7.0.2\fileContent)" [_thread_blocked, id=16336, stack(0x00000046ea100000,0x00000046ea200000)]
  0x0000018aa52bf000 JavaThread "jar transforms Thread 3" [_thread_blocked, id=8420, stack(0x00000046e9e00000,0x00000046e9f00000)]
  0x0000018aa7a91000 JavaThread "jar transforms Thread 4" [_thread_blocked, id=13724, stack(0x00000046ead00000,0x00000046eae00000)]
  0x0000018aa7a91800 JavaThread "jar transforms Thread 5" [_thread_blocked, id=11908, stack(0x00000046eae00000,0x00000046eaf00000)]
  0x0000018aa7a8c000 JavaThread "jar transforms Thread 6" [_thread_blocked, id=12820, stack(0x00000046eaf00000,0x00000046eb000000)]
  0x0000018aa7a96800 JavaThread "jar transforms Thread 7" [_thread_blocked, id=13400, stack(0x00000046eb000000,0x00000046eb100000)]
  0x0000018aa7a94000 JavaThread "jar transforms Thread 8" [_thread_blocked, id=8832, stack(0x00000046eb100000,0x00000046eb200000)]
  0x0000018aa7a95000 JavaThread "Memory manager" [_thread_blocked, id=17324, stack(0x00000046eb200000,0x00000046eb300000)]
  0x0000018aaa3ec000 JavaThread "Cache worker for Java compile cache (C:\Users\Ana\.gradle\caches\7.0.2\javaCompile)" [_thread_blocked, id=13372, stack(0x00000046ebf00000,0x00000046ec000000)]
  0x0000018aa4859800 JavaThread "ForkJoinPool.commonPool-worker-5" daemon [_thread_blocked, id=17564, stack(0x00000046eca00000,0x00000046ecb00000)]
  0x0000018aab1e4000 JavaThread "Daemon Thread 5" [_thread_blocked, id=7256, stack(0x00000046e6d00000,0x00000046e6e00000)]
  0x0000018aab1e2000 JavaThread "Daemon worker Thread 5" [_thread_blocked, id=17608, stack(0x00000046e8900000,0x00000046e8a00000)]
  0x0000018aa52c3000 JavaThread "Handler for socket connection from /127.0.0.1:49950 to /127.0.0.1:52784" [_thread_in_native, id=600, stack(0x00000046e6e00000,0x00000046e6f00000)]
  0x0000018aa52c2800 JavaThread "Cancel handler" [_thread_blocked, id=15660, stack(0x00000046e6f00000,0x00000046e7000000)]
  0x0000018aa52c7800 JavaThread "Asynchronous log dispatcher for DefaultDaemonConnection: socket connection from /127.0.0.1:49950 to /127.0.0.1:52784" [_thread_blocked, id=12108, stack(0x00000046e8a00000,0x00000046e8b00000)]
  0x0000018aa52c5000 JavaThread "Stdin handler" [_thread_blocked, id=5328, stack(0x00000046e8b00000,0x00000046e8c00000)]
  0x0000018aa52c9000 JavaThread "Daemon client event forwarder" [_thread_blocked, id=7088, stack(0x00000046e8c00000,0x00000046e8d00000)]
  0x0000018aa52cd000 JavaThread "Cache worker for file hash cache (D:\MayChat\.gradle\7.0.2\fileHashes)" [_thread_blocked, id=5568, stack(0x00000046e8d00000,0x00000046e8e00000)]
  0x0000018aaa3eb000 JavaThread "Cache worker for checksums cache (D:\MayChat\.gradle\checksums)" [_thread_blocked, id=14596, stack(0x00000046e8e00000,0x00000046e8f00000)]
  0x0000018aaa3ea000 JavaThread "Cache worker for cache directory md-supplier (C:\Users\Ana\.gradle\caches\7.0.2\md-supplier)" [_thread_blocked, id=7636, stack(0x00000046e8f00000,0x00000046e9000000)]
  0x0000018aaa3e8800 JavaThread "Cache worker for cache directory md-rule (C:\Users\Ana\.gradle\caches\7.0.2\md-rule)" [_thread_blocked, id=18124, stack(0x00000046e9000000,0x00000046e9100000)]
  0x0000018aaa3e7000 JavaThread "Cache worker for dependencies-accessors (D:\MayChat\.gradle\7.0.2\dependencies-accessors)" [_thread_blocked, id=10432, stack(0x00000046e9700000,0x00000046e9800000)]
  0x0000018aaa3e9800 JavaThread "C2 CompilerThread1" daemon [_thread_in_native, id=18136, stack(0x00000046e9a00000,0x00000046e9b00000)]
  0x0000018aaa3e5000 JavaThread "Cache worker for Build Output Cleanup Cache (D:\MayChat\.gradle\buildOutputCleanup)" [_thread_blocked, id=4748, stack(0x00000046e9b00000,0x00000046e9c00000)]
  0x0000018aaa3e6000 JavaThread "Build operations" [_thread_blocked, id=12468, stack(0x00000046e9c00000,0x00000046e9d00000)]
  0x0000018aaa3f1800 JavaThread "Build operations Thread 2" [_thread_blocked, id=15688, stack(0x00000046ea200000,0x00000046ea300000)]
  0x0000018aaa3ee000 JavaThread "Build operations Thread 3" [_thread_blocked, id=18140, stack(0x00000046ea300000,0x00000046ea400000)]
  0x0000018aaa3ef000 JavaThread "Build operations Thread 4" [_thread_blocked, id=8948, stack(0x00000046ea400000,0x00000046ea500000)]
  0x0000018aaa3f2800 JavaThread "Build operations Thread 5" [_thread_blocked, id=15636, stack(0x00000046ea500000,0x00000046ea600000)]
  0x0000018aaa3f0000 JavaThread "Build operations Thread 6" [_thread_blocked, id=5208, stack(0x00000046ea600000,0x00000046ea700000)]
  0x0000018aaa3ec800 JavaThread "Build operations Thread 7" [_thread_blocked, id=18004, stack(0x00000046ea700000,0x00000046ea800000)]
  0x0000018aaa3f0800 JavaThread "Build operations Thread 8" [_thread_blocked, id=15096, stack(0x00000046ea800000,0x00000046ea900000)]
  0x0000018aaa3f3000 JavaThread "C2 CompilerThread2" daemon [_thread_blocked, id=17808, stack(0x00000046ea900000,0x00000046eaa00000)]
  0x0000018aaa3ed800 JavaThread "build event listener" [_thread_blocked, id=9928, stack(0x00000046eaa00000,0x00000046eab00000)]
  0x0000018aaa3f4000 JavaThread "Execution worker for ':'" [_thread_blocked, id=10192, stack(0x00000046eab00000,0x00000046eac00000)]
  0x0000018aab1e6000 JavaThread "Execution worker for ':' Thread 2" [_thread_blocked, id=8480, stack(0x00000046eac00000,0x00000046ead00000)]
  0x0000018aab1e0000 JavaThread "Execution worker for ':' Thread 3" [_thread_blocked, id=17668, stack(0x00000046eb300000,0x00000046eb400000)]
  0x0000018aab1e5000 JavaThread "Execution worker for ':' Thread 4" [_thread_blocked, id=18144, stack(0x00000046eb400000,0x00000046eb500000)]
  0x0000018aab1e1000 JavaThread "Execution worker for ':' Thread 5" [_thread_blocked, id=17740, stack(0x00000046eb500000,0x00000046eb600000)]
  0x0000018aab1e6800 JavaThread "Execution worker for ':' Thread 6" [_thread_blocked, id=17744, stack(0x00000046eb600000,0x00000046eb700000)]
  0x0000018aab1e2800 JavaThread "Execution worker for ':' Thread 7" [_thread_blocked, id=15720, stack(0x00000046eb700000,0x00000046eb800000)]
  0x0000018aab1e3800 JavaThread "Cache worker for execution history cache (D:\MayChat\.gradle\7.0.2\executionHistory)" [_thread_blocked, id=18388, stack(0x00000046eb800000,0x00000046eb900000)]
  0x0000018aab1e9000 JavaThread "WorkerExecutor Queue" [_thread_blocked, id=1380, stack(0x00000046eb900000,0x00000046eba00000)]
  0x0000018aab1e7800 JavaThread "pool-74-thread-1" [_thread_blocked, id=14876, stack(0x00000046eba00000,0x00000046ebb00000)]
  0x0000018aab1ea000 JavaThread "stderr" [_thread_in_native, id=2420, stack(0x00000046ebb00000,0x00000046ebc00000)]
  0x0000018aab1ec800 JavaThread "stdout" [_thread_in_native, id=1920, stack(0x00000046ebc00000,0x00000046ebd00000)]

Other Threads:
  0x0000018aa277b000 VMThread "VM Thread" [stack: 0x00000046e7600000,0x00000046e7700000] [id=16088]
  0x0000018aa2997000 WatcherThread [stack: 0x00000046e8000000,0x00000046e8100000] [id=4344]
  0x0000018a87ae9000 GCTaskThread "GC Thread#0" [stack: 0x00000046e7100000,0x00000046e7200000] [id=15040]
  0x0000018aa335f800 GCTaskThread "GC Thread#1" [stack: 0x00000046e8200000,0x00000046e8300000] [id=17052]
  0x0000018aa3360000 GCTaskThread "GC Thread#2" [stack: 0x00000046e8300000,0x00000046e8400000] [id=16172]
  0x0000018aa340d000 GCTaskThread "GC Thread#3" [stack: 0x00000046e8400000,0x00000046e8500000] [id=14736]
  0x0000018aa340d800 GCTaskThread "GC Thread#4" [stack: 0x00000046e8500000,0x00000046e8600000] [id=1528]
  0x0000018aa3439000 GCTaskThread "GC Thread#5" [stack: 0x00000046e8600000,0x00000046e8700000] [id=6824]
  0x0000018aa5854800 GCTaskThread "GC Thread#6" [stack: 0x00000046e9300000,0x00000046e9400000] [id=8968]
  0x0000018aa55f3800 GCTaskThread "GC Thread#7" [stack: 0x00000046e9400000,0x00000046e9500000] [id=16308]
  0x0000018a87b0c800 ConcurrentGCThread "G1 Main Marker" [stack: 0x00000046e7200000,0x00000046e7300000] [id=13036]
  0x0000018a87b0d800 ConcurrentGCThread "G1 Conc#0" [stack: 0x00000046e7300000,0x00000046e7400000] [id=12860]
  0x0000018aa5862000 ConcurrentGCThread "G1 Conc#1" [stack: 0x00000046e9500000,0x00000046e9600000] [id=2220]
  0x0000018a87b6e800 ConcurrentGCThread "G1 Refine#0" [stack: 0x00000046e7400000,0x00000046e7500000] [id=17380]
  0x0000018aa1dcf000 ConcurrentGCThread "G1 Young RemSet Sampling" [stack: 0x00000046e7500000,0x00000046e7600000] [id=7580]

Threads with active compile tasks:
C2 CompilerThread02635510 29532       4       org.gradle.api.internal.artifacts.ivyservice.modulecache.PersistentModuleMetadataCache::lambda$get$0 (81 bytes)
C2 CompilerThread12635510 29531       4       org.gradle.api.internal.artifacts.ivyservice.modulecache.PersistentModuleMetadataCache$$Lambda$437/0x0000000100606840::create (16 bytes)

VM state:not at safepoint (normal execution)

VM Mutex/Monitor currently owned by a thread: None

Heap address: 0x0000000080000000, size: 2048 MB, Compressed Oops mode: 32-bit
Narrow klass base: 0x0000000000000000, Narrow klass shift: 3
Compressed class space size: 1073741824 Address: 0x0000000100000000

Heap:
 garbage-first heap   total 260096K, used 111086K [0x0000000080000000, 0x0000000100000000)
  region size 1024K, 11 young (11264K), 2 survivors (2048K)
 Metaspace       used 127662K, capacity 132377K, committed 132568K, reserved 1165312K
  class space    used 15596K, capacity 17272K, committed 17368K, reserved 1048576K
Heap Regions: E=young(eden), S=young(survivor), O=old, HS=humongous(starts), HC=humongous(continues), CS=collection set, F=free, A=archive, TAMS=top-at-mark-start (previous, next)
|   0|0x0000000080000000, 0x0000000080100000, 0x0000000080100000|100%| O|  |TAMS 0x0000000080100000, 0x0000000080000000| Untracked 
|   1|0x0000000080100000, 0x0000000080200000, 0x0000000080200000|100%| O|  |TAMS 0x0000000080200000, 0x0000000080100000| Untracked 
|   2|0x0000000080200000, 0x0000000080300000, 0x0000000080300000|100%| O|  |TAMS 0x0000000080300000, 0x0000000080200000| Untracked 
|   3|0x0000000080300000, 0x0000000080400000, 0x0000000080400000|100%|HS|  |TAMS 0x0000000080400000, 0x0000000080300000| Complete 
|   4|0x0000000080400000, 0x0000000080500000, 0x0000000080500000|100%|HC|  |TAMS 0x0000000080500000, 0x0000000080400000| Complete 
|   5|0x0000000080500000, 0x0000000080600000, 0x0000000080600000|100%|HC|  |TAMS 0x0000000080600000, 0x0000000080500000| Complete 
|   6|0x0000000080600000, 0x0000000080700000, 0x0000000080700000|100%| O|  |TAMS 0x0000000080700000, 0x0000000080600000| Untracked 
|   7|0x0000000080700000, 0x0000000080800000, 0x0000000080800000|100%| O|  |TAMS 0x0000000080800000, 0x0000000080700000| Complete 
|   8|0x0000000080800000, 0x0000000080900000, 0x0000000080900000|100%| O|  |TAMS 0x0000000080900000, 0x0000000080800000| Untracked 
|   9|0x0000000080900000, 0x0000000080a00000, 0x0000000080a00000|100%| O|  |TAMS 0x0000000080a00000, 0x0000000080900000| Untracked 
|  10|0x0000000080a00000, 0x0000000080b00000, 0x0000000080b00000|100%| O|  |TAMS 0x0000000080b00000, 0x0000000080a00000| Untracked 
|  11|0x0000000080b00000, 0x0000000080c00000, 0x0000000080c00000|100%| O|  |TAMS 0x0000000080c00000, 0x0000000080b00000| Untracked 
|  12|0x0000000080c00000, 0x0000000080d00000, 0x0000000080d00000|100%| O|  |TAMS 0x0000000080d00000, 0x0000000080c00000| Complete 
|  13|0x0000000080d00000, 0x0000000080e00000, 0x0000000080e00000|100%| O|  |TAMS 0x0000000080e00000, 0x0000000080d00000| Untracked 
|  14|0x0000000080e00000, 0x0000000080f00000, 0x0000000080f00000|100%| O|  |TAMS 0x0000000080f00000, 0x0000000080e00000| Complete 
|  15|0x0000000080f00000, 0x0000000081000000, 0x0000000081000000|100%| O|  |TAMS 0x0000000081000000, 0x0000000080f00000| Untracked 
|  16|0x0000000081000000, 0x0000000081100000, 0x0000000081100000|100%|HS|  |TAMS 0x0000000081100000, 0x0000000081000000| Complete 
|  17|0x0000000081100000, 0x0000000081200000, 0x0000000081200000|100%|HS|  |TAMS 0x0000000081200000, 0x0000000081100000| Complete 
|  18|0x0000000081200000, 0x0000000081300000, 0x0000000081300000|100%|HS|  |TAMS 0x0000000081300000, 0x0000000081200000| Complete 
|  19|0x0000000081300000, 0x0000000081400000, 0x0000000081400000|100%|HC|  |TAMS 0x0000000081400000, 0x0000000081300000| Complete 
|  20|0x0000000081400000, 0x0000000081500000, 0x0000000081500000|100%| O|  |TAMS 0x0000000081500000, 0x0000000081400000| Complete 
|  21|0x0000000081500000, 0x0000000081600000, 0x0000000081600000|100%| O|  |TAMS 0x0000000081600000, 0x0000000081500000| Complete 
|  22|0x0000000081600000, 0x0000000081700000, 0x0000000081700000|100%| O|  |TAMS 0x0000000081700000, 0x0000000081600000| Complete 
|  23|0x0000000081700000, 0x0000000081800000, 0x0000000081800000|100%| O|  |TAMS 0x0000000081800000, 0x0000000081700000| Untracked 
|  24|0x0000000081800000, 0x0000000081900000, 0x0000000081900000|100%| O|  |TAMS 0x0000000081900000, 0x0000000081800000| Complete 
|  25|0x0000000081900000, 0x0000000081a00000, 0x0000000081a00000|100%| O|  |TAMS 0x0000000081a00000, 0x0000000081900000| Untracked 
|  26|0x0000000081a00000, 0x0000000081b00000, 0x0000000081b00000|100%| O|  |TAMS 0x0000000081b00000, 0x0000000081a00000| Untracked 
|  27|0x0000000081b00000, 0x0000000081c00000, 0x0000000081c00000|100%| O|  |TAMS 0x0000000081c00000, 0x0000000081b00000| Untracked 
|  28|0x0000000081c00000, 0x0000000081d00000, 0x0000000081d00000|100%| O|  |TAMS 0x0000000081d00000, 0x0000000081c00000| Untracked 
|  29|0x0000000081d00000, 0x0000000081e00000, 0x0000000081e00000|100%| O|  |TAMS 0x0000000081e00000, 0x0000000081d00000| Untracked 
|  30|0x0000000081e00000, 0x0000000081f00000, 0x0000000081f00000|100%| O|  |TAMS 0x0000000081f00000, 0x0000000081e00000| Untracked 
|  31|0x0000000081f00000, 0x0000000082000000, 0x0000000082000000|100%| O|  |TAMS 0x0000000082000000, 0x0000000081f00000| Complete 
|  32|0x0000000082000000, 0x0000000082100000, 0x0000000082100000|100%| O|  |TAMS 0x0000000082100000, 0x0000000082000000| Complete 
|  33|0x0000000082100000, 0x0000000082200000, 0x0000000082200000|100%| O|  |TAMS 0x0000000082200000, 0x0000000082100000| Untracked 
|  34|0x0000000082200000, 0x0000000082300000, 0x0000000082300000|100%| O|  |TAMS 0x0000000082300000, 0x0000000082200000| Untracked 
|  35|0x0000000082300000, 0x0000000082400000, 0x0000000082400000|100%| O|  |TAMS 0x0000000082400000, 0x0000000082300000| Untracked 
|  36|0x0000000082400000, 0x0000000082500000, 0x0000000082500000|100%| O|  |TAMS 0x0000000082500000, 0x0000000082400000| Complete 
|  37|0x0000000082500000, 0x0000000082600000, 0x0000000082600000|100%| O|  |TAMS 0x0000000082600000, 0x0000000082500000| Complete 
|  38|0x0000000082600000, 0x0000000082700000, 0x0000000082700000|100%| O|  |TAMS 0x0000000082700000, 0x0000000082600000| Complete 
|  39|0x0000000082700000, 0x0000000082700000, 0x0000000082800000|  0%| F|  |TAMS 0x0000000082700000, 0x0000000082700000| Untracked 
|  40|0x0000000082800000, 0x0000000082800000, 0x0000000082900000|  0%| F|  |TAMS 0x0000000082800000, 0x0000000082800000| Untracked 
|  41|0x0000000082900000, 0x0000000082a00000, 0x0000000082a00000|100%| O|  |TAMS 0x0000000082a00000, 0x0000000082900000| Untracked 
|  42|0x0000000082a00000, 0x0000000082b00000, 0x0000000082b00000|100%| O|  |TAMS 0x0000000082b00000, 0x0000000082a00000| Complete 
|  43|0x0000000082b00000, 0x0000000082c00000, 0x0000000082c00000|100%| O|  |TAMS 0x0000000082c00000, 0x0000000082b00000| Complete 
|  44|0x0000000082c00000, 0x0000000082d00000, 0x0000000082d00000|100%| O|  |TAMS 0x0000000082d00000, 0x0000000082c00000| Complete 
|  45|0x0000000082d00000, 0x0000000082e00000, 0x0000000082e00000|100%| O|  |TAMS 0x0000000082e00000, 0x0000000082d00000| Complete 
|  46|0x0000000082e00000, 0x0000000082f00000, 0x0000000082f00000|100%| O|  |TAMS 0x0000000082f00000, 0x0000000082e00000| Complete 
|  47|0x0000000082f00000, 0x0000000083000000, 0x0000000083000000|100%| O|  |TAMS 0x0000000083000000, 0x0000000082f00000| Complete 
|  48|0x0000000083000000, 0x0000000083100000, 0x0000000083100000|100%| O|  |TAMS 0x0000000083000000, 0x0000000083000000| Untracked 
|  49|0x0000000083100000, 0x0000000083200000, 0x0000000083200000|100%| O|  |TAMS 0x0000000083200000, 0x0000000083100000| Complete 
|  50|0x0000000083200000, 0x0000000083300000, 0x0000000083300000|100%| O|  |TAMS 0x0000000083300000, 0x0000000083200000| Complete 
|  51|0x0000000083300000, 0x0000000083400000, 0x0000000083400000|100%| O|  |TAMS 0x0000000083400000, 0x0000000083300000| Complete 
|  52|0x0000000083400000, 0x0000000083500000, 0x0000000083500000|100%| O|  |TAMS 0x0000000083500000, 0x0000000083400000| Complete 
|  53|0x0000000083500000, 0x0000000083600000, 0x0000000083600000|100%| O|  |TAMS 0x0000000083600000, 0x0000000083500000| Complete 
|  54|0x0000000083600000, 0x0000000083700000, 0x0000000083700000|100%| O|  |TAMS 0x0000000083700000, 0x0000000083600000| Untracked 
|  55|0x0000000083700000, 0x0000000083800000, 0x0000000083800000|100%| O|  |TAMS 0x0000000083800000, 0x0000000083700000| Complete 
|  56|0x0000000083800000, 0x0000000083900000, 0x0000000083900000|100%| O|  |TAMS 0x0000000083900000, 0x0000000083800000| Complete 
|  57|0x0000000083900000, 0x0000000083a00000, 0x0000000083a00000|100%| O|  |TAMS 0x0000000083a00000, 0x0000000083900000| Untracked 
|  58|0x0000000083a00000, 0x0000000083b00000, 0x0000000083b00000|100%| O|  |TAMS 0x0000000083b00000, 0x0000000083a00000| Complete 
|  59|0x0000000083b00000, 0x0000000083b00000, 0x0000000083c00000|  0%| F|  |TAMS 0x0000000083b00000, 0x0000000083b00000| Untracked 
|  60|0x0000000083c00000, 0x0000000083d00000, 0x0000000083d00000|100%| O|  |TAMS 0x0000000083d00000, 0x0000000083c00000| Complete 
|  61|0x0000000083d00000, 0x0000000083e00000, 0x0000000083e00000|100%| O|  |TAMS 0x0000000083e00000, 0x0000000083d00000| Complete 
|  62|0x0000000083e00000, 0x0000000083f00000, 0x0000000083f00000|100%| O|  |TAMS 0x0000000083e00000, 0x0000000083e00000| Untracked 
|  63|0x0000000083f00000, 0x0000000084000000, 0x0000000084000000|100%| O|  |TAMS 0x0000000083f00000, 0x0000000083f00000| Untracked 
|  64|0x0000000084000000, 0x0000000084100000, 0x0000000084100000|100%| O|  |TAMS 0x0000000084100000, 0x0000000084000000| Complete 
|  65|0x0000000084100000, 0x0000000084100000, 0x0000000084200000|  0%| F|  |TAMS 0x0000000084100000, 0x0000000084100000| Untracked 
|  66|0x0000000084200000, 0x0000000084300000, 0x0000000084300000|100%| O|  |TAMS 0x0000000084200000, 0x0000000084200000| Untracked 
|  67|0x0000000084300000, 0x0000000084300000, 0x0000000084400000|  0%| F|  |TAMS 0x0000000084300000, 0x0000000084300000| Untracked 
|  68|0x0000000084400000, 0x0000000084400000, 0x0000000084500000|  0%| F|  |TAMS 0x0000000084400000, 0x0000000084400000| Untracked 
|  69|0x0000000084500000, 0x0000000084600000, 0x0000000084600000|100%| O|  |TAMS 0x0000000084600000, 0x0000000084500000| Complete 
|  70|0x0000000084600000, 0x0000000084700000, 0x0000000084700000|100%| O|  |TAMS 0x0000000084700000, 0x0000000084600000| Complete 
|  71|0x0000000084700000, 0x0000000084700000, 0x0000000084800000|  0%| F|  |TAMS 0x0000000084700000, 0x0000000084700000| Untracked 
|  72|0x0000000084800000, 0x0000000084900000, 0x0000000084900000|100%| O|  |TAMS 0x0000000084900000, 0x0000000084800000| Complete 
|  73|0x0000000084900000, 0x0000000084900000, 0x0000000084a00000|  0%| F|  |TAMS 0x0000000084900000, 0x0000000084900000| Untracked 
|  74|0x0000000084a00000, 0x0000000084a00000, 0x0000000084b00000|  0%| F|  |TAMS 0x0000000084a00000, 0x0000000084a00000| Untracked 
|  75|0x0000000084b00000, 0x0000000084c00000, 0x0000000084c00000|100%| O|  |TAMS 0x0000000084b00000, 0x0000000084b00000| Untracked 
|  76|0x0000000084c00000, 0x0000000084c00000, 0x0000000084d00000|  0%| F|  |TAMS 0x0000000084c00000, 0x0000000084c00000| Untracked 
|  77|0x0000000084d00000, 0x0000000084e00000, 0x0000000084e00000|100%| O|  |TAMS 0x0000000084e00000, 0x0000000084d00000| Complete 
|  78|0x0000000084e00000, 0x0000000084e00000, 0x0000000084f00000|  0%| F|  |TAMS 0x0000000084e00000, 0x0000000084e00000| Untracked 
|  79|0x0000000084f00000, 0x0000000084f00000, 0x0000000085000000|  0%| F|  |TAMS 0x0000000084f00000, 0x0000000084f00000| Untracked 
|  80|0x0000000085000000, 0x0000000085000000, 0x0000000085100000|  0%| F|  |TAMS 0x0000000085000000, 0x0000000085000000| Untracked 
|  81|0x0000000085100000, 0x0000000085100000, 0x0000000085200000|  0%| F|  |TAMS 0x0000000085100000, 0x0000000085100000| Untracked 
|  82|0x0000000085200000, 0x0000000085200000, 0x0000000085300000|  0%| F|  |TAMS 0x0000000085200000, 0x0000000085200000| Untracked 
|  83|0x0000000085300000, 0x0000000085400000, 0x0000000085400000|100%| O|  |TAMS 0x0000000085300000, 0x0000000085300000| Untracked 
|  84|0x0000000085400000, 0x0000000085500000, 0x0000000085500000|100%| O|  |TAMS 0x0000000085500000, 0x0000000085400000| Complete 
|  85|0x0000000085500000, 0x0000000085500000, 0x0000000085600000|  0%| F|  |TAMS 0x0000000085500000, 0x0000000085500000| Untracked 
|  86|0x0000000085600000, 0x0000000085700000, 0x0000000085700000|100%| O|  |TAMS 0x0000000085700000, 0x0000000085600000| Complete 
|  87|0x0000000085700000, 0x0000000085800000, 0x0000000085800000|100%| O|  |TAMS 0x0000000085800000, 0x0000000085700000| Untracked 
|  88|0x0000000085800000, 0x0000000085900000, 0x0000000085900000|100%| O|  |TAMS 0x0000000085900000, 0x0000000085800000| Untracked 
|  89|0x0000000085900000, 0x0000000085a00000, 0x0000000085a00000|100%| O|  |TAMS 0x0000000085a00000, 0x0000000085900000| Complete 
|  90|0x0000000085a00000, 0x0000000085a00000, 0x0000000085b00000|  0%| F|  |TAMS 0x0000000085a00000, 0x0000000085a00000| Untracked 
|  91|0x0000000085b00000, 0x0000000085c00000, 0x0000000085c00000|100%| O|  |TAMS 0x0000000085b00000, 0x0000000085b00000| Untracked 
|  92|0x0000000085c00000, 0x0000000085d00000, 0x0000000085d00000|100%| O|  |TAMS 0x0000000085c00000, 0x0000000085c00000| Untracked 
|  93|0x0000000085d00000, 0x0000000085e00000, 0x0000000085e00000|100%| O|  |TAMS 0x0000000085d00000, 0x0000000085d00000| Untracked 
|  94|0x0000000085e00000, 0x0000000085f00000, 0x0000000085f00000|100%| O|  |TAMS 0x0000000085e00000, 0x0000000085e00000| Untracked 
|  95|0x0000000085f00000, 0x0000000086000000, 0x0000000086000000|100%| O|  |TAMS 0x0000000085f00000, 0x0000000085f00000| Untracked 
|  96|0x0000000086000000, 0x0000000086000000, 0x0000000086100000|  0%| F|  |TAMS 0x0000000086000000, 0x0000000086000000| Untracked 
|  97|0x0000000086100000, 0x0000000086200000, 0x0000000086200000|100%| O|  |TAMS 0x0000000086100000, 0x0000000086100000| Untracked 
|  98|0x0000000086200000, 0x0000000086300000, 0x0000000086300000|100%| O|  |TAMS 0x0000000086300000, 0x0000000086200000| Untracked 
|  99|0x0000000086300000, 0x0000000086400000, 0x0000000086400000|100%| O|  |TAMS 0x0000000086300000, 0x0000000086300000| Untracked 
| 100|0x0000000086400000, 0x0000000086400000, 0x0000000086500000|  0%| F|  |TAMS 0x0000000086400000, 0x0000000086400000| Untracked 
| 101|0x0000000086500000, 0x0000000086600000, 0x0000000086600000|100%| O|  |TAMS 0x0000000086600000, 0x0000000086500000| Complete 
| 102|0x0000000086600000, 0x000000008662c400, 0x0000000086700000| 17%| O|  |TAMS 0x0000000086600000, 0x0000000086600000| Untracked 
| 103|0x0000000086700000, 0x0000000086700000, 0x0000000086800000|  0%| F|  |TAMS 0x0000000086700000, 0x0000000086700000| Untracked 
| 104|0x0000000086800000, 0x0000000086800000, 0x0000000086900000|  0%| F|  |TAMS 0x0000000086800000, 0x0000000086800000| Untracked 
| 105|0x0000000086900000, 0x0000000086a00000, 0x0000000086a00000|100%| O|  |TAMS 0x0000000086a00000, 0x0000000086900000| Complete 
| 106|0x0000000086a00000, 0x0000000086a00000, 0x0000000086b00000|  0%| F|  |TAMS 0x0000000086a00000, 0x0000000086a00000| Untracked 
| 107|0x0000000086b00000, 0x0000000086b00000, 0x0000000086c00000|  0%| F|  |TAMS 0x0000000086b00000, 0x0000000086b00000| Untracked 
| 108|0x0000000086c00000, 0x0000000086d00000, 0x0000000086d00000|100%| O|  |TAMS 0x0000000086d00000, 0x0000000086c00000| Complete 
| 109|0x0000000086d00000, 0x0000000086e00000, 0x0000000086e00000|100%| O|  |TAMS 0x0000000086e00000, 0x0000000086d00000| Complete 
| 110|0x0000000086e00000, 0x0000000086f00000, 0x0000000086f00000|100%| O|  |TAMS 0x0000000086f00000, 0x0000000086e00000| Complete 
| 111|0x0000000086f00000, 0x0000000087000000, 0x0000000087000000|100%| O|  |TAMS 0x0000000087000000, 0x0000000086f00000| Complete 
| 112|0x0000000087000000, 0x0000000087000000, 0x0000000087100000|  0%| F|  |TAMS 0x0000000087000000, 0x0000000087000000| Untracked 
| 113|0x0000000087100000, 0x0000000087100000, 0x0000000087200000|  0%| F|  |TAMS 0x0000000087100000, 0x0000000087100000| Untracked 
| 114|0x0000000087200000, 0x0000000087200000, 0x0000000087300000|  0%| F|  |TAMS 0x0000000087200000, 0x0000000087200000| Untracked 
| 115|0x0000000087300000, 0x0000000087400000, 0x0000000087400000|100%| O|  |TAMS 0x0000000087400000, 0x0000000087300000| Complete 
| 116|0x0000000087400000, 0x0000000087500000, 0x0000000087500000|100%| O|  |TAMS 0x0000000087500000, 0x0000000087400000| Complete 
| 117|0x0000000087500000, 0x0000000087500000, 0x0000000087600000|  0%| F|  |TAMS 0x0000000087500000, 0x0000000087500000| Untracked 
| 118|0x0000000087600000, 0x0000000087700000, 0x0000000087700000|100%| O|  |TAMS 0x0000000087700000, 0x0000000087600000| Complete 
| 119|0x0000000087700000, 0x0000000087800000, 0x0000000087800000|100%| O|  |TAMS 0x0000000087800000, 0x0000000087700000| Complete 
| 120|0x0000000087800000, 0x0000000087800000, 0x0000000087900000|  0%| F|  |TAMS 0x0000000087800000, 0x0000000087800000| Untracked 
| 121|0x0000000087900000, 0x0000000087a00000, 0x0000000087a00000|100%| O|  |TAMS 0x0000000087a00000, 0x0000000087900000| Complete 
| 122|0x0000000087a00000, 0x0000000087b00000, 0x0000000087b00000|100%| O|  |TAMS 0x0000000087b00000, 0x0000000087a00000| Untracked 
| 123|0x0000000087b00000, 0x0000000087c00000, 0x0000000087c00000|100%| O|  |TAMS 0x0000000087c00000, 0x0000000087b00000| Untracked 
| 124|0x0000000087c00000, 0x0000000087c00000, 0x0000000087d00000|  0%| F|  |TAMS 0x0000000087c00000, 0x0000000087c00000| Untracked 
| 125|0x0000000087d00000, 0x0000000087d00000, 0x0000000087e00000|  0%| F|  |TAMS 0x0000000087d00000, 0x0000000087d00000| Untracked 
| 126|0x0000000087e00000, 0x0000000087e00000, 0x0000000087f00000|  0%| F|  |TAMS 0x0000000087e00000, 0x0000000087e00000| Untracked 
| 127|0x0000000087f00000, 0x0000000087f00000, 0x0000000088000000|  0%| F|  |TAMS 0x0000000087f00000, 0x0000000087f00000| Untracked 
| 128|0x0000000088000000, 0x0000000088000000, 0x0000000088100000|  0%| F|  |TAMS 0x0000000088000000, 0x0000000088000000| Untracked 
| 129|0x0000000088100000, 0x0000000088100000, 0x0000000088200000|  0%| F|  |TAMS 0x0000000088100000, 0x0000000088100000| Untracked 
| 130|0x0000000088200000, 0x0000000088200000, 0x0000000088300000|  0%| F|  |TAMS 0x0000000088200000, 0x0000000088200000| Untracked 
| 131|0x0000000088300000, 0x0000000088400000, 0x0000000088400000|100%| O|  |TAMS 0x0000000088400000, 0x0000000088300000| Complete 
| 132|0x0000000088400000, 0x0000000088500000, 0x0000000088500000|100%| O|  |TAMS 0x0000000088500000, 0x0000000088400000| Complete 
| 133|0x0000000088500000, 0x0000000088600000, 0x0000000088600000|100%| O|  |TAMS 0x0000000088600000, 0x0000000088500000| Complete 
| 134|0x0000000088600000, 0x0000000088700000, 0x0000000088700000|100%| O|  |TAMS 0x0000000088700000, 0x0000000088600000| Complete 
| 135|0x0000000088700000, 0x0000000088700000, 0x0000000088800000|  0%| F|  |TAMS 0x0000000088700000, 0x0000000088700000| Untracked 
| 136|0x0000000088800000, 0x0000000088900000, 0x0000000088900000|100%| O|  |TAMS 0x0000000088900000, 0x0000000088800000| Complete 
| 137|0x0000000088900000, 0x0000000088900000, 0x0000000088a00000|  0%| F|  |TAMS 0x0000000088900000, 0x0000000088900000| Untracked 
| 138|0x0000000088a00000, 0x0000000088a00000, 0x0000000088b00000|  0%| F|  |TAMS 0x0000000088a00000, 0x0000000088a00000| Untracked 
| 139|0x0000000088b00000, 0x0000000088b00000, 0x0000000088c00000|  0%| F|  |TAMS 0x0000000088b00000, 0x0000000088b00000| Untracked 
| 140|0x0000000088c00000, 0x0000000088c00000, 0x0000000088d00000|  0%| F|  |TAMS 0x0000000088c00000, 0x0000000088c00000| Untracked 
| 141|0x0000000088d00000, 0x0000000088d00000, 0x0000000088e00000|  0%| F|  |TAMS 0x0000000088d00000, 0x0000000088d00000| Untracked 
| 142|0x0000000088e00000, 0x0000000088e00000, 0x0000000088f00000|  0%| F|  |TAMS 0x0000000088e00000, 0x0000000088e00000| Untracked 
| 143|0x0000000088f00000, 0x0000000088f00000, 0x0000000089000000|  0%| F|  |TAMS 0x0000000088f00000, 0x0000000088f00000| Untracked 
| 144|0x0000000089000000, 0x0000000089000000, 0x0000000089100000|  0%| F|  |TAMS 0x0000000089000000, 0x0000000089000000| Untracked 
| 145|0x0000000089100000, 0x0000000089100000, 0x0000000089200000|  0%| F|  |TAMS 0x0000000089100000, 0x0000000089100000| Untracked 
| 146|0x0000000089200000, 0x0000000089200000, 0x0000000089300000|  0%| F|  |TAMS 0x0000000089200000, 0x0000000089200000| Untracked 
| 147|0x0000000089300000, 0x0000000089300000, 0x0000000089400000|  0%| F|  |TAMS 0x0000000089300000, 0x0000000089300000| Untracked 
| 148|0x0000000089400000, 0x0000000089400000, 0x0000000089500000|  0%| F|  |TAMS 0x0000000089400000, 0x0000000089400000| Untracked 
| 149|0x0000000089500000, 0x0000000089500000, 0x0000000089600000|  0%| F|  |TAMS 0x0000000089500000, 0x0000000089500000| Untracked 
| 150|0x0000000089600000, 0x0000000089600000, 0x0000000089700000|  0%| F|  |TAMS 0x0000000089600000, 0x0000000089600000| Untracked 
| 151|0x0000000089700000, 0x0000000089700000, 0x0000000089800000|  0%| F|  |TAMS 0x0000000089700000, 0x0000000089700000| Untracked 
| 152|0x0000000089800000, 0x0000000089800000, 0x0000000089900000|  0%| F|  |TAMS 0x0000000089800000, 0x0000000089800000| Untracked 
| 153|0x0000000089900000, 0x0000000089900000, 0x0000000089a00000|  0%| F|  |TAMS 0x0000000089900000, 0x0000000089900000| Untracked 
| 154|0x0000000089a00000, 0x0000000089a00000, 0x0000000089b00000|  0%| F|  |TAMS 0x0000000089a00000, 0x0000000089a00000| Untracked 
| 155|0x0000000089b00000, 0x0000000089b00000, 0x0000000089c00000|  0%| F|  |TAMS 0x0000000089b00000, 0x0000000089b00000| Untracked 
| 156|0x0000000089c00000, 0x0000000089c00000, 0x0000000089d00000|  0%| F|  |TAMS 0x0000000089c00000, 0x0000000089c00000| Untracked 
| 157|0x0000000089d00000, 0x0000000089d00000, 0x0000000089e00000|  0%| F|  |TAMS 0x0000000089d00000, 0x0000000089d00000| Untracked 
| 158|0x0000000089e00000, 0x0000000089e00000, 0x0000000089f00000|  0%| F|  |TAMS 0x0000000089e00000, 0x0000000089e00000| Untracked 
| 159|0x0000000089f00000, 0x0000000089f00000, 0x000000008a000000|  0%| F|  |TAMS 0x0000000089f00000, 0x0000000089f00000| Untracked 
| 160|0x000000008a000000, 0x000000008a000000, 0x000000008a100000|  0%| F|  |TAMS 0x000000008a000000, 0x000000008a000000| Untracked 
| 161|0x000000008a100000, 0x000000008a100000, 0x000000008a200000|  0%| F|  |TAMS 0x000000008a100000, 0x000000008a100000| Untracked 
| 162|0x000000008a200000, 0x000000008a200000, 0x000000008a300000|  0%| F|  |TAMS 0x000000008a200000, 0x000000008a200000| Untracked 
| 163|0x000000008a300000, 0x000000008a300000, 0x000000008a400000|  0%| F|  |TAMS 0x000000008a300000, 0x000000008a300000| Untracked 
| 164|0x000000008a400000, 0x000000008a400000, 0x000000008a500000|  0%| F|  |TAMS 0x000000008a400000, 0x000000008a400000| Untracked 
| 165|0x000000008a500000, 0x000000008a500000, 0x000000008a600000|  0%| F|  |TAMS 0x000000008a500000, 0x000000008a500000| Untracked 
| 166|0x000000008a600000, 0x000000008a600000, 0x000000008a700000|  0%| F|  |TAMS 0x000000008a600000, 0x000000008a600000| Untracked 
| 167|0x000000008a700000, 0x000000008a700000, 0x000000008a800000|  0%| F|  |TAMS 0x000000008a700000, 0x000000008a700000| Untracked 
| 168|0x000000008a800000, 0x000000008a800000, 0x000000008a900000|  0%| F|  |TAMS 0x000000008a800000, 0x000000008a800000| Untracked 
| 169|0x000000008a900000, 0x000000008a900000, 0x000000008aa00000|  0%| F|  |TAMS 0x000000008a900000, 0x000000008a900000| Untracked 
| 170|0x000000008aa00000, 0x000000008aa00000, 0x000000008ab00000|  0%| F|  |TAMS 0x000000008aa00000, 0x000000008aa00000| Untracked 
| 171|0x000000008ab00000, 0x000000008ab00000, 0x000000008ac00000|  0%| F|  |TAMS 0x000000008ab00000, 0x000000008ab00000| Untracked 
| 172|0x000000008ac00000, 0x000000008ac00000, 0x000000008ad00000|  0%| F|  |TAMS 0x000000008ac00000, 0x000000008ac00000| Untracked 
| 173|0x000000008ad00000, 0x000000008ad00000, 0x000000008ae00000|  0%| F|  |TAMS 0x000000008ad00000, 0x000000008ad00000| Untracked 
| 174|0x000000008ae00000, 0x000000008ae00000, 0x000000008af00000|  0%| F|  |TAMS 0x000000008ae00000, 0x000000008ae00000| Untracked 
| 175|0x000000008af00000, 0x000000008af00000, 0x000000008b000000|  0%| F|  |TAMS 0x000000008af00000, 0x000000008af00000| Untracked 
| 176|0x000000008b000000, 0x000000008b000000, 0x000000008b100000|  0%| F|  |TAMS 0x000000008b000000, 0x000000008b000000| Untracked 
| 177|0x000000008b100000, 0x000000008b100000, 0x000000008b200000|  0%| F|  |TAMS 0x000000008b100000, 0x000000008b100000| Untracked 
| 178|0x000000008b200000, 0x000000008b200000, 0x000000008b300000|  0%| F|  |TAMS 0x000000008b200000, 0x000000008b200000| Untracked 
| 179|0x000000008b300000, 0x000000008b300000, 0x000000008b400000|  0%| F|  |TAMS 0x000000008b300000, 0x000000008b300000| Untracked 
| 180|0x000000008b400000, 0x000000008b400000, 0x000000008b500000|  0%| F|  |TAMS 0x000000008b400000, 0x000000008b400000| Untracked 
| 181|0x000000008b500000, 0x000000008b500000, 0x000000008b600000|  0%| F|  |TAMS 0x000000008b500000, 0x000000008b500000| Untracked 
| 182|0x000000008b600000, 0x000000008b600000, 0x000000008b700000|  0%| F|  |TAMS 0x000000008b600000, 0x000000008b600000| Untracked 
| 183|0x000000008b700000, 0x000000008b700000, 0x000000008b800000|  0%| F|  |TAMS 0x000000008b700000, 0x000000008b700000| Untracked 
| 184|0x000000008b800000, 0x000000008b800000, 0x000000008b900000|  0%| F|  |TAMS 0x000000008b800000, 0x000000008b800000| Untracked 
| 185|0x000000008b900000, 0x000000008b900000, 0x000000008ba00000|  0%| F|  |TAMS 0x000000008b900000, 0x000000008b900000| Untracked 
| 186|0x000000008ba00000, 0x000000008ba00000, 0x000000008bb00000|  0%| F|  |TAMS 0x000000008ba00000, 0x000000008ba00000| Untracked 
| 187|0x000000008bb00000, 0x000000008bb00000, 0x000000008bc00000|  0%| F|  |TAMS 0x000000008bb00000, 0x000000008bb00000| Untracked 
| 188|0x000000008bc00000, 0x000000008bc00000, 0x000000008bd00000|  0%| F|  |TAMS 0x000000008bc00000, 0x000000008bc00000| Untracked 
| 189|0x000000008bd00000, 0x000000008bd00000, 0x000000008be00000|  0%| F|  |TAMS 0x000000008bd00000, 0x000000008bd00000| Untracked 
| 190|0x000000008be00000, 0x000000008be00000, 0x000000008bf00000|  0%| F|  |TAMS 0x000000008be00000, 0x000000008be00000| Untracked 
| 191|0x000000008bf00000, 0x000000008bf00000, 0x000000008c000000|  0%| F|  |TAMS 0x000000008bf00000, 0x000000008bf00000| Untracked 
| 192|0x000000008c000000, 0x000000008c000000, 0x000000008c100000|  0%| F|  |TAMS 0x000000008c000000, 0x000000008c000000| Untracked 
| 193|0x000000008c100000, 0x000000008c100000, 0x000000008c200000|  0%| F|  |TAMS 0x000000008c100000, 0x000000008c100000| Untracked 
| 194|0x000000008c200000, 0x000000008c200000, 0x000000008c300000|  0%| F|  |TAMS 0x000000008c200000, 0x000000008c200000| Untracked 
| 195|0x000000008c300000, 0x000000008c300000, 0x000000008c400000|  0%| F|  |TAMS 0x000000008c300000, 0x000000008c300000| Untracked 
| 196|0x000000008c400000, 0x000000008c400000, 0x000000008c500000|  0%| F|  |TAMS 0x000000008c400000, 0x000000008c400000| Untracked 
| 197|0x000000008c500000, 0x000000008c500000, 0x000000008c600000|  0%| F|  |TAMS 0x000000008c500000, 0x000000008c500000| Untracked 
| 198|0x000000008c600000, 0x000000008c600000, 0x000000008c700000|  0%| F|  |TAMS 0x000000008c600000, 0x000000008c600000| Untracked 
| 199|0x000000008c700000, 0x000000008c700000, 0x000000008c800000|  0%| F|  |TAMS 0x000000008c700000, 0x000000008c700000| Untracked 
| 200|0x000000008c800000, 0x000000008c800000, 0x000000008c900000|  0%| F|  |TAMS 0x000000008c800000, 0x000000008c800000| Untracked 
| 201|0x000000008c900000, 0x000000008c900000, 0x000000008ca00000|  0%| F|  |TAMS 0x000000008c900000, 0x000000008c900000| Untracked 
| 202|0x000000008ca00000, 0x000000008ca00000, 0x000000008cb00000|  0%| F|  |TAMS 0x000000008ca00000, 0x000000008ca00000| Untracked 
| 203|0x000000008cb00000, 0x000000008cb00000, 0x000000008cc00000|  0%| F|  |TAMS 0x000000008cb00000, 0x000000008cb00000| Untracked 
| 204|0x000000008cc00000, 0x000000008cc00000, 0x000000008cd00000|  0%| F|  |TAMS 0x000000008cc00000, 0x000000008cc00000| Untracked 
| 205|0x000000008cd00000, 0x000000008cd00000, 0x000000008ce00000|  0%| F|  |TAMS 0x000000008cd00000, 0x000000008cd00000| Untracked 
| 206|0x000000008ce00000, 0x000000008ce00000, 0x000000008cf00000|  0%| F|  |TAMS 0x000000008ce00000, 0x000000008ce00000| Untracked 
| 207|0x000000008cf00000, 0x000000008cf00000, 0x000000008d000000|  0%| F|  |TAMS 0x000000008cf00000, 0x000000008cf00000| Untracked 
| 208|0x000000008d000000, 0x000000008d000000, 0x000000008d100000|  0%| F|  |TAMS 0x000000008d000000, 0x000000008d000000| Untracked 
| 209|0x000000008d100000, 0x000000008d100000, 0x000000008d200000|  0%| F|  |TAMS 0x000000008d100000, 0x000000008d100000| Untracked 
| 210|0x000000008d200000, 0x000000008d200000, 0x000000008d300000|  0%| F|  |TAMS 0x000000008d200000, 0x000000008d200000| Untracked 
| 211|0x000000008d300000, 0x000000008d300000, 0x000000008d400000|  0%| F|  |TAMS 0x000000008d300000, 0x000000008d300000| Untracked 
| 212|0x000000008d400000, 0x000000008d400000, 0x000000008d500000|  0%| F|  |TAMS 0x000000008d400000, 0x000000008d400000| Untracked 
| 213|0x000000008d500000, 0x000000008d500000, 0x000000008d600000|  0%| F|  |TAMS 0x000000008d500000, 0x000000008d500000| Untracked 
| 214|0x000000008d600000, 0x000000008d600000, 0x000000008d700000|  0%| F|  |TAMS 0x000000008d600000, 0x000000008d600000| Untracked 
| 215|0x000000008d700000, 0x000000008d700000, 0x000000008d800000|  0%| F|  |TAMS 0x000000008d700000, 0x000000008d700000| Untracked 
| 216|0x000000008d800000, 0x000000008d800000, 0x000000008d900000|  0%| F|  |TAMS 0x000000008d800000, 0x000000008d800000| Untracked 
| 217|0x000000008d900000, 0x000000008d900000, 0x000000008da00000|  0%| F|  |TAMS 0x000000008d900000, 0x000000008d900000| Untracked 
| 218|0x000000008da00000, 0x000000008da00000, 0x000000008db00000|  0%| F|  |TAMS 0x000000008da00000, 0x000000008da00000| Untracked 
| 219|0x000000008db00000, 0x000000008db00000, 0x000000008dc00000|  0%| F|  |TAMS 0x000000008db00000, 0x000000008db00000| Untracked 
| 220|0x000000008dc00000, 0x000000008dc00000, 0x000000008dd00000|  0%| F|  |TAMS 0x000000008dc00000, 0x000000008dc00000| Untracked 
| 221|0x000000008dd00000, 0x000000008dd00000, 0x000000008de00000|  0%| F|  |TAMS 0x000000008dd00000, 0x000000008dd00000| Untracked 
| 222|0x000000008de00000, 0x000000008de00000, 0x000000008df00000|  0%| F|  |TAMS 0x000000008de00000, 0x000000008de00000| Untracked 
| 223|0x000000008df00000, 0x000000008df00000, 0x000000008e000000|  0%| F|  |TAMS 0x000000008df00000, 0x000000008df00000| Untracked 
| 224|0x000000008e000000, 0x000000008e000000, 0x000000008e100000|  0%| F|  |TAMS 0x000000008e000000, 0x000000008e000000| Untracked 
| 225|0x000000008e100000, 0x000000008e100000, 0x000000008e200000|  0%| F|  |TAMS 0x000000008e100000, 0x000000008e100000| Untracked 
| 226|0x000000008e200000, 0x000000008e200000, 0x000000008e300000|  0%| F|  |TAMS 0x000000008e200000, 0x000000008e200000| Untracked 
| 227|0x000000008e300000, 0x000000008e300000, 0x000000008e400000|  0%| F|  |TAMS 0x000000008e300000, 0x000000008e300000| Untracked 
| 228|0x000000008e400000, 0x000000008e400000, 0x000000008e500000|  0%| F|  |TAMS 0x000000008e400000, 0x000000008e400000| Untracked 
| 229|0x000000008e500000, 0x000000008e500000, 0x000000008e600000|  0%| F|  |TAMS 0x000000008e500000, 0x000000008e500000| Untracked 
| 230|0x000000008e600000, 0x000000008e600000, 0x000000008e700000|  0%| F|  |TAMS 0x000000008e600000, 0x000000008e600000| Untracked 
| 231|0x000000008e700000, 0x000000008e700000, 0x000000008e800000|  0%| F|  |TAMS 0x000000008e700000, 0x000000008e700000| Untracked 
| 232|0x000000008e800000, 0x000000008e800000, 0x000000008e900000|  0%| F|  |TAMS 0x000000008e800000, 0x000000008e800000| Untracked 
| 233|0x000000008e900000, 0x000000008e900000, 0x000000008ea00000|  0%| F|  |TAMS 0x000000008e900000, 0x000000008e900000| Untracked 
| 234|0x000000008ea00000, 0x000000008ea00000, 0x000000008eb00000|  0%| F|  |TAMS 0x000000008ea00000, 0x000000008ea00000| Untracked 
| 235|0x000000008eb00000, 0x000000008eb00000, 0x000000008ec00000|  0%| F|  |TAMS 0x000000008eb00000, 0x000000008eb00000| Untracked 
| 236|0x000000008ec00000, 0x000000008ec00000, 0x000000008ed00000|  0%| F|  |TAMS 0x000000008ec00000, 0x000000008ec00000| Untracked 
| 237|0x000000008ed00000, 0x000000008ed00000, 0x000000008ee00000|  0%| F|  |TAMS 0x000000008ed00000, 0x000000008ed00000| Untracked 
| 238|0x000000008ee00000, 0x000000008ee00000, 0x000000008ef00000|  0%| F|  |TAMS 0x000000008ee00000, 0x000000008ee00000| Untracked 
| 239|0x000000008ef00000, 0x000000008ef00000, 0x000000008f000000|  0%| F|  |TAMS 0x000000008ef00000, 0x000000008ef00000| Untracked 
| 240|0x000000008f000000, 0x000000008f000000, 0x000000008f100000|  0%| F|  |TAMS 0x000000008f000000, 0x000000008f000000| Untracked 
| 241|0x000000008f100000, 0x000000008f100000, 0x000000008f200000|  0%| F|  |TAMS 0x000000008f100000, 0x000000008f100000| Untracked 
| 242|0x000000008f200000, 0x000000008f200000, 0x000000008f300000|  0%| F|  |TAMS 0x000000008f200000, 0x000000008f200000| Untracked 
| 243|0x000000008f300000, 0x000000008f322ee8, 0x000000008f400000| 13%| E|  |TAMS 0x000000008f300000, 0x000000008f300000| Complete 
| 244|0x000000008f400000, 0x000000008f500000, 0x000000008f500000|100%| E|CS|TAMS 0x000000008f400000, 0x000000008f400000| Complete 
| 245|0x000000008f500000, 0x000000008f600000, 0x000000008f600000|100%| E|CS|TAMS 0x000000008f500000, 0x000000008f500000| Complete 
| 246|0x000000008f600000, 0x000000008f700000, 0x000000008f700000|100%| E|CS|TAMS 0x000000008f600000, 0x000000008f600000| Complete 
| 247|0x000000008f700000, 0x000000008f800000, 0x000000008f800000|100%| E|CS|TAMS 0x000000008f700000, 0x000000008f700000| Complete 
| 248|0x000000008f800000, 0x000000008f84f5d0, 0x000000008f900000| 31%| S|CS|TAMS 0x000000008f800000, 0x000000008f800000| Complete 
| 249|0x000000008f900000, 0x000000008fa00000, 0x000000008fa00000|100%| S|CS|TAMS 0x000000008f900000, 0x000000008f900000| Complete 
| 250|0x000000008fa00000, 0x000000008fb00000, 0x000000008fb00000|100%| E|  |TAMS 0x000000008fa00000, 0x000000008fa00000| Complete 
| 251|0x000000008fb00000, 0x000000008fc00000, 0x000000008fc00000|100%| E|CS|TAMS 0x000000008fb00000, 0x000000008fb00000| Complete 
| 252|0x000000008fc00000, 0x000000008fd00000, 0x000000008fd00000|100%| E|CS|TAMS 0x000000008fc00000, 0x000000008fc00000| Complete 
| 253|0x000000008fd00000, 0x000000008fe00000, 0x000000008fe00000|100%| E|CS|TAMS 0x000000008fd00000, 0x000000008fd00000| Complete 

Card table byte_map: [0x0000018a9acb0000,0x0000018a9b0b0000] _byte_map_base: 0x0000018a9a8b0000

Marking Bits (Prev, Next): (CMBitMap*) 0x0000018a87b0bb98, (CMBitMap*) 0x0000018a87b0bbd0
 Prev Bits: [0x0000018a9b4b0000, 0x0000018a9d4b0000)
 Next Bits: [0x0000018a9d4b0000, 0x0000018a9f4b0000)

Polling page: 0x0000018a87270000

Metaspace:

Usage:
  Non-class:    112.41 MB capacity,   109.44 MB ( 97%) used,     2.44 MB (  2%) free+waste,   536.56 KB ( <1%) overhead. 
      Class:     16.87 MB capacity,    15.23 MB ( 90%) used,     1.41 MB (  8%) free+waste,   235.81 KB (  1%) overhead. 
       Both:    129.27 MB capacity,   124.67 MB ( 96%) used,     3.85 MB (  3%) free+waste,   772.38 KB ( <1%) overhead. 

Virtual space:
  Non-class space:      114.00 MB reserved,     112.50 MB ( 99%) committed 
      Class space:        1.00 GB reserved,      16.96 MB (  2%) committed 
             Both:        1.11 GB reserved,     129.46 MB ( 11%) committed 

Chunk freelists:
   Non-Class:  31.00 KB
       Class:  8.00 KB
        Both:  39.00 KB

MaxMetaspaceSize: 17179869184.00 GB
CompressedClassSpaceSize: 1.00 GB

CodeHeap 'non-profiled nmethods': size=120000Kb used=22021Kb max_used=22021Kb free=97978Kb
 bounds [0x0000018a93050000, 0x0000018a945e0000, 0x0000018a9a580000]
CodeHeap 'profiled nmethods': size=120000Kb used=54288Kb max_used=55668Kb free=65711Kb
 bounds [0x0000018a8bb20000, 0x0000018a8f1b0000, 0x0000018a93050000]
CodeHeap 'non-nmethods': size=5760Kb used=2353Kb max_used=2447Kb free=3406Kb
 bounds [0x0000018a8b580000, 0x0000018a8b7f0000, 0x0000018a8bb20000]
 total_blobs=26087 nmethods=25115 adapters=881
 compilation: enabled
              stopped_count=0, restarted_count=0
 full_count=0

Compilation events (20 events):
Event: 2635.171 Thread 0x0000018aa27fc800 nmethod 29621 0x0000018a8c344210 code [0x0000018a8c344460, 0x0000018a8c344d58]
Event: 2635.172 Thread 0x0000018aa27fc800 29622       3       com.android.build.api.variant.impl.ApplicationVariantImpl_Decorated::getMinSdkVersionWithTargetDeviceApi (40 bytes)
Event: 2635.173 Thread 0x0000018aa27fc800 nmethod 29622 0x0000018a8c3d4810 code [0x0000018a8c3d4aa0, 0x0000018a8c3d5788]
Event: 2635.173 Thread 0x0000018aaa3f3000 nmethod 29574 0x0000018a945cee10 code [0x0000018a945cf1c0, 0x0000018a945d3670]
Event: 2635.173 Thread 0x0000018aa27fc800 29623       3       com.android.build.api.variant.impl.ApplicationVariantImpl::getMinSdkVersionWithTargetDeviceApi (8 bytes)
Event: 2635.173 Thread 0x0000018aaa3f3000 29613       4       java.io.File::equals (30 bytes)
Event: 2635.173 Thread 0x0000018aa27fc800 nmethod 29623 0x0000018a8c304890 code [0x0000018a8c304a60, 0x0000018a8c304e18]
Event: 2635.173 Thread 0x0000018aa27fc800 29624       3       com.android.build.api.component.impl.ApkCreationConfigImpl::getMinSdkVersionWithTargetDeviceApi (107 bytes)
Event: 2635.174 Thread 0x0000018aa27fc800 nmethod 29624 0x0000018a8c55f110 code [0x0000018a8c55f3a0, 0x0000018a8c55fff8]
Event: 2635.179 Thread 0x0000018aa27fc800 29625       3       org.gradle.api.internal.file.FileCollectionBackedFileTree$2::visitCollection (98 bytes)
Event: 2635.181 Thread 0x0000018aa27fc800 nmethod 29625 0x0000018a8cd40510 code [0x0000018a8cd40860, 0x0000018a8cd420c8]
Event: 2635.183 Thread 0x0000018aaa3f3000 nmethod 29613 0x0000018a93c55590 code [0x0000018a93c55760, 0x0000018a93c55cb8]
Event: 2635.183 Thread 0x0000018aaa3f3000 29604       4       org.gradle.api.internal.artifacts.PreResolvedResolvableArtifact::getFile (22 bytes)
Event: 2635.205 Thread 0x0000018aaa3f3000 nmethod 29604 0x0000018a945d5410 code [0x0000018a945d5660, 0x0000018a945d6170]
Event: 2635.206 Thread 0x0000018aaa3f3000 29626       4       java.util.TimSort::mergeLo (659 bytes)
Event: 2635.253 Thread 0x0000018aaa3f3000 nmethod 29626 0x0000018a945d6a90 code [0x0000018a945d6cc0, 0x0000018a945d89d8]
Event: 2635.253 Thread 0x0000018aaa3f3000 29591       4       java.util.TreeMap$KeySpliterator::getComparator (8 bytes)
Event: 2635.254 Thread 0x0000018aaa3f3000 nmethod 29591 0x0000018a93c16a10 code [0x0000018a93c16ba0, 0x0000018a93c16c18]
Event: 2635.254 Thread 0x0000018aaa3f3000 29573       4       org.gradle.api.internal.tasks.properties.annotations.OutputFilePropertyAnnotationHandler::getFilePropertyType (4 bytes)
Event: 2635.254 Thread 0x0000018aaa3f3000 nmethod 29573 0x0000018a93c16790 code [0x0000018a93c16920, 0x0000018a93c16998]

GC Heap History (20 events):
Event: 2626.846 GC heap before
{Heap before GC invocations=112 (full 0):
 garbage-first heap   total 260096K, used 132765K [0x0000000080000000, 0x0000000100000000)
  region size 1024K, 12 young (12288K), 1 survivors (1024K)
 Metaspace       used 127387K, capacity 132044K, committed 132312K, reserved 1165312K
  class space    used 15590K, capacity 17270K, committed 17368K, reserved 1048576K
}
Event: 2626.859 GC heap after
{Heap after GC invocations=113 (full 0):
 garbage-first heap   total 260096K, used 122211K [0x0000000080000000, 0x0000000100000000)
  region size 1024K, 2 young (2048K), 2 survivors (2048K)
 Metaspace       used 127387K, capacity 132044K, committed 132312K, reserved 1165312K
  class space    used 15590K, capacity 17270K, committed 17368K, reserved 1048576K
}
Event: 2626.881 GC heap before
{Heap before GC invocations=113 (full 0):
 garbage-first heap   total 260096K, used 126307K [0x0000000080000000, 0x0000000100000000)
  region size 1024K, 7 young (7168K), 2 survivors (2048K)
 Metaspace       used 127387K, capacity 132044K, committed 132312K, reserved 1165312K
  class space    used 15590K, capacity 17270K, committed 17368K, reserved 1048576K
}
Event: 2626.887 GC heap after
{Heap after GC invocations=114 (full 0):
 garbage-first heap   total 260096K, used 123235K [0x0000000080000000, 0x0000000100000000)
  region size 1024K, 3 young (3072K), 3 survivors (3072K)
 Metaspace       used 127387K, capacity 132044K, committed 132312K, reserved 1165312K
  class space    used 15590K, capacity 17270K, committed 17368K, reserved 1048576K
}
Event: 2627.285 GC heap before
{Heap before GC invocations=115 (full 0):
 garbage-first heap   total 260096K, used 182627K [0x0000000080000000, 0x0000000100000000)
  region size 1024K, 56 young (57344K), 3 survivors (3072K)
 Metaspace       used 127411K, capacity 132044K, committed 132312K, reserved 1165312K
  class space    used 15590K, capacity 17270K, committed 17368K, reserved 1048576K
}
Event: 2627.293 GC heap after
{Heap after GC invocations=116 (full 0):
 garbage-first heap   total 260096K, used 126097K [0x0000000080000000, 0x0000000100000000)
  region size 1024K, 6 young (6144K), 6 survivors (6144K)
 Metaspace       used 127411K, capacity 132044K, committed 132312K, reserved 1165312K
  class space    used 15590K, capacity 17270K, committed 17368K, reserved 1048576K
}
Event: 2627.309 GC heap before
{Heap before GC invocations=116 (full 0):
 garbage-first heap   total 260096K, used 132241K [0x0000000080000000, 0x0000000100000000)
  region size 1024K, 12 young (12288K), 6 survivors (6144K)
 Metaspace       used 127411K, capacity 132044K, committed 132312K, reserved 1165312K
  class space    used 15590K, capacity 17270K, committed 17368K, reserved 1048576K
}
Event: 2627.325 GC heap after
{Heap after GC invocations=117 (full 0):
 garbage-first heap   total 260096K, used 117826K [0x0000000080000000, 0x0000000100000000)
  region size 1024K, 1 young (1024K), 1 survivors (1024K)
 Metaspace       used 127411K, capacity 132044K, committed 132312K, reserved 1165312K
  class space    used 15590K, capacity 17270K, committed 17368K, reserved 1048576K
}
Event: 2627.450 GC heap before
{Heap before GC invocations=117 (full 0):
 garbage-first heap   total 260096K, used 156738K [0x0000000080000000, 0x0000000100000000)
  region size 1024K, 40 young (40960K), 1 survivors (1024K)
 Metaspace       used 127413K, capacity 132044K, committed 132312K, reserved 1165312K
  class space    used 15590K, capacity 17270K, committed 17368K, reserved 1048576K
}
Event: 2627.458 GC heap after
{Heap after GC invocations=118 (full 0):
 garbage-first heap   total 260096K, used 121507K [0x0000000080000000, 0x0000000100000000)
  region size 1024K, 5 young (5120K), 5 survivors (5120K)
 Metaspace       used 127413K, capacity 132044K, committed 132312K, reserved 1165312K
  class space    used 15590K, capacity 17270K, committed 17368K, reserved 1048576K
}
Event: 2627.760 GC heap before
{Heap before GC invocations=119 (full 0):
 garbage-first heap   total 260096K, used 199331K [0x0000000080000000, 0x0000000100000000)
  region size 1024K, 67 young (68608K), 5 survivors (5120K)
 Metaspace       used 127473K, capacity 132111K, committed 132312K, reserved 1165312K
  class space    used 15590K, capacity 17270K, committed 17368K, reserved 1048576K
}
Event: 2627.768 GC heap after
{Heap after GC invocations=120 (full 0):
 garbage-first heap   total 260096K, used 123092K [0x0000000080000000, 0x0000000100000000)
  region size 1024K, 6 young (6144K), 6 survivors (6144K)
 Metaspace       used 127473K, capacity 132111K, committed 132312K, reserved 1165312K
  class space    used 15590K, capacity 17270K, committed 17368K, reserved 1048576K
}
Event: 2627.787 GC heap before
{Heap before GC invocations=120 (full 0):
 garbage-first heap   total 260096K, used 128212K [0x0000000080000000, 0x0000000100000000)
  region size 1024K, 12 young (12288K), 6 survivors (6144K)
 Metaspace       used 127473K, capacity 132111K, committed 132312K, reserved 1165312K
  class space    used 15590K, capacity 17270K, committed 17368K, reserved 1048576K
}
Event: 2627.795 GC heap after
{Heap after GC invocations=121 (full 0):
 garbage-first heap   total 260096K, used 123334K [0x0000000080000000, 0x0000000100000000)
  region size 1024K, 2 young (2048K), 2 survivors (2048K)
 Metaspace       used 127473K, capacity 132111K, committed 132312K, reserved 1165312K
  class space    used 15590K, capacity 17270K, committed 17368K, reserved 1048576K
}
Event: 2628.070 GC heap before
{Heap before GC invocations=121 (full 0):
 garbage-first heap   total 260096K, used 188870K [0x0000000080000000, 0x0000000100000000)
  region size 1024K, 67 young (68608K), 2 survivors (2048K)
 Metaspace       used 127554K, capacity 132303K, committed 132568K, reserved 1165312K
  class space    used 15590K, capacity 17270K, committed 17368K, reserved 1048576K
}
Event: 2628.074 GC heap after
{Heap after GC invocations=122 (full 0):
 garbage-first heap   total 260096K, used 123904K [0x0000000080000000, 0x0000000100000000)
  region size 1024K, 2 young (2048K), 2 survivors (2048K)
 Metaspace       used 127554K, capacity 132303K, committed 132568K, reserved 1165312K
  class space    used 15590K, capacity 17270K, committed 17368K, reserved 1048576K
}
Event: 2635.074 GC heap before
{Heap before GC invocations=123 (full 0):
 garbage-first heap   total 260096K, used 188416K [0x0000000080000000, 0x0000000100000000)
  region size 1024K, 72 young (73728K), 2 survivors (2048K)
 Metaspace       used 127618K, capacity 132310K, committed 132568K, reserved 1165312K
  class space    used 15592K, capacity 17271K, committed 17368K, reserved 1048576K
}
Event: 2635.083 GC heap after
{Heap after GC invocations=124 (full 0):
 garbage-first heap   total 260096K, used 123758K [0x0000000080000000, 0x0000000100000000)
  region size 1024K, 8 young (8192K), 8 survivors (8192K)
 Metaspace       used 127618K, capacity 132310K, committed 132568K, reserved 1165312K
  class space    used 15592K, capacity 17271K, committed 17368K, reserved 1048576K
}
Event: 2635.134 GC heap before
{Heap before GC invocations=124 (full 0):
 garbage-first heap   total 260096K, used 126830K [0x0000000080000000, 0x0000000100000000)
  region size 1024K, 12 young (12288K), 8 survivors (8192K)
 Metaspace       used 127650K, capacity 132377K, committed 132568K, reserved 1165312K
  class space    used 15596K, capacity 17272K, committed 17368K, reserved 1048576K
}
Event: 2635.153 GC heap after
{Heap after GC invocations=125 (full 0):
 garbage-first heap   total 260096K, used 103918K [0x0000000080000000, 0x0000000100000000)
  region size 1024K, 2 young (2048K), 2 survivors (2048K)
 Metaspace       used 127650K, capacity 132377K, committed 132568K, reserved 1165312K
  class space    used 15596K, capacity 17272K, committed 17368K, reserved 1048576K
}

Deoptimization events (20 events):
Event: 2629.086 Thread 0x0000018aab1e2000 DEOPT PACKING pc=0x0000018a944d9db0 sp=0x00000046e89fc750
Event: 2629.086 Thread 0x0000018aab1e2000 DEOPT UNPACKING pc=0x0000018a8b5a78af sp=0x00000046e89fc6f0 mode 2
Event: 2629.086 Thread 0x0000018aab1e2000 Uncommon trap: trap_request=0xffffffc6 fr.pc=0x0000018a944d9db0 relative=0x00000000000004b0
Event: 2629.086 Thread 0x0000018aab1e2000 Uncommon trap: reason=bimorphic_or_optimized_type_check action=maybe_recompile pc=0x0000018a944d9db0 method=java.util.concurrent.CopyOnWriteArrayList.indexOfRange(Ljava/lang/Object;[Ljava/lang/Object;II)I @ 46 c2
Event: 2629.086 Thread 0x0000018aab1e2000 DEOPT PACKING pc=0x0000018a944d9db0 sp=0x00000046e89fc4e0
Event: 2629.086 Thread 0x0000018aab1e2000 DEOPT UNPACKING pc=0x0000018a8b5a78af sp=0x00000046e89fc480 mode 2
Event: 2629.086 Thread 0x0000018aab1e2000 Uncommon trap: trap_request=0xffffffc6 fr.pc=0x0000018a944d9db0 relative=0x00000000000004b0
Event: 2629.086 Thread 0x0000018aab1e2000 Uncommon trap: reason=bimorphic_or_optimized_type_check action=maybe_recompile pc=0x0000018a944d9db0 method=java.util.concurrent.CopyOnWriteArrayList.indexOfRange(Ljava/lang/Object;[Ljava/lang/Object;II)I @ 46 c2
Event: 2629.086 Thread 0x0000018aab1e2000 DEOPT PACKING pc=0x0000018a944d9db0 sp=0x00000046e89fc110
Event: 2629.086 Thread 0x0000018aab1e2000 DEOPT UNPACKING pc=0x0000018a8b5a78af sp=0x00000046e89fc0b0 mode 2
Event: 2634.917 Thread 0x0000018aab1e2000 Uncommon trap: trap_request=0xfffffff4 fr.pc=0x0000018a9452e6c8 relative=0x0000000000000288
Event: 2634.917 Thread 0x0000018aab1e2000 Uncommon trap: reason=null_check action=make_not_entrant pc=0x0000018a9452e6c8 method=org.gradle.api.internal.collections.CollectionFilter.filter(Ljava/lang/Object;)Ljava/lang/Object; @ 5 c2
Event: 2634.917 Thread 0x0000018aab1e2000 DEOPT PACKING pc=0x0000018a9452e6c8 sp=0x00000046e89fa260
Event: 2634.917 Thread 0x0000018aab1e2000 DEOPT UNPACKING pc=0x0000018a8b5a78af sp=0x00000046e89fa200 mode 2
Event: 2634.951 Thread 0x0000018aab1e2000 DEOPT PACKING pc=0x0000018a8d6d55ba sp=0x00000046e89f9350
Event: 2634.951 Thread 0x0000018aab1e2000 DEOPT UNPACKING pc=0x0000018a8b5a76ce sp=0x00000046e89f87f8 mode 0
Event: 2635.088 Thread 0x0000018aab1e2000 Uncommon trap: trap_request=0xffffff4d fr.pc=0x0000018a9352c0ac relative=0x000000000000450c
Event: 2635.088 Thread 0x0000018aab1e2000 Uncommon trap: reason=unstable_if action=reinterpret pc=0x0000018a9352c0ac method=java.lang.ref.SoftReference.get()Ljava/lang/Object; @ 6 c2
Event: 2635.088 Thread 0x0000018aab1e2000 DEOPT PACKING pc=0x0000018a9352c0ac sp=0x00000046e89f72c0
Event: 2635.088 Thread 0x0000018aab1e2000 DEOPT UNPACKING pc=0x0000018a8b5a78af sp=0x00000046e89f7140 mode 2

Classes redefined (0 events):
No events

Internal exceptions (20 events):
Event: 2588.130 Thread 0x0000018aab1e6000 Implicit null exception at 0x0000018a9447dbef to 0x0000018a9447e6cc
Event: 2588.130 Thread 0x0000018aab1e6000 Implicit null exception at 0x0000018a9447dbef to 0x0000018a9447e6cc
Event: 2625.634 Thread 0x0000018aab1e2000 Exception <a 'sun/nio/fs/WindowsException'{0x000000008b170030}> (0x000000008b170030) thrown at [./src/hotspot/share/prims/jni.cpp, line 615]
Event: 2625.657 Thread 0x0000018aab1e2000 Exception <a 'java/lang/NoClassDefFoundError'{0x000000008ae46410}: org/jetbrains/kotlin/gradle/plugin/KotlinBasePluginWrapper> (0x000000008ae46410) thrown at [./src/hotspot/share/oops/constantPool.cpp, line 775]
Event: 2625.671 Thread 0x0000018aab1e2000 Exception <a 'sun/nio/fs/WindowsException'{0x000000008ad32928}> (0x000000008ad32928) thrown at [./src/hotspot/share/prims/jni.cpp, line 615]
Event: 2625.677 Thread 0x0000018aab1e2000 Exception <a 'sun/nio/fs/WindowsException'{0x000000008adce050}> (0x000000008adce050) thrown at [./src/hotspot/share/prims/jni.cpp, line 615]
Event: 2625.678 Thread 0x0000018aab1e2000 Exception <a 'sun/nio/fs/WindowsException'{0x000000008adcf010}> (0x000000008adcf010) thrown at [./src/hotspot/share/prims/jni.cpp, line 615]
Event: 2625.683 Thread 0x0000018aab1e2000 Exception <a 'sun/nio/fs/WindowsException'{0x000000008add0020}> (0x000000008add0020) thrown at [./src/hotspot/share/prims/jni.cpp, line 615]
Event: 2625.683 Thread 0x0000018aab1e2000 Exception <a 'sun/nio/fs/WindowsException'{0x000000008add1030}> (0x000000008add1030) thrown at [./src/hotspot/share/prims/jni.cpp, line 615]
Event: 2629.073 Thread 0x0000018aa7a8d800 Exception <a 'java/io/IOException'{0x000000008e9746b8}> (0x000000008e9746b8) thrown at [./src/hotspot/share/prims/jni.cpp, line 615]
Event: 2629.086 Thread 0x0000018aab1e2000 Implicit null exception at 0x0000018a93a27b87 to 0x0000018a93a281e8
Event: 2634.894 Thread 0x0000018aab1e2000 Exception <a 'sun/nio/fs/WindowsException'{0x000000008d41f260}> (0x000000008d41f260) thrown at [./src/hotspot/share/prims/jni.cpp, line 615]
Event: 2634.917 Thread 0x0000018aab1e2000 Implicit null exception at 0x0000018a9452e485 to 0x0000018a9452e6b4
Event: 2634.922 Thread 0x0000018aab1e2000 Exception <a 'java/lang/NoClassDefFoundError'{0x000000008d2ff0d0}: org/jetbrains/kotlin/gradle/plugin/KotlinBasePluginWrapper> (0x000000008d2ff0d0) thrown at [./src/hotspot/share/oops/constantPool.cpp, line 775]
Event: 2634.931 Thread 0x0000018aab1e2000 Exception <a 'sun/nio/fs/WindowsException'{0x000000008d1ee040}> (0x000000008d1ee040) thrown at [./src/hotspot/share/prims/jni.cpp, line 615]
Event: 2634.939 Thread 0x0000018aab1e2000 Exception <a 'sun/nio/fs/WindowsException'{0x000000008d08b6c0}> (0x000000008d08b6c0) thrown at [./src/hotspot/share/prims/jni.cpp, line 615]
Event: 2634.939 Thread 0x0000018aab1e2000 Exception <a 'sun/nio/fs/WindowsException'{0x000000008d08c938}> (0x000000008d08c938) thrown at [./src/hotspot/share/prims/jni.cpp, line 615]
Event: 2634.939 Thread 0x0000018aab1e2000 Exception <a 'sun/nio/fs/WindowsException'{0x000000008d08d948}> (0x000000008d08d948) thrown at [./src/hotspot/share/prims/jni.cpp, line 615]
Event: 2634.939 Thread 0x0000018aab1e2000 Exception <a 'sun/nio/fs/WindowsException'{0x000000008d08e958}> (0x000000008d08e958) thrown at [./src/hotspot/share/prims/jni.cpp, line 615]
Event: 2635.088 Thread 0x0000018aab1e2000 Implicit null exception at 0x0000018a93527c2a to 0x0000018a9352c080

Events (20 events):
Event: 2635.097 Thread 0x0000018aab1e9000 Thread added: 0x0000018aab1e9000
Event: 2635.097 Executing VM operation: RevokeBias
Event: 2635.097 Executing VM operation: RevokeBias done
Event: 2635.098 Executing VM operation: BulkRevokeBias
Event: 2635.099 Executing VM operation: BulkRevokeBias done
Event: 2635.100 Executing VM operation: RevokeBias
Event: 2635.100 Executing VM operation: RevokeBias done
Event: 2635.101 Executing VM operation: RevokeBias
Event: 2635.102 Executing VM operation: RevokeBias done
Event: 2635.102 Executing VM operation: RevokeBias
Event: 2635.102 Executing VM operation: RevokeBias done
Event: 2635.103 Executing VM operation: BulkRevokeBias
Event: 2635.105 Executing VM operation: BulkRevokeBias done
Event: 2635.107 Executing VM operation: BulkRevokeBias
Event: 2635.108 Executing VM operation: BulkRevokeBias done
Event: 2635.109 Thread 0x0000018aab1e7800 Thread added: 0x0000018aab1e7800
Event: 2635.115 Thread 0x0000018aab1ea000 Thread added: 0x0000018aab1ea000
Event: 2635.115 Thread 0x0000018aab1ec800 Thread added: 0x0000018aab1ec800
Event: 2635.116 Executing VM operation: G1CollectForAllocation
Event: 2635.153 Executing VM operation: G1CollectForAllocation done


Dynamic libraries:
0x00007ff7a6cf0000 - 0x00007ff7a6cfa000 	C:\Program Files\Android\Android Studio\jre\bin\java.exe
0x00007ffa7d620000 - 0x00007ffa7d829000 	C:\WINDOWS\SYSTEM32\ntdll.dll
0x00007ffa7c430000 - 0x00007ffa7c4ed000 	C:\WINDOWS\System32\KERNEL32.DLL
0x00007ffa7abd0000 - 0x00007ffa7af44000 	C:\WINDOWS\System32\KERNELBASE.dll
0x00007ffa7b190000 - 0x00007ffa7b2a1000 	C:\WINDOWS\System32\ucrtbase.dll
0x00007ffa5b950000 - 0x00007ffa5b969000 	C:\Program Files\Android\Android Studio\jre\bin\jli.dll
0x00007ffa58ee0000 - 0x00007ffa58ef7000 	C:\Program Files\Android\Android Studio\jre\bin\VCRUNTIME140.dll
0x00007ffa7b660000 - 0x00007ffa7b80c000 	C:\WINDOWS\System32\USER32.dll
0x00007ffa5be20000 - 0x00007ffa5c0c5000 	C:\WINDOWS\WinSxS\amd64_microsoft.windows.common-controls_6595b64144ccf1df_6.0.22000.120_none_9d947278b86cc467\COMCTL32.dll
0x00007ffa7b0c0000 - 0x00007ffa7b0e6000 	C:\WINDOWS\System32\win32u.dll
0x00007ffa7c5a0000 - 0x00007ffa7c5c9000 	C:\WINDOWS\System32\GDI32.dll
0x00007ffa7c4f0000 - 0x00007ffa7c593000 	C:\WINDOWS\System32\msvcrt.dll
0x00007ffa7b2b0000 - 0x00007ffa7b3c2000 	C:\WINDOWS\System32\gdi32full.dll
0x00007ffa7b0f0000 - 0x00007ffa7b18d000 	C:\WINDOWS\System32\msvcp_win.dll
0x00007ffa7b870000 - 0x00007ffa7b8a1000 	C:\WINDOWS\System32\IMM32.DLL
0x00007ffa3afc0000 - 0x00007ffa3b05d000 	C:\Program Files\Android\Android Studio\jre\bin\msvcp140.dll
0x00007ffa368d0000 - 0x00007ffa3739f000 	C:\Program Files\Android\Android Studio\jre\bin\server\jvm.dll
0x00007ffa7c770000 - 0x00007ffa7c81e000 	C:\WINDOWS\System32\ADVAPI32.dll
0x00007ffa7b940000 - 0x00007ffa7b9de000 	C:\WINDOWS\System32\sechost.dll
0x00007ffa7ca30000 - 0x00007ffa7cb50000 	C:\WINDOWS\System32\RPCRT4.dll
0x00007ffa7c020000 - 0x00007ffa7c028000 	C:\WINDOWS\System32\PSAPI.DLL
0x00007ffa745b0000 - 0x00007ffa745e3000 	C:\WINDOWS\SYSTEM32\WINMM.dll
0x00007ffa73d30000 - 0x00007ffa73d3a000 	C:\WINDOWS\SYSTEM32\VERSION.dll
0x00007ffa77830000 - 0x00007ffa77839000 	C:\WINDOWS\SYSTEM32\WSOCK32.dll
0x00007ffa7cda0000 - 0x00007ffa7ce0f000 	C:\WINDOWS\System32\WS2_32.dll
0x00007ffa79d00000 - 0x00007ffa79d18000 	C:\WINDOWS\SYSTEM32\kernel.appcore.dll
0x00007ffa6f630000 - 0x00007ffa6f641000 	C:\Program Files\Android\Android Studio\jre\bin\verify.dll
0x00007ffa5e720000 - 0x00007ffa5e941000 	C:\WINDOWS\SYSTEM32\DBGHELP.DLL
0x00007ffa5d8b0000 - 0x00007ffa5d8e1000 	C:\WINDOWS\SYSTEM32\dbgcore.DLL
0x00007ffa7b440000 - 0x00007ffa7b4bf000 	C:\WINDOWS\System32\bcryptPrimitives.dll
0x00007ffa6f270000 - 0x00007ffa6f299000 	C:\Program Files\Android\Android Studio\jre\bin\java.dll
0x00007ffa77820000 - 0x00007ffa7782b000 	C:\Program Files\Android\Android Studio\jre\bin\jimage.dll
0x00007ffa6c6b0000 - 0x00007ffa6c6c8000 	C:\Program Files\Android\Android Studio\jre\bin\zip.dll
0x00007ffa7ce30000 - 0x00007ffa7d5df000 	C:\WINDOWS\System32\SHELL32.dll
0x00007ffa78c80000 - 0x00007ffa794e8000 	C:\WINDOWS\SYSTEM32\windows.storage.dll
0x00007ffa7c040000 - 0x00007ffa7c3b8000 	C:\WINDOWS\System32\combase.dll
0x00007ffa78b10000 - 0x00007ffa78c76000 	C:\WINDOWS\SYSTEM32\wintypes.dll
0x00007ffa7b9e0000 - 0x00007ffa7baca000 	C:\WINDOWS\System32\SHCORE.dll
0x00007ffa7c630000 - 0x00007ffa7c68d000 	C:\WINDOWS\System32\shlwapi.dll
0x00007ffa7aa40000 - 0x00007ffa7aa61000 	C:\WINDOWS\SYSTEM32\profapi.dll
0x00007ffa6b900000 - 0x00007ffa6b91a000 	C:\Program Files\Android\Android Studio\jre\bin\net.dll
0x00007ffa744a0000 - 0x00007ffa745ac000 	C:\WINDOWS\SYSTEM32\WINHTTP.dll
0x00007ffa7a130000 - 0x00007ffa7a197000 	C:\WINDOWS\system32\mswsock.dll
0x00007ffa6b8a0000 - 0x00007ffa6b8b4000 	C:\Program Files\Android\Android Studio\jre\bin\nio.dll
0x00007ffa5b540000 - 0x00007ffa5b567000 	C:\Users\Ana\.gradle\native\8bec1ad78214c89d9ad589b4d07fe93259594b29d510b10fafb7a158f7737e5d\windows-amd64\native-platform.dll
0x00007ffa34b10000 - 0x00007ffa34c4d000 	C:\Users\Ana\.gradle\native\53dbd7edfb1c66fb8903c78663c9afc45aea4f116125fa6feffd364cf09443e8\windows-amd64\native-platform-file-events.dll
0x00007ffa70190000 - 0x00007ffa7019a000 	C:\Program Files\Android\Android Studio\jre\bin\management.dll
0x00007ffa6f690000 - 0x00007ffa6f69c000 	C:\Program Files\Android\Android Studio\jre\bin\management_ext.dll
0x00007ffa7a380000 - 0x00007ffa7a398000 	C:\WINDOWS\SYSTEM32\CRYPTSP.dll
0x00007ffa79c10000 - 0x00007ffa79c45000 	C:\WINDOWS\system32\rsaenh.dll
0x00007ffa7a220000 - 0x00007ffa7a249000 	C:\WINDOWS\SYSTEM32\USERENV.dll
0x00007ffa7a4f0000 - 0x00007ffa7a517000 	C:\WINDOWS\SYSTEM32\bcrypt.dll
0x00007ffa7a370000 - 0x00007ffa7a37c000 	C:\WINDOWS\SYSTEM32\CRYPTBASE.dll
0x00007ffa79740000 - 0x00007ffa7976d000 	C:\WINDOWS\SYSTEM32\IPHLPAPI.DLL
0x00007ffa7c030000 - 0x00007ffa7c039000 	C:\WINDOWS\System32\NSI.dll
0x00007ffa74950000 - 0x00007ffa74969000 	C:\WINDOWS\SYSTEM32\dhcpcsvc6.DLL
0x00007ffa74df0000 - 0x00007ffa74e0e000 	C:\WINDOWS\SYSTEM32\dhcpcsvc.DLL
0x00007ffa79770000 - 0x00007ffa79858000 	C:\WINDOWS\SYSTEM32\DNSAPI.dll
0x00007ffa5b840000 - 0x00007ffa5b867000 	C:\Program Files\Android\Android Studio\jre\bin\sunec.dll

dbghelp: loaded successfully - version: 4.0.5 - missing functions: none
symbol engine: initialized successfully - sym options: 0x614 - pdb path: .;C:\Program Files\Android\Android Studio\jre\bin;C:\WINDOWS\SYSTEM32;C:\WINDOWS\WinSxS\amd64_microsoft.windows.common-controls_6595b64144ccf1df_6.0.22000.120_none_9d947278b86cc467;C:\Program Files\Android\Android Studio\jre\bin\server;C:\Users\Ana\.gradle\native\8bec1ad78214c89d9ad589b4d07fe93259594b29d510b10fafb7a158f7737e5d\windows-amd64;C:\Users\Ana\.gradle\native\53dbd7edfb1c66fb8903c78663c9afc45aea4f116125fa6feffd364cf09443e8\windows-amd64

VM Arguments:
jvm_args: --add-opens=java.base/java.util=ALL-UNNAMED --add-opens=java.base/java.lang=ALL-UNNAMED --add-opens=java.base/java.lang.invoke=ALL-UNNAMED --add-opens=java.base/java.util=ALL-UNNAMED --add-opens=java.prefs/java.util.prefs=ALL-UNNAMED --add-opens=java.prefs/java.util.prefs=ALL-UNNAMED --add-opens=java.base/java.nio.charset=ALL-UNNAMED --add-opens=java.base/java.net=ALL-UNNAMED --add-opens=java.base/java.util.concurrent.atomic=ALL-UNNAMED -Xmx2048m -Dfile.encoding=UTF-8 -Duser.country=US -Duser.language=en -Duser.variant 
java_command: org.gradle.launcher.daemon.bootstrap.GradleDaemon 7.0.2
java_class_path (initial): C:\Users\Ana\.gradle\wrapper\dists\gradle-7.0.2-bin\857tjihv64xamwrf0h14cai3r\gradle-7.0.2\lib\gradle-launcher-7.0.2.jar
Launcher Type: SUN_STANDARD

[Global flags]
     intx CICompilerCount                          = 4                                         {product} {ergonomic}
     uint ConcGCThreads                            = 2                                         {product} {ergonomic}
     uint G1ConcRefinementThreads                  = 8                                         {product} {ergonomic}
   size_t G1HeapRegionSize                         = 1048576                                   {product} {ergonomic}
    uintx GCDrainStackTargetSize                   = 64                                        {product} {ergonomic}
   size_t InitialHeapSize                          = 266338304                                 {product} {ergonomic}
   size_t MarkStackSize                            = 4194304                                   {product} {ergonomic}
   size_t MaxHeapSize                              = 2147483648                                {product} {command line}
   size_t MaxNewSize                               = 1287651328                                {product} {ergonomic}
   size_t MinHeapDeltaBytes                        = 1048576                                   {product} {ergonomic}
    uintx NonNMethodCodeHeapSize                   = 5836300                                {pd product} {ergonomic}
    uintx NonProfiledCodeHeapSize                  = 122910970                              {pd product} {ergonomic}
    uintx ProfiledCodeHeapSize                     = 122910970                              {pd product} {ergonomic}
    uintx ReservedCodeCacheSize                    = 251658240                              {pd product} {ergonomic}
     bool SegmentedCodeCache                       = true                                      {product} {ergonomic}
     bool UseCompressedClassPointers               = true                                 {lp64_product} {ergonomic}
     bool UseCompressedOops                        = true                                 {lp64_product} {ergonomic}
     bool UseG1GC                                  = true                                      {product} {ergonomic}
     bool UseLargePagesIndividualAllocation        = false                                  {pd product} {ergonomic}

Logging:
Log output configuration:
 #0: stdout all=warning uptime,level,tags
 #1: stderr all=off uptime,level,tags

Environment Variables:
PATH=C:\Program Files\Common Files\Oracle\Java\javapath;C:\WINDOWS\system32;C:\WINDOWS;C:\WINDOWS\System32\Wbem;C:\WINDOWS\System32\WindowsPowerShell\v1.0\;C:\WINDOWS\System32\OpenSSH\;C:\Program Files\Cloudflare\Cloudflare WARP\;C:\Program Files\Microsoft SQL Server\Client SDK\ODBC\170\Tools\Binn\;C:\Program Files (x86)\Microsoft SQL Server\150\Tools\Binn\;C:\Program Files\Microsoft SQL Server\150\Tools\Binn\;C:\Program Files\Microsoft SQL Server\150\DTS\Binn\;C:\Program Files (x86)\Microsoft SQL Server\150\DTS\Binn\;C:\Program Files\Azure Data Studio\bin;C:\Users\Ana\AppData\Local\Microsoft\WindowsApps;;C:\Program Files\Azure Data Studio\bin
USERNAME=Ana
OS=Windows_NT
PROCESSOR_IDENTIFIER=Intel64 Family 6 Model 158 Stepping 10, GenuineIntel



---------------  S Y S T E M  ---------------

OS: Windows 10 , 64 bit Build 22000 (10.0.22000.434)
OS uptime: 1 days 10:41 hours

CPU:total 8 (initial active 8) (4 cores per cpu, 2 threads per core) family 6 model 158 stepping 10 microcode 0xde, cmov, cx8, fxsr, mmx, sse, sse2, sse3, ssse3, sse4.1, sse4.2, popcnt, avx, avx2, aes, clmul, erms, 3dnowpref, lzcnt, ht, tsc, tscinvbit, bmi1, bmi2, adx, fma

Memory: 4k page, system-wide physical 16226M (1919M free)
TotalPageFile size 31327M (AvailPageFile size 8M)
current process WorkingSet (physical memory assigned to process): 608M, peak: 621M
current process commit charge ("private bytes"): 681M, peak: 697M

vm_info: OpenJDK 64-Bit Server VM (11.0.10+0-b96-7249189) for windows-amd64 JRE (11.0.10+0-b96-7249189), built on Mar 31 2021 21:44:00 by "builder" with MS VC++ 14.0 (VS2015)

END.
