#
# There is insufficient memory for the Java Runtime Environment to continue.
# Native memory allocation (malloc) failed to allocate 1062496 bytes for Chunk::new
# Possible reasons:
#   The system is out of physical RAM or swap space
#   The process is running with CompressedOops enabled, and the Java Heap may be blocking the growth of the native heap
# Possible solutions:
#   Reduce memory load on the system
#   Increase physical memory or swap space
#   Check if swap backing store is full
#   Decrease Java heap size (-Xmx/-Xms)
#   Decrease number of Java threads
#   Decrease Java thread stack sizes (-Xss)
#   Set larger code cache with -XX:ReservedCodeCacheSize=
#   JVM is running with Unscaled Compressed Oops mode in which the Java heap is
#     placed in the first 4GB address space. The Java Heap base address is the
#     maximum limit for the native heap growth. Please use -XX:HeapBaseMinAddress
#     to set the Java Heap base and to place the Java Heap above 4GB virtual address.
# This output file may be truncated or incomplete.
#
#  Out of Memory Error (./src/hotspot/share/memory/arena.cpp:197), pid=11608, tid=14456
#
# JRE version: OpenJDK Runtime Environment (11.0.10) (build 11.0.10+0-b96-7249189)
# Java VM: OpenJDK 64-Bit Server VM (11.0.10+0-b96-7249189, mixed mode, tiered, compressed oops, g1 gc, windows-amd64)
# No core dump will be written. Minidumps are not enabled by default on client versions of Windows
#

---------------  S U M M A R Y ------------

Command Line: --add-opens=java.base/java.util=ALL-UNNAMED --add-opens=java.base/java.lang=ALL-UNNAMED --add-opens=java.base/java.lang.invoke=ALL-UNNAMED --add-opens=java.base/java.util=ALL-UNNAMED --add-opens=java.prefs/java.util.prefs=ALL-UNNAMED --add-opens=java.prefs/java.util.prefs=ALL-UNNAMED --add-opens=java.base/java.nio.charset=ALL-UNNAMED --add-opens=java.base/java.net=ALL-UNNAMED --add-opens=java.base/java.util.concurrent.atomic=ALL-UNNAMED -Xmx2048m -Dfile.encoding=UTF-8 -Duser.country=US -Duser.language=en -Duser.variant org.gradle.launcher.daemon.bootstrap.GradleDaemon 7.0.2

Host: Intel(R) Core(TM) i5-8300H CPU @ 2.30GHz, 8 cores, 15G,  Windows 10 , 64 bit Build 22000 (10.0.22000.434)
Time: Thu Mar 31 19:54:23 2022 SE Asia Standard Time elapsed time: 87.710409 seconds (0d 0h 1m 27s)

---------------  T H R E A D  ---------------

Current thread (0x0000028d2a4b9800):  JavaThread "C2 CompilerThread0" daemon [_thread_in_native, id=14456, stack(0x000000c211700000,0x000000c211800000)]


Current CompileTask:
C2:  87710 22896       4       org.gradle.internal.instantiation.generator.AbstractClassGenerator::inspectType (560 bytes)

Stack: [0x000000c211700000,0x000000c211800000]
Native frames: (J=compiled Java code, j=interpreted, Vv=VM code, C=native code)
V  [jvm.dll+0x5ecfaa]
V  [jvm.dll+0x722bd5]
V  [jvm.dll+0x72412d]
V  [jvm.dll+0x7247e3]
V  [jvm.dll+0x242928]
V  [jvm.dll+0xbc4fc]
V  [jvm.dll+0xbca0c]
V  [jvm.dll+0x2b4fd4]
V  [jvm.dll+0x506028]
V  [jvm.dll+0x1fcdfd]
V  [jvm.dll+0x1fa77f]
V  [jvm.dll+0x18354c]
V  [jvm.dll+0x208ee7]
V  [jvm.dll+0x207731]
V  [jvm.dll+0x6eb1cf]
V  [jvm.dll+0x6e3d45]
V  [jvm.dll+0x5ebe96]
C  [ucrtbase.dll+0x26c0c]
C  [KERNEL32.DLL+0x154e0]
C  [ntdll.dll+0x485b]


---------------  P R O C E S S  ---------------

Threads class SMR info:
_java_thread_list=0x0000028d353eeba0, length=74, elements={
0x0000028d0f76e800, 0x0000028d2a454000, 0x0000028d2a458000, 0x0000028d2a4b4800,
0x0000028d2a4b5800, 0x0000028d2a4b6800, 0x0000028d2a4b9800, 0x0000028d2a4be000,
0x0000028d2a4c7800, 0x0000028d2a637800, 0x0000028d2c731800, 0x0000028d2a9fa800,
0x0000028d2cd32800, 0x0000028d2bb83800, 0x0000028d2c456800, 0x0000028d2c417800,
0x0000028d2c415000, 0x0000028d2c8a1800, 0x0000028d2c8a3000, 0x0000028d2c8a0800,
0x0000028d2c8a2000, 0x0000028d2c89d000, 0x0000028d2c89f000, 0x0000028d2c8a3800,
0x0000028d2c89e000, 0x0000028d2c8a9800, 0x0000028d2c8a8800, 0x0000028d2c8a8000,
0x0000028d2c8a5800, 0x0000028d2c8a7000, 0x0000028d2e18f000, 0x0000028d31842000,
0x0000028d31844800, 0x0000028d31847800, 0x0000028d31843800, 0x0000028d31848800,
0x0000028d31849800, 0x0000028d3184b800, 0x0000028d3184b000, 0x0000028d3184a000,
0x0000028d31846000, 0x0000028d3184c800, 0x0000028d31847000, 0x0000028d3184d800,
0x0000028d3184e000, 0x0000028d3184f000, 0x0000028d31850000, 0x0000028d31850800,
0x0000028d2e192800, 0x0000028d2e18d000, 0x0000028d2e190000, 0x0000028d2e193800,
0x0000028d2e191000, 0x0000028d2e191800, 0x0000028d2e18d800, 0x0000028d2e18e800,
0x0000028d2e195800, 0x0000028d2e195000, 0x0000028d2e196800, 0x0000028d2e197800,
0x0000028d2e198000, 0x0000028d2e19a800, 0x0000028d2c8a4800, 0x0000028d2c89f800,
0x0000028d2c8aa000, 0x0000028d2c8ab000, 0x0000028d2e19a000, 0x0000028d2c415800,
0x0000028d38baa800, 0x0000028d38bb0000, 0x0000028d38bae800, 0x0000028d38bb1800,
0x0000028d38bad800, 0x0000028d38bab000
}

Java Threads: ( => current thread )
  0x0000028d0f76e800 JavaThread "main" [_thread_blocked, id=17620, stack(0x000000c210b00000,0x000000c210c00000)]
  0x0000028d2a454000 JavaThread "Reference Handler" daemon [_thread_blocked, id=4412, stack(0x000000c211200000,0x000000c211300000)]
  0x0000028d2a458000 JavaThread "Finalizer" daemon [_thread_blocked, id=18264, stack(0x000000c211300000,0x000000c211400000)]
  0x0000028d2a4b4800 JavaThread "Signal Dispatcher" daemon [_thread_blocked, id=17036, stack(0x000000c211400000,0x000000c211500000)]
  0x0000028d2a4b5800 JavaThread "Attach Listener" daemon [_thread_blocked, id=6188, stack(0x000000c211500000,0x000000c211600000)]
  0x0000028d2a4b6800 JavaThread "Service Thread" daemon [_thread_blocked, id=16588, stack(0x000000c211600000,0x000000c211700000)]
=>0x0000028d2a4b9800 JavaThread "C2 CompilerThread0" daemon [_thread_in_native, id=14456, stack(0x000000c211700000,0x000000c211800000)]
  0x0000028d2a4be000 JavaThread "C1 CompilerThread0" daemon [_thread_blocked, id=17452, stack(0x000000c211800000,0x000000c211900000)]
  0x0000028d2a4c7800 JavaThread "Sweeper thread" daemon [_thread_blocked, id=7176, stack(0x000000c211900000,0x000000c211a00000)]
  0x0000028d2a637800 JavaThread "Common-Cleaner" daemon [_thread_blocked, id=16064, stack(0x000000c211a00000,0x000000c211b00000)]
  0x0000028d2c731800 JavaThread "Daemon health stats" [_thread_blocked, id=17412, stack(0x000000c212300000,0x000000c212400000)]
  0x0000028d2a9fa800 JavaThread "Incoming local TCP Connector on port 52956" [_thread_in_native, id=18332, stack(0x000000c211c00000,0x000000c211d00000)]
  0x0000028d2cd32800 JavaThread "Daemon periodic checks" [_thread_blocked, id=17600, stack(0x000000c212200000,0x000000c212300000)]
  0x0000028d2bb83800 JavaThread "Daemon" [_thread_blocked, id=6880, stack(0x000000c212400000,0x000000c212500000)]
  0x0000028d2c456800 JavaThread "Daemon worker" [_thread_blocked, id=7868, stack(0x000000c212700000,0x000000c212800000)]
  0x0000028d2c417800 JavaThread "Cache worker for file hash cache (C:\Users\Ana\.gradle\caches\7.0.2\fileHashes)" [_thread_blocked, id=17000, stack(0x000000c212c00000,0x000000c212d00000)]
  0x0000028d2c415000 JavaThread "File lock request listener" [_thread_in_native, id=16116, stack(0x000000c212d00000,0x000000c212e00000)]
  0x0000028d2c8a1800 JavaThread "Cache worker for journal cache (C:\Users\Ana\.gradle\caches\journal-1)" [_thread_blocked, id=5564, stack(0x000000c213100000,0x000000c213200000)]
  0x0000028d2c8a3000 JavaThread "File watcher server" daemon [_thread_in_native, id=18360, stack(0x000000c213300000,0x000000c213400000)]
  0x0000028d2c8a0800 JavaThread "File watcher consumer" daemon [_thread_blocked, id=8120, stack(0x000000c213400000,0x000000c213500000)]
  0x0000028d2c8a2000 JavaThread "jar transforms" [_thread_blocked, id=9264, stack(0x000000c213500000,0x000000c213600000)]
  0x0000028d2c89d000 JavaThread "jar transforms Thread 2" [_thread_blocked, id=12068, stack(0x000000c213600000,0x000000c213700000)]
  0x0000028d2c89f000 JavaThread "jar transforms Thread 3" [_thread_blocked, id=18152, stack(0x000000c213700000,0x000000c213800000)]
  0x0000028d2c8a3800 JavaThread "jar transforms Thread 4" [_thread_blocked, id=16444, stack(0x000000c213800000,0x000000c213900000)]
  0x0000028d2c89e000 JavaThread "jar transforms Thread 5" [_thread_blocked, id=7784, stack(0x000000c213900000,0x000000c213a00000)]
  0x0000028d2c8a9800 JavaThread "jar transforms Thread 6" [_thread_blocked, id=16708, stack(0x000000c213a00000,0x000000c213b00000)]
  0x0000028d2c8a8800 JavaThread "jar transforms Thread 7" [_thread_blocked, id=17800, stack(0x000000c213b00000,0x000000c213c00000)]
  0x0000028d2c8a8000 JavaThread "jar transforms Thread 8" [_thread_blocked, id=15424, stack(0x000000c213d00000,0x000000c213e00000)]
  0x0000028d2c8a5800 JavaThread "Cache worker for execution history cache (C:\Users\Ana\.gradle\caches\7.0.2\executionHistory)" [_thread_blocked, id=16988, stack(0x000000c214100000,0x000000c214200000)]
  0x0000028d2c8a7000 JavaThread "Cache worker for file content cache (C:\Users\Ana\.gradle\caches\7.0.2\fileContent)" [_thread_blocked, id=13880, stack(0x000000c214200000,0x000000c214300000)]
  0x0000028d2e18f000 JavaThread "Memory manager" [_thread_blocked, id=10716, stack(0x000000c214f00000,0x000000c215000000)]
  0x0000028d31842000 JavaThread "Handler for socket connection from /127.0.0.1:52956 to /127.0.0.1:53021" [_thread_in_native, id=15388, stack(0x000000c212800000,0x000000c212900000)]
  0x0000028d31844800 JavaThread "Cancel handler" [_thread_blocked, id=13432, stack(0x000000c212900000,0x000000c212a00000)]
  0x0000028d31847800 JavaThread "Asynchronous log dispatcher for DefaultDaemonConnection: socket connection from /127.0.0.1:52956 to /127.0.0.1:53021" [_thread_blocked, id=18280, stack(0x000000c212a00000,0x000000c212b00000)]
  0x0000028d31843800 JavaThread "Stdin handler" [_thread_blocked, id=15140, stack(0x000000c212b00000,0x000000c212c00000)]
  0x0000028d31848800 JavaThread "Daemon client event forwarder" [_thread_blocked, id=1316, stack(0x000000c213200000,0x000000c213300000)]
  0x0000028d31849800 JavaThread "Cache worker for file hash cache (D:\MayChat\.gradle\7.0.2\fileHashes)" [_thread_blocked, id=4100, stack(0x000000c213e00000,0x000000c213f00000)]
  0x0000028d3184b800 JavaThread "Cache worker for checksums cache (D:\MayChat\.gradle\checksums)" [_thread_blocked, id=6444, stack(0x000000c214000000,0x000000c214100000)]
  0x0000028d3184b000 JavaThread "Cache worker for cache directory md-supplier (C:\Users\Ana\.gradle\caches\7.0.2\md-supplier)" [_thread_blocked, id=17664, stack(0x000000c214300000,0x000000c214400000)]
  0x0000028d3184a000 JavaThread "Cache worker for cache directory md-rule (C:\Users\Ana\.gradle\caches\7.0.2\md-rule)" [_thread_blocked, id=14256, stack(0x000000c214400000,0x000000c214500000)]
  0x0000028d31846000 JavaThread "Cache worker for dependencies-accessors (D:\MayChat\.gradle\7.0.2\dependencies-accessors)" [_thread_blocked, id=16264, stack(0x000000c214500000,0x000000c214600000)]
  0x0000028d3184c800 JavaThread "Cache worker for Build Output Cleanup Cache (D:\MayChat\.gradle\buildOutputCleanup)" [_thread_blocked, id=18108, stack(0x000000c214600000,0x000000c214700000)]
  0x0000028d31847000 JavaThread "Build operations" [_thread_blocked, id=3480, stack(0x000000c214700000,0x000000c214800000)]
  0x0000028d3184d800 JavaThread "Build operations Thread 2" [_thread_blocked, id=16604, stack(0x000000c214800000,0x000000c214900000)]
  0x0000028d3184e000 JavaThread "Build operations Thread 3" [_thread_blocked, id=8968, stack(0x000000c214900000,0x000000c214a00000)]
  0x0000028d3184f000 JavaThread "Build operations Thread 4" [_thread_blocked, id=3336, stack(0x000000c214a00000,0x000000c214b00000)]
  0x0000028d31850000 JavaThread "Build operations Thread 5" [_thread_blocked, id=17472, stack(0x000000c214b00000,0x000000c214c00000)]
  0x0000028d31850800 JavaThread "Build operations Thread 6" [_thread_blocked, id=15128, stack(0x000000c214c00000,0x000000c214d00000)]
  0x0000028d2e192800 JavaThread "Build operations Thread 7" [_thread_blocked, id=16584, stack(0x000000c215000000,0x000000c215100000)]
  0x0000028d2e18d000 JavaThread "Build operations Thread 8" [_thread_blocked, id=10748, stack(0x000000c215100000,0x000000c215200000)]
  0x0000028d2e190000 JavaThread "build event listener" [_thread_blocked, id=10936, stack(0x000000c215200000,0x000000c215300000)]
  0x0000028d2e193800 JavaThread "Execution worker for ':'" [_thread_blocked, id=12972, stack(0x000000c215300000,0x000000c215400000)]
  0x0000028d2e191000 JavaThread "Execution worker for ':' Thread 2" [_thread_blocked, id=15396, stack(0x000000c215400000,0x000000c215500000)]
  0x0000028d2e191800 JavaThread "Execution worker for ':' Thread 3" [_thread_in_vm, id=7820, stack(0x000000c215500000,0x000000c215600000)]
  0x0000028d2e18d800 JavaThread "Execution worker for ':' Thread 4" [_thread_blocked, id=15180, stack(0x000000c215600000,0x000000c215700000)]
  0x0000028d2e18e800 JavaThread "Execution worker for ':' Thread 5" [_thread_blocked, id=17032, stack(0x000000c215700000,0x000000c215800000)]
  0x0000028d2e195800 JavaThread "Execution worker for ':' Thread 6" [_thread_blocked, id=15104, stack(0x000000c215800000,0x000000c215900000)]
  0x0000028d2e195000 JavaThread "Execution worker for ':' Thread 7" [_thread_blocked, id=18424, stack(0x000000c215900000,0x000000c215a00000)]
  0x0000028d2e196800 JavaThread "Cache worker for execution history cache (D:\MayChat\.gradle\7.0.2\executionHistory)" [_thread_blocked, id=1836, stack(0x000000c215a00000,0x000000c215b00000)]
  0x0000028d2e197800 JavaThread "WorkerExecutor Queue" [_thread_blocked, id=17460, stack(0x000000c215b00000,0x000000c215c00000)]
  0x0000028d2e198000 JavaThread "WorkerExecutor Queue Thread 2" [_thread_in_native, id=17020, stack(0x000000c210800000,0x000000c210900000)]
  0x0000028d2e19a800 JavaThread "WorkerExecutor Queue Thread 3" [_thread_in_Java, id=18232, stack(0x000000c213c00000,0x000000c213d00000)]
  0x0000028d2c8a4800 JavaThread "WorkerExecutor Queue Thread 4" [_thread_in_native, id=11184, stack(0x000000c213f00000,0x000000c214000000)]
  0x0000028d2c89f800 JavaThread "pool-6-thread-1" [_thread_blocked, id=14400, stack(0x000000c215c00000,0x000000c215d00000)]
  0x0000028d2c8aa000 JavaThread "stderr" [_thread_in_native, id=16576, stack(0x000000c215d00000,0x000000c215e00000)]
  0x0000028d2c8ab000 JavaThread "stdout" [_thread_in_native, id=8048, stack(0x000000c215e00000,0x000000c215f00000)]
  0x0000028d2e19a000 JavaThread "Cache worker for Java compile cache (C:\Users\Ana\.gradle\caches\7.0.2\javaCompile)" [_thread_blocked, id=14572, stack(0x000000c215f00000,0x000000c216000000)]
  0x0000028d2c415800 JavaThread "Cache worker for Java compile cache (D:\MayChat\.gradle\7.0.2\javaCompile)" [_thread_blocked, id=13004, stack(0x000000c216000000,0x000000c216100000)]
  0x0000028d38baa800 JavaThread "WorkerExecutor Queue Thread 5" [_thread_blocked, id=4544, stack(0x000000c210a00000,0x000000c210b00000)]
  0x0000028d38bb0000 JavaThread "WorkerExecutor Queue Thread 6" [_thread_blocked, id=10520, stack(0x000000c216100000,0x000000c216200000)]
  0x0000028d38bae800 JavaThread "WorkerExecutor Queue Thread 7" [_thread_blocked, id=14156, stack(0x000000c216200000,0x000000c216300000)]
  0x0000028d38bb1800 JavaThread "WorkerExecutor Queue Thread 8" [_thread_blocked, id=17760, stack(0x000000c216300000,0x000000c216400000)]
  0x0000028d38bad800 JavaThread "C2 CompilerThread1" daemon [_thread_in_native, id=6992, stack(0x000000c210900000,0x000000c210a00000)]
  0x0000028d38bab000 JavaThread "C2 CompilerThread2" daemon [_thread_blocked, id=17920, stack(0x000000c216400000,0x000000c216500000)]

Other Threads:
  0x0000028d29c17000 VMThread "VM Thread" [stack: 0x000000c211100000,0x000000c211200000] [id=18392]
  0x0000028d2a67b800 WatcherThread [stack: 0x000000c211b00000,0x000000c211c00000] [id=17048]
  0x0000028d0f789000 GCTaskThread "GC Thread#0" [stack: 0x000000c210c00000,0x000000c210d00000] [id=11632]
  0x0000028d2b303800 GCTaskThread "GC Thread#1" [stack: 0x000000c211d00000,0x000000c211e00000] [id=13532]
  0x0000028d2b2bb000 GCTaskThread "GC Thread#2" [stack: 0x000000c211e00000,0x000000c211f00000] [id=15624]
  0x0000028d2b1f4800 GCTaskThread "GC Thread#3" [stack: 0x000000c211f00000,0x000000c212000000] [id=10480]
  0x0000028d2b1f5000 GCTaskThread "GC Thread#4" [stack: 0x000000c212000000,0x000000c212100000] [id=14700]
  0x0000028d2b211000 GCTaskThread "GC Thread#5" [stack: 0x000000c212100000,0x000000c212200000] [id=6752]
  0x0000028d2b6fc000 GCTaskThread "GC Thread#6" [stack: 0x000000c212e00000,0x000000c212f00000] [id=6424]
  0x0000028d2bcd6800 GCTaskThread "GC Thread#7" [stack: 0x000000c212f00000,0x000000c213000000] [id=4424]
  0x0000028d0f7ba000 ConcurrentGCThread "G1 Main Marker" [stack: 0x000000c210d00000,0x000000c210e00000] [id=10052]
  0x0000028d0f7bb000 ConcurrentGCThread "G1 Conc#0" [stack: 0x000000c210e00000,0x000000c210f00000] [id=18012]
  0x0000028d2ce7b000 ConcurrentGCThread "G1 Conc#1" [stack: 0x000000c213000000,0x000000c213100000] [id=1232]
  0x0000028d29a9c800 ConcurrentGCThread "G1 Refine#0" [stack: 0x000000c210f00000,0x000000c211000000] [id=17120]
  0x0000028d31b92800 ConcurrentGCThread "G1 Refine#1" [stack: 0x000000c214d00000,0x000000c214e00000] [id=840]
  0x0000028d31b93800 ConcurrentGCThread "G1 Refine#2" [stack: 0x000000c214e00000,0x000000c214f00000] [id=4996]
  0x0000028d29a9d800 ConcurrentGCThread "G1 Young RemSet Sampling" [stack: 0x000000c211000000,0x000000c211100000] [id=17468]

Threads with active compile tasks:
C2 CompilerThread0  87736 22896       4       org.gradle.internal.instantiation.generator.AbstractClassGenerator::inspectType (560 bytes)
C1 CompilerThread0  87736 22923       3       java.io.FileInputStream::<init> (122 bytes)
C2 CompilerThread1  87736 22902       4       sun.reflect.generics.parser.SignatureParser::parseTypeSignature (130 bytes)

VM state:not at safepoint (normal execution)

VM Mutex/Monitor currently owned by a thread: None

Heap address: 0x0000000080000000, size: 2048 MB, Compressed Oops mode: 32-bit
Narrow klass base: 0x0000000000000000, Narrow klass shift: 3
Compressed class space size: 1073741824 Address: 0x0000000100000000

Heap:
 garbage-first heap   total 260096K, used 180897K [0x0000000080000000, 0x0000000100000000)
  region size 1024K, 18 young (18432K), 4 survivors (4096K)
 Metaspace       used 132535K, capacity 136864K, committed 137164K, reserved 1167360K
  class space    used 16752K, capacity 18321K, committed 18380K, reserved 1048576K
Heap Regions: E=young(eden), S=young(survivor), O=old, HS=humongous(starts), HC=humongous(continues), CS=collection set, F=free, A=archive, TAMS=top-at-mark-start (previous, next)
|   0|0x0000000080000000, 0x0000000080100000, 0x0000000080100000|100%| O|  |TAMS 0x0000000080100000, 0x0000000080000000| Untracked 
|   1|0x0000000080100000, 0x0000000080200000, 0x0000000080200000|100%| O|  |TAMS 0x0000000080200000, 0x0000000080100000| Untracked 
|   2|0x0000000080200000, 0x0000000080300000, 0x0000000080300000|100%| O|  |TAMS 0x0000000080300000, 0x0000000080200000| Untracked 
|   3|0x0000000080300000, 0x0000000080400000, 0x0000000080400000|100%|HS|  |TAMS 0x0000000080400000, 0x0000000080300000| Complete 
|   4|0x0000000080400000, 0x0000000080500000, 0x0000000080500000|100%|HC|  |TAMS 0x0000000080500000, 0x0000000080400000| Complete 
|   5|0x0000000080500000, 0x0000000080600000, 0x0000000080600000|100%|HC|  |TAMS 0x0000000080600000, 0x0000000080500000| Complete 
|   6|0x0000000080600000, 0x0000000080700000, 0x0000000080700000|100%| O|  |TAMS 0x0000000080700000, 0x0000000080600000| Untracked 
|   7|0x0000000080700000, 0x0000000080800000, 0x0000000080800000|100%| O|  |TAMS 0x0000000080800000, 0x0000000080700000| Untracked 
|   8|0x0000000080800000, 0x0000000080900000, 0x0000000080900000|100%| O|  |TAMS 0x0000000080900000, 0x0000000080800000| Untracked 
|   9|0x0000000080900000, 0x0000000080a00000, 0x0000000080a00000|100%| O|  |TAMS 0x0000000080a00000, 0x0000000080900000| Untracked 
|  10|0x0000000080a00000, 0x0000000080b00000, 0x0000000080b00000|100%| O|  |TAMS 0x0000000080b00000, 0x0000000080a00000| Untracked 
|  11|0x0000000080b00000, 0x0000000080c00000, 0x0000000080c00000|100%| O|  |TAMS 0x0000000080c00000, 0x0000000080b00000| Untracked 
|  12|0x0000000080c00000, 0x0000000080d00000, 0x0000000080d00000|100%| O|  |TAMS 0x0000000080d00000, 0x0000000080c00000| Untracked 
|  13|0x0000000080d00000, 0x0000000080e00000, 0x0000000080e00000|100%| O|  |TAMS 0x0000000080e00000, 0x0000000080d00000| Untracked 
|  14|0x0000000080e00000, 0x0000000080f00000, 0x0000000080f00000|100%| O|  |TAMS 0x0000000080f00000, 0x0000000080e00000| Untracked 
|  15|0x0000000080f00000, 0x0000000081000000, 0x0000000081000000|100%| O|  |TAMS 0x0000000081000000, 0x0000000080f00000| Untracked 
|  16|0x0000000081000000, 0x0000000081100000, 0x0000000081100000|100%|HS|  |TAMS 0x0000000081100000, 0x0000000081000000| Complete 
|  17|0x0000000081100000, 0x0000000081200000, 0x0000000081200000|100%|HC|  |TAMS 0x0000000081200000, 0x0000000081100000| Complete 
|  18|0x0000000081200000, 0x0000000081300000, 0x0000000081300000|100%|HS|  |TAMS 0x0000000081300000, 0x0000000081200000| Complete 
|  19|0x0000000081300000, 0x0000000081400000, 0x0000000081400000|100%|HC|  |TAMS 0x0000000081400000, 0x0000000081300000| Complete 
|  20|0x0000000081400000, 0x0000000081500000, 0x0000000081500000|100%|HC|  |TAMS 0x0000000081500000, 0x0000000081400000| Complete 
|  21|0x0000000081500000, 0x0000000081600000, 0x0000000081600000|100%|HS|  |TAMS 0x0000000081600000, 0x0000000081500000| Complete 
|  22|0x0000000081600000, 0x0000000081700000, 0x0000000081700000|100%|HC|  |TAMS 0x0000000081700000, 0x0000000081600000| Complete 
|  23|0x0000000081700000, 0x0000000081800000, 0x0000000081800000|100%|HC|  |TAMS 0x0000000081800000, 0x0000000081700000| Complete 
|  24|0x0000000081800000, 0x0000000081900000, 0x0000000081900000|100%|HC|  |TAMS 0x0000000081900000, 0x0000000081800000| Complete 
|  25|0x0000000081900000, 0x0000000081a00000, 0x0000000081a00000|100%|HC|  |TAMS 0x0000000081a00000, 0x0000000081900000| Complete 
|  26|0x0000000081a00000, 0x0000000081b00000, 0x0000000081b00000|100%|HS|  |TAMS 0x0000000081b00000, 0x0000000081a00000| Complete 
|  27|0x0000000081b00000, 0x0000000081c00000, 0x0000000081c00000|100%|HS|  |TAMS 0x0000000081c00000, 0x0000000081b00000| Complete 
|  28|0x0000000081c00000, 0x0000000081d00000, 0x0000000081d00000|100%| O|  |TAMS 0x0000000081d00000, 0x0000000081c00000| Untracked 
|  29|0x0000000081d00000, 0x0000000081e00000, 0x0000000081e00000|100%|HS|  |TAMS 0x0000000081e00000, 0x0000000081d00000| Complete 
|  30|0x0000000081e00000, 0x0000000081f00000, 0x0000000081f00000|100%|HC|  |TAMS 0x0000000081f00000, 0x0000000081e00000| Complete 
|  31|0x0000000081f00000, 0x0000000082000000, 0x0000000082000000|100%|HC|  |TAMS 0x0000000082000000, 0x0000000081f00000| Complete 
|  32|0x0000000082000000, 0x0000000082100000, 0x0000000082100000|100%|HC|  |TAMS 0x0000000082100000, 0x0000000082000000| Complete 
|  33|0x0000000082100000, 0x0000000082200000, 0x0000000082200000|100%|HC|  |TAMS 0x0000000082200000, 0x0000000082100000| Complete 
|  34|0x0000000082200000, 0x0000000082300000, 0x0000000082300000|100%|HS|  |TAMS 0x0000000082300000, 0x0000000082200000| Complete 
|  35|0x0000000082300000, 0x0000000082400000, 0x0000000082400000|100%|HC|  |TAMS 0x0000000082400000, 0x0000000082300000| Complete 
|  36|0x0000000082400000, 0x0000000082500000, 0x0000000082500000|100%|HC|  |TAMS 0x0000000082500000, 0x0000000082400000| Complete 
|  37|0x0000000082500000, 0x0000000082600000, 0x0000000082600000|100%| O|  |TAMS 0x0000000082600000, 0x0000000082500000| Untracked 
|  38|0x0000000082600000, 0x0000000082700000, 0x0000000082700000|100%| O|  |TAMS 0x0000000082700000, 0x0000000082600000| Untracked 
|  39|0x0000000082700000, 0x0000000082800000, 0x0000000082800000|100%|HS|  |TAMS 0x0000000082800000, 0x0000000082700000| Complete 
|  40|0x0000000082800000, 0x0000000082900000, 0x0000000082900000|100%|HC|  |TAMS 0x0000000082900000, 0x0000000082800000| Complete 
|  41|0x0000000082900000, 0x0000000082a00000, 0x0000000082a00000|100%| O|  |TAMS 0x0000000082a00000, 0x0000000082900000| Untracked 
|  42|0x0000000082a00000, 0x0000000082b00000, 0x0000000082b00000|100%| O|  |TAMS 0x0000000082b00000, 0x0000000082a00000| Untracked 
|  43|0x0000000082b00000, 0x0000000082c00000, 0x0000000082c00000|100%| O|  |TAMS 0x0000000082c00000, 0x0000000082b00000| Untracked 
|  44|0x0000000082c00000, 0x0000000082d00000, 0x0000000082d00000|100%| O|  |TAMS 0x0000000082d00000, 0x0000000082c00000| Untracked 
|  45|0x0000000082d00000, 0x0000000082e00000, 0x0000000082e00000|100%| O|  |TAMS 0x0000000082e00000, 0x0000000082d00000| Untracked 
|  46|0x0000000082e00000, 0x0000000082f00000, 0x0000000082f00000|100%| O|  |TAMS 0x0000000082f00000, 0x0000000082e00000| Untracked 
|  47|0x0000000082f00000, 0x0000000083000000, 0x0000000083000000|100%| O|  |TAMS 0x0000000083000000, 0x0000000082f00000| Untracked 
|  48|0x0000000083000000, 0x0000000083100000, 0x0000000083100000|100%| O|  |TAMS 0x0000000083100000, 0x0000000083000000| Untracked 
|  49|0x0000000083100000, 0x0000000083200000, 0x0000000083200000|100%| O|  |TAMS 0x0000000083200000, 0x0000000083100000| Untracked 
|  50|0x0000000083200000, 0x0000000083300000, 0x0000000083300000|100%| O|  |TAMS 0x0000000083300000, 0x0000000083200000| Untracked 
|  51|0x0000000083300000, 0x0000000083400000, 0x0000000083400000|100%| O|  |TAMS 0x0000000083400000, 0x0000000083300000| Untracked 
|  52|0x0000000083400000, 0x0000000083500000, 0x0000000083500000|100%| O|  |TAMS 0x0000000083500000, 0x0000000083400000| Untracked 
|  53|0x0000000083500000, 0x0000000083600000, 0x0000000083600000|100%| O|  |TAMS 0x0000000083600000, 0x0000000083500000| Untracked 
|  54|0x0000000083600000, 0x0000000083700000, 0x0000000083700000|100%| O|  |TAMS 0x0000000083700000, 0x0000000083600000| Untracked 
|  55|0x0000000083700000, 0x0000000083800000, 0x0000000083800000|100%| O|  |TAMS 0x0000000083800000, 0x0000000083700000| Untracked 
|  56|0x0000000083800000, 0x0000000083900000, 0x0000000083900000|100%| O|  |TAMS 0x0000000083900000, 0x0000000083800000| Untracked 
|  57|0x0000000083900000, 0x0000000083a00000, 0x0000000083a00000|100%| O|  |TAMS 0x0000000083a00000, 0x0000000083900000| Untracked 
|  58|0x0000000083a00000, 0x0000000083b00000, 0x0000000083b00000|100%| O|  |TAMS 0x0000000083b00000, 0x0000000083a00000| Untracked 
|  59|0x0000000083b00000, 0x0000000083c00000, 0x0000000083c00000|100%| O|  |TAMS 0x0000000083c00000, 0x0000000083b00000| Untracked 
|  60|0x0000000083c00000, 0x0000000083d00000, 0x0000000083d00000|100%| O|  |TAMS 0x0000000083d00000, 0x0000000083c00000| Untracked 
|  61|0x0000000083d00000, 0x0000000083e00000, 0x0000000083e00000|100%| O|  |TAMS 0x0000000083e00000, 0x0000000083d00000| Untracked 
|  62|0x0000000083e00000, 0x0000000083f00000, 0x0000000083f00000|100%| O|  |TAMS 0x0000000083f00000, 0x0000000083e00000| Untracked 
|  63|0x0000000083f00000, 0x0000000084000000, 0x0000000084000000|100%| O|  |TAMS 0x0000000084000000, 0x0000000083f00000| Untracked 
|  64|0x0000000084000000, 0x0000000084100000, 0x0000000084100000|100%| O|  |TAMS 0x0000000084100000, 0x0000000084000000| Untracked 
|  65|0x0000000084100000, 0x0000000084200000, 0x0000000084200000|100%| O|  |TAMS 0x0000000084200000, 0x0000000084100000| Untracked 
|  66|0x0000000084200000, 0x0000000084300000, 0x0000000084300000|100%| O|  |TAMS 0x0000000084300000, 0x0000000084200000| Untracked 
|  67|0x0000000084300000, 0x0000000084400000, 0x0000000084400000|100%| O|  |TAMS 0x0000000084400000, 0x0000000084300000| Untracked 
|  68|0x0000000084400000, 0x0000000084500000, 0x0000000084500000|100%| O|  |TAMS 0x0000000084500000, 0x0000000084400000| Untracked 
|  69|0x0000000084500000, 0x0000000084600000, 0x0000000084600000|100%| O|  |TAMS 0x0000000084600000, 0x0000000084500000| Untracked 
|  70|0x0000000084600000, 0x0000000084700000, 0x0000000084700000|100%| O|  |TAMS 0x0000000084700000, 0x0000000084600000| Untracked 
|  71|0x0000000084700000, 0x0000000084800000, 0x0000000084800000|100%| O|  |TAMS 0x0000000084800000, 0x0000000084700000| Untracked 
|  72|0x0000000084800000, 0x0000000084900000, 0x0000000084900000|100%| O|  |TAMS 0x0000000084900000, 0x0000000084800000| Untracked 
|  73|0x0000000084900000, 0x0000000084a00000, 0x0000000084a00000|100%| O|  |TAMS 0x0000000084a00000, 0x0000000084900000| Untracked 
|  74|0x0000000084a00000, 0x0000000084b00000, 0x0000000084b00000|100%| O|  |TAMS 0x0000000084b00000, 0x0000000084a00000| Untracked 
|  75|0x0000000084b00000, 0x0000000084c00000, 0x0000000084c00000|100%| O|  |TAMS 0x0000000084c00000, 0x0000000084b00000| Untracked 
|  76|0x0000000084c00000, 0x0000000084d00000, 0x0000000084d00000|100%| O|  |TAMS 0x0000000084d00000, 0x0000000084c00000| Untracked 
|  77|0x0000000084d00000, 0x0000000084e00000, 0x0000000084e00000|100%| O|  |TAMS 0x0000000084e00000, 0x0000000084d00000| Untracked 
|  78|0x0000000084e00000, 0x0000000084f00000, 0x0000000084f00000|100%| O|  |TAMS 0x0000000084f00000, 0x0000000084e00000| Untracked 
|  79|0x0000000084f00000, 0x0000000085000000, 0x0000000085000000|100%| O|  |TAMS 0x0000000085000000, 0x0000000084f00000| Untracked 
|  80|0x0000000085000000, 0x0000000085100000, 0x0000000085100000|100%| O|  |TAMS 0x0000000085100000, 0x0000000085000000| Untracked 
|  81|0x0000000085100000, 0x0000000085200000, 0x0000000085200000|100%| O|  |TAMS 0x0000000085200000, 0x0000000085100000| Untracked 
|  82|0x0000000085200000, 0x0000000085300000, 0x0000000085300000|100%| O|  |TAMS 0x0000000085300000, 0x0000000085200000| Untracked 
|  83|0x0000000085300000, 0x0000000085400000, 0x0000000085400000|100%| O|  |TAMS 0x0000000085400000, 0x0000000085300000| Untracked 
|  84|0x0000000085400000, 0x0000000085500000, 0x0000000085500000|100%| O|  |TAMS 0x0000000085500000, 0x0000000085400000| Untracked 
|  85|0x0000000085500000, 0x0000000085600000, 0x0000000085600000|100%| O|  |TAMS 0x0000000085600000, 0x0000000085500000| Untracked 
|  86|0x0000000085600000, 0x0000000085700000, 0x0000000085700000|100%| O|  |TAMS 0x0000000085700000, 0x0000000085600000| Untracked 
|  87|0x0000000085700000, 0x0000000085800000, 0x0000000085800000|100%| O|  |TAMS 0x0000000085800000, 0x0000000085700000| Untracked 
|  88|0x0000000085800000, 0x0000000085900000, 0x0000000085900000|100%| O|  |TAMS 0x0000000085900000, 0x0000000085800000| Untracked 
|  89|0x0000000085900000, 0x0000000085a00000, 0x0000000085a00000|100%| O|  |TAMS 0x0000000085a00000, 0x0000000085900000| Untracked 
|  90|0x0000000085a00000, 0x0000000085b00000, 0x0000000085b00000|100%| O|  |TAMS 0x0000000085b00000, 0x0000000085a00000| Untracked 
|  91|0x0000000085b00000, 0x0000000085c00000, 0x0000000085c00000|100%| O|  |TAMS 0x0000000085c00000, 0x0000000085b00000| Untracked 
|  92|0x0000000085c00000, 0x0000000085d00000, 0x0000000085d00000|100%| O|  |TAMS 0x0000000085d00000, 0x0000000085c00000| Untracked 
|  93|0x0000000085d00000, 0x0000000085e00000, 0x0000000085e00000|100%| O|  |TAMS 0x0000000085e00000, 0x0000000085d00000| Untracked 
|  94|0x0000000085e00000, 0x0000000085f00000, 0x0000000085f00000|100%| O|  |TAMS 0x0000000085f00000, 0x0000000085e00000| Untracked 
|  95|0x0000000085f00000, 0x0000000086000000, 0x0000000086000000|100%| O|  |TAMS 0x0000000086000000, 0x0000000085f00000| Untracked 
|  96|0x0000000086000000, 0x0000000086100000, 0x0000000086100000|100%| O|  |TAMS 0x0000000086000000, 0x0000000086000000| Untracked 
|  97|0x0000000086100000, 0x0000000086200000, 0x0000000086200000|100%| O|  |TAMS 0x0000000086200000, 0x0000000086100000| Untracked 
|  98|0x0000000086200000, 0x0000000086300000, 0x0000000086300000|100%| O|  |TAMS 0x0000000086300000, 0x0000000086200000| Untracked 
|  99|0x0000000086300000, 0x0000000086400000, 0x0000000086400000|100%| O|  |TAMS 0x0000000086400000, 0x0000000086300000| Untracked 
| 100|0x0000000086400000, 0x0000000086500000, 0x0000000086500000|100%| O|  |TAMS 0x0000000086400000, 0x0000000086400000| Untracked 
| 101|0x0000000086500000, 0x0000000086600000, 0x0000000086600000|100%| O|  |TAMS 0x0000000086600000, 0x0000000086500000| Untracked 
| 102|0x0000000086600000, 0x0000000086700000, 0x0000000086700000|100%| O|  |TAMS 0x0000000086700000, 0x0000000086600000| Untracked 
| 103|0x0000000086700000, 0x0000000086800000, 0x0000000086800000|100%| O|  |TAMS 0x0000000086800000, 0x0000000086700000| Untracked 
| 104|0x0000000086800000, 0x0000000086900000, 0x0000000086900000|100%| O|  |TAMS 0x0000000086900000, 0x0000000086800000| Untracked 
| 105|0x0000000086900000, 0x0000000086a00000, 0x0000000086a00000|100%| O|  |TAMS 0x0000000086a00000, 0x0000000086900000| Untracked 
| 106|0x0000000086a00000, 0x0000000086b00000, 0x0000000086b00000|100%| O|  |TAMS 0x0000000086b00000, 0x0000000086a00000| Untracked 
| 107|0x0000000086b00000, 0x0000000086c00000, 0x0000000086c00000|100%| O|  |TAMS 0x0000000086c00000, 0x0000000086b00000| Untracked 
| 108|0x0000000086c00000, 0x0000000086d00000, 0x0000000086d00000|100%| O|  |TAMS 0x0000000086d00000, 0x0000000086c00000| Untracked 
| 109|0x0000000086d00000, 0x0000000086e00000, 0x0000000086e00000|100%| O|  |TAMS 0x0000000086d00000, 0x0000000086d00000| Untracked 
| 110|0x0000000086e00000, 0x0000000086f00000, 0x0000000086f00000|100%| O|  |TAMS 0x0000000086f00000, 0x0000000086e00000| Untracked 
| 111|0x0000000086f00000, 0x0000000087000000, 0x0000000087000000|100%| O|  |TAMS 0x0000000087000000, 0x0000000086f00000| Untracked 
| 112|0x0000000087000000, 0x0000000087100000, 0x0000000087100000|100%|HS|  |TAMS 0x0000000087000000, 0x0000000087000000| Complete 
| 113|0x0000000087100000, 0x0000000087200000, 0x0000000087200000|100%|HC|  |TAMS 0x0000000087100000, 0x0000000087100000| Complete 
| 114|0x0000000087200000, 0x0000000087300000, 0x0000000087300000|100%| O|  |TAMS 0x0000000087200000, 0x0000000087200000| Untracked 
| 115|0x0000000087300000, 0x0000000087400000, 0x0000000087400000|100%| O|  |TAMS 0x0000000087300000, 0x0000000087300000| Untracked 
| 116|0x0000000087400000, 0x0000000087500000, 0x0000000087500000|100%| O|  |TAMS 0x0000000087400000, 0x0000000087400000| Untracked 
| 117|0x0000000087500000, 0x0000000087600000, 0x0000000087600000|100%| O|  |TAMS 0x0000000087500000, 0x0000000087500000| Untracked 
| 118|0x0000000087600000, 0x0000000087700000, 0x0000000087700000|100%| O|  |TAMS 0x0000000087600000, 0x0000000087600000| Untracked 
| 119|0x0000000087700000, 0x0000000087800000, 0x0000000087800000|100%| O|  |TAMS 0x0000000087800000, 0x0000000087700000| Untracked 
| 120|0x0000000087800000, 0x0000000087900000, 0x0000000087900000|100%| O|  |TAMS 0x0000000087900000, 0x0000000087800000| Untracked 
| 121|0x0000000087900000, 0x0000000087a00000, 0x0000000087a00000|100%| O|  |TAMS 0x0000000087a00000, 0x0000000087900000| Untracked 
| 122|0x0000000087a00000, 0x0000000087b00000, 0x0000000087b00000|100%| O|  |TAMS 0x0000000087b00000, 0x0000000087a00000| Untracked 
| 123|0x0000000087b00000, 0x0000000087c00000, 0x0000000087c00000|100%| O|  |TAMS 0x0000000087c00000, 0x0000000087b00000| Untracked 
| 124|0x0000000087c00000, 0x0000000087d00000, 0x0000000087d00000|100%| O|  |TAMS 0x0000000087d00000, 0x0000000087c00000| Untracked 
| 125|0x0000000087d00000, 0x0000000087e00000, 0x0000000087e00000|100%| O|  |TAMS 0x0000000087e00000, 0x0000000087d00000| Untracked 
| 126|0x0000000087e00000, 0x0000000087f00000, 0x0000000087f00000|100%| O|  |TAMS 0x0000000087f00000, 0x0000000087e00000| Untracked 
| 127|0x0000000087f00000, 0x0000000088000000, 0x0000000088000000|100%| O|  |TAMS 0x0000000088000000, 0x0000000087f00000| Untracked 
| 128|0x0000000088000000, 0x0000000088100000, 0x0000000088100000|100%| O|  |TAMS 0x0000000088100000, 0x0000000088000000| Untracked 
| 129|0x0000000088100000, 0x0000000088200000, 0x0000000088200000|100%| O|  |TAMS 0x0000000088200000, 0x0000000088100000| Untracked 
| 130|0x0000000088200000, 0x0000000088300000, 0x0000000088300000|100%| O|  |TAMS 0x0000000088300000, 0x0000000088200000| Untracked 
| 131|0x0000000088300000, 0x0000000088400000, 0x0000000088400000|100%| O|  |TAMS 0x0000000088400000, 0x0000000088300000| Untracked 
| 132|0x0000000088400000, 0x0000000088500000, 0x0000000088500000|100%| O|  |TAMS 0x0000000088500000, 0x0000000088400000| Untracked 
| 133|0x0000000088500000, 0x0000000088600000, 0x0000000088600000|100%| O|  |TAMS 0x0000000088600000, 0x0000000088500000| Untracked 
| 134|0x0000000088600000, 0x0000000088700000, 0x0000000088700000|100%| O|  |TAMS 0x0000000088700000, 0x0000000088600000| Untracked 
| 135|0x0000000088700000, 0x0000000088800000, 0x0000000088800000|100%| O|  |TAMS 0x0000000088773000, 0x0000000088700000| Untracked 
| 136|0x0000000088800000, 0x0000000088900000, 0x0000000088900000|100%| O|  |TAMS 0x0000000088800000, 0x0000000088800000| Untracked 
| 137|0x0000000088900000, 0x0000000088a00000, 0x0000000088a00000|100%| O|  |TAMS 0x0000000088900000, 0x0000000088900000| Untracked 
| 138|0x0000000088a00000, 0x0000000088b00000, 0x0000000088b00000|100%| O|  |TAMS 0x0000000088a00000, 0x0000000088a00000| Untracked 
| 139|0x0000000088b00000, 0x0000000088c00000, 0x0000000088c00000|100%| O|  |TAMS 0x0000000088b00000, 0x0000000088b00000| Untracked 
| 140|0x0000000088c00000, 0x0000000088d00000, 0x0000000088d00000|100%| O|  |TAMS 0x0000000088c00000, 0x0000000088c00000| Untracked 
| 141|0x0000000088d00000, 0x0000000088e00000, 0x0000000088e00000|100%| O|  |TAMS 0x0000000088d00000, 0x0000000088d00000| Untracked 
| 142|0x0000000088e00000, 0x0000000088f00000, 0x0000000088f00000|100%| O|  |TAMS 0x0000000088e00000, 0x0000000088e00000| Untracked 
| 143|0x0000000088f00000, 0x0000000089000000, 0x0000000089000000|100%| O|  |TAMS 0x0000000088f00000, 0x0000000088f00000| Untracked 
| 144|0x0000000089000000, 0x0000000089100000, 0x0000000089100000|100%| O|  |TAMS 0x0000000089000000, 0x0000000089000000| Untracked 
| 145|0x0000000089100000, 0x0000000089200000, 0x0000000089200000|100%| O|  |TAMS 0x0000000089100000, 0x0000000089100000| Untracked 
| 146|0x0000000089200000, 0x0000000089300000, 0x0000000089300000|100%| O|  |TAMS 0x0000000089200000, 0x0000000089200000| Untracked 
| 147|0x0000000089300000, 0x0000000089400000, 0x0000000089400000|100%| O|  |TAMS 0x0000000089300000, 0x0000000089300000| Untracked 
| 148|0x0000000089400000, 0x0000000089500000, 0x0000000089500000|100%| O|  |TAMS 0x0000000089400000, 0x0000000089400000| Untracked 
| 149|0x0000000089500000, 0x0000000089600000, 0x0000000089600000|100%| O|  |TAMS 0x0000000089500000, 0x0000000089500000| Untracked 
| 150|0x0000000089600000, 0x0000000089700000, 0x0000000089700000|100%| O|  |TAMS 0x0000000089600000, 0x0000000089600000| Untracked 
| 151|0x0000000089700000, 0x0000000089800000, 0x0000000089800000|100%|HS|  |TAMS 0x0000000089700000, 0x0000000089700000| Complete 
| 152|0x0000000089800000, 0x0000000089900000, 0x0000000089900000|100%| O|  |TAMS 0x0000000089800000, 0x0000000089800000| Untracked 
| 153|0x0000000089900000, 0x0000000089a00000, 0x0000000089a00000|100%| O|  |TAMS 0x0000000089900000, 0x0000000089900000| Untracked 
| 154|0x0000000089a00000, 0x0000000089b00000, 0x0000000089b00000|100%| O|  |TAMS 0x0000000089a00000, 0x0000000089a00000| Untracked 
| 155|0x0000000089b00000, 0x0000000089c00000, 0x0000000089c00000|100%| O|  |TAMS 0x0000000089b00000, 0x0000000089b00000| Untracked 
| 156|0x0000000089c00000, 0x0000000089d00000, 0x0000000089d00000|100%| O|  |TAMS 0x0000000089c00000, 0x0000000089c00000| Untracked 
| 157|0x0000000089d00000, 0x0000000089e00000, 0x0000000089e00000|100%| O|  |TAMS 0x0000000089d00000, 0x0000000089d00000| Untracked 
| 158|0x0000000089e00000, 0x0000000089f00000, 0x0000000089f00000|100%| O|  |TAMS 0x0000000089e00000, 0x0000000089e00000| Untracked 
| 159|0x0000000089f00000, 0x0000000089f31000, 0x000000008a000000| 19%| O|  |TAMS 0x0000000089f00000, 0x0000000089f00000| Untracked 
| 160|0x000000008a000000, 0x000000008a100000, 0x000000008a100000|100%|HS|  |TAMS 0x000000008a000000, 0x000000008a000000| Complete 
| 161|0x000000008a100000, 0x000000008a100000, 0x000000008a200000|  0%| F|  |TAMS 0x000000008a100000, 0x000000008a100000| Untracked 
| 162|0x000000008a200000, 0x000000008a200000, 0x000000008a300000|  0%| F|  |TAMS 0x000000008a200000, 0x000000008a200000| Untracked 
| 163|0x000000008a300000, 0x000000008a300000, 0x000000008a400000|  0%| F|  |TAMS 0x000000008a300000, 0x000000008a300000| Untracked 
| 164|0x000000008a400000, 0x000000008a400000, 0x000000008a500000|  0%| F|  |TAMS 0x000000008a400000, 0x000000008a400000| Untracked 
| 165|0x000000008a500000, 0x000000008a500000, 0x000000008a600000|  0%| F|  |TAMS 0x000000008a500000, 0x000000008a500000| Untracked 
| 166|0x000000008a600000, 0x000000008a600000, 0x000000008a700000|  0%| F|  |TAMS 0x000000008a600000, 0x000000008a600000| Untracked 
| 167|0x000000008a700000, 0x000000008a700000, 0x000000008a800000|  0%| F|  |TAMS 0x000000008a700000, 0x000000008a700000| Untracked 
| 168|0x000000008a800000, 0x000000008a800000, 0x000000008a900000|  0%| F|  |TAMS 0x000000008a800000, 0x000000008a800000| Untracked 
| 169|0x000000008a900000, 0x000000008a900000, 0x000000008aa00000|  0%| F|  |TAMS 0x000000008a900000, 0x000000008a900000| Untracked 
| 170|0x000000008aa00000, 0x000000008aa00000, 0x000000008ab00000|  0%| F|  |TAMS 0x000000008aa00000, 0x000000008aa00000| Untracked 
| 171|0x000000008ab00000, 0x000000008ab00000, 0x000000008ac00000|  0%| F|  |TAMS 0x000000008ab00000, 0x000000008ab00000| Untracked 
| 172|0x000000008ac00000, 0x000000008ac00000, 0x000000008ad00000|  0%| F|  |TAMS 0x000000008ac00000, 0x000000008ac00000| Untracked 
| 173|0x000000008ad00000, 0x000000008ad00000, 0x000000008ae00000|  0%| F|  |TAMS 0x000000008ad00000, 0x000000008ad00000| Untracked 
| 174|0x000000008ae00000, 0x000000008ae00000, 0x000000008af00000|  0%| F|  |TAMS 0x000000008ae00000, 0x000000008ae00000| Untracked 
| 175|0x000000008af00000, 0x000000008af00000, 0x000000008b000000|  0%| F|  |TAMS 0x000000008af00000, 0x000000008af00000| Untracked 
| 176|0x000000008b000000, 0x000000008b000000, 0x000000008b100000|  0%| F|  |TAMS 0x000000008b000000, 0x000000008b000000| Untracked 
| 177|0x000000008b100000, 0x000000008b100000, 0x000000008b200000|  0%| F|  |TAMS 0x000000008b100000, 0x000000008b100000| Untracked 
| 178|0x000000008b200000, 0x000000008b200000, 0x000000008b300000|  0%| F|  |TAMS 0x000000008b200000, 0x000000008b200000| Untracked 
| 179|0x000000008b300000, 0x000000008b300000, 0x000000008b400000|  0%| F|  |TAMS 0x000000008b300000, 0x000000008b300000| Untracked 
| 180|0x000000008b400000, 0x000000008b400000, 0x000000008b500000|  0%| F|  |TAMS 0x000000008b400000, 0x000000008b400000| Untracked 
| 181|0x000000008b500000, 0x000000008b500000, 0x000000008b600000|  0%| F|  |TAMS 0x000000008b500000, 0x000000008b500000| Untracked 
| 182|0x000000008b600000, 0x000000008b600000, 0x000000008b700000|  0%| F|  |TAMS 0x000000008b600000, 0x000000008b600000| Untracked 
| 183|0x000000008b700000, 0x000000008b700000, 0x000000008b800000|  0%| F|  |TAMS 0x000000008b700000, 0x000000008b700000| Untracked 
| 184|0x000000008b800000, 0x000000008b800000, 0x000000008b900000|  0%| F|  |TAMS 0x000000008b800000, 0x000000008b800000| Untracked 
| 185|0x000000008b900000, 0x000000008b900000, 0x000000008ba00000|  0%| F|  |TAMS 0x000000008b900000, 0x000000008b900000| Untracked 
| 186|0x000000008ba00000, 0x000000008ba00000, 0x000000008bb00000|  0%| F|  |TAMS 0x000000008ba00000, 0x000000008ba00000| Untracked 
| 187|0x000000008bb00000, 0x000000008bb00000, 0x000000008bc00000|  0%| F|  |TAMS 0x000000008bb00000, 0x000000008bb00000| Untracked 
| 188|0x000000008bc00000, 0x000000008bc00000, 0x000000008bd00000|  0%| F|  |TAMS 0x000000008bc00000, 0x000000008bc00000| Untracked 
| 189|0x000000008bd00000, 0x000000008bd00000, 0x000000008be00000|  0%| F|  |TAMS 0x000000008bd00000, 0x000000008bd00000| Untracked 
| 190|0x000000008be00000, 0x000000008be00000, 0x000000008bf00000|  0%| F|  |TAMS 0x000000008be00000, 0x000000008be00000| Untracked 
| 191|0x000000008bf00000, 0x000000008bf00000, 0x000000008c000000|  0%| F|  |TAMS 0x000000008bf00000, 0x000000008bf00000| Untracked 
| 192|0x000000008c000000, 0x000000008c000000, 0x000000008c100000|  0%| F|  |TAMS 0x000000008c000000, 0x000000008c000000| Untracked 
| 193|0x000000008c100000, 0x000000008c100000, 0x000000008c200000|  0%| F|  |TAMS 0x000000008c100000, 0x000000008c100000| Untracked 
| 194|0x000000008c200000, 0x000000008c200000, 0x000000008c300000|  0%| F|  |TAMS 0x000000008c200000, 0x000000008c200000| Untracked 
| 195|0x000000008c300000, 0x000000008c300000, 0x000000008c400000|  0%| F|  |TAMS 0x000000008c300000, 0x000000008c300000| Untracked 
| 196|0x000000008c400000, 0x000000008c400000, 0x000000008c500000|  0%| F|  |TAMS 0x000000008c400000, 0x000000008c400000| Untracked 
| 197|0x000000008c500000, 0x000000008c500000, 0x000000008c600000|  0%| F|  |TAMS 0x000000008c500000, 0x000000008c500000| Untracked 
| 198|0x000000008c600000, 0x000000008c677468, 0x000000008c700000| 46%| S|CS|TAMS 0x000000008c600000, 0x000000008c600000| Complete 
| 199|0x000000008c700000, 0x000000008c800000, 0x000000008c800000|100%| S|CS|TAMS 0x000000008c700000, 0x000000008c700000| Complete 
| 200|0x000000008c800000, 0x000000008c900000, 0x000000008c900000|100%| S|CS|TAMS 0x000000008c800000, 0x000000008c800000| Complete 
| 201|0x000000008c900000, 0x000000008ca00000, 0x000000008ca00000|100%| S|CS|TAMS 0x000000008c900000, 0x000000008c900000| Complete 
| 202|0x000000008ca00000, 0x000000008ca00000, 0x000000008cb00000|  0%| F|  |TAMS 0x000000008ca00000, 0x000000008ca00000| Untracked 
| 203|0x000000008cb00000, 0x000000008cb00000, 0x000000008cc00000|  0%| F|  |TAMS 0x000000008cb00000, 0x000000008cb00000| Untracked 
| 204|0x000000008cc00000, 0x000000008cc00000, 0x000000008cd00000|  0%| F|  |TAMS 0x000000008cc00000, 0x000000008cc00000| Untracked 
| 205|0x000000008cd00000, 0x000000008cd00000, 0x000000008ce00000|  0%| F|  |TAMS 0x000000008cd00000, 0x000000008cd00000| Untracked 
| 206|0x000000008ce00000, 0x000000008ce00000, 0x000000008cf00000|  0%| F|  |TAMS 0x000000008ce00000, 0x000000008ce00000| Untracked 
| 207|0x000000008cf00000, 0x000000008cf00000, 0x000000008d000000|  0%| F|  |TAMS 0x000000008cf00000, 0x000000008cf00000| Untracked 
| 208|0x000000008d000000, 0x000000008d000000, 0x000000008d100000|  0%| F|  |TAMS 0x000000008d000000, 0x000000008d000000| Untracked 
| 209|0x000000008d100000, 0x000000008d100000, 0x000000008d200000|  0%| F|  |TAMS 0x000000008d100000, 0x000000008d100000| Untracked 
| 210|0x000000008d200000, 0x000000008d200000, 0x000000008d300000|  0%| F|  |TAMS 0x000000008d200000, 0x000000008d200000| Untracked 
| 211|0x000000008d300000, 0x000000008d300000, 0x000000008d400000|  0%| F|  |TAMS 0x000000008d300000, 0x000000008d300000| Untracked 
| 212|0x000000008d400000, 0x000000008d400000, 0x000000008d500000|  0%| F|  |TAMS 0x000000008d400000, 0x000000008d400000| Untracked 
| 213|0x000000008d500000, 0x000000008d500000, 0x000000008d600000|  0%| F|  |TAMS 0x000000008d500000, 0x000000008d500000| Untracked 
| 214|0x000000008d600000, 0x000000008d600000, 0x000000008d700000|  0%| F|  |TAMS 0x000000008d600000, 0x000000008d600000| Untracked 
| 215|0x000000008d700000, 0x000000008d700000, 0x000000008d800000|  0%| F|  |TAMS 0x000000008d700000, 0x000000008d700000| Untracked 
| 216|0x000000008d800000, 0x000000008d800000, 0x000000008d900000|  0%| F|  |TAMS 0x000000008d800000, 0x000000008d800000| Untracked 
| 217|0x000000008d900000, 0x000000008d900000, 0x000000008da00000|  0%| F|  |TAMS 0x000000008d900000, 0x000000008d900000| Untracked 
| 218|0x000000008da00000, 0x000000008da00000, 0x000000008db00000|  0%| F|  |TAMS 0x000000008da00000, 0x000000008da00000| Untracked 
| 219|0x000000008db00000, 0x000000008db00000, 0x000000008dc00000|  0%| F|  |TAMS 0x000000008db00000, 0x000000008db00000| Untracked 
| 220|0x000000008dc00000, 0x000000008dc00000, 0x000000008dd00000|  0%| F|  |TAMS 0x000000008dc00000, 0x000000008dc00000| Untracked 
| 221|0x000000008dd00000, 0x000000008dd00000, 0x000000008de00000|  0%| F|  |TAMS 0x000000008dd00000, 0x000000008dd00000| Untracked 
| 222|0x000000008de00000, 0x000000008de00000, 0x000000008df00000|  0%| F|  |TAMS 0x000000008de00000, 0x000000008de00000| Untracked 
| 223|0x000000008df00000, 0x000000008df00000, 0x000000008e000000|  0%| F|  |TAMS 0x000000008df00000, 0x000000008df00000| Untracked 
| 224|0x000000008e000000, 0x000000008e000000, 0x000000008e100000|  0%| F|  |TAMS 0x000000008e000000, 0x000000008e000000| Untracked 
| 225|0x000000008e100000, 0x000000008e100000, 0x000000008e200000|  0%| F|  |TAMS 0x000000008e100000, 0x000000008e100000| Untracked 
| 226|0x000000008e200000, 0x000000008e200000, 0x000000008e300000|  0%| F|  |TAMS 0x000000008e200000, 0x000000008e200000| Untracked 
| 227|0x000000008e300000, 0x000000008e300000, 0x000000008e400000|  0%| F|  |TAMS 0x000000008e300000, 0x000000008e300000| Untracked 
| 228|0x000000008e400000, 0x000000008e400000, 0x000000008e500000|  0%| F|  |TAMS 0x000000008e400000, 0x000000008e400000| Untracked 
| 229|0x000000008e500000, 0x000000008e500000, 0x000000008e600000|  0%| F|  |TAMS 0x000000008e500000, 0x000000008e500000| Untracked 
| 230|0x000000008e600000, 0x000000008e600000, 0x000000008e700000|  0%| F|  |TAMS 0x000000008e600000, 0x000000008e600000| Untracked 
| 231|0x000000008e700000, 0x000000008e700000, 0x000000008e800000|  0%| F|  |TAMS 0x000000008e700000, 0x000000008e700000| Untracked 
| 232|0x000000008e800000, 0x000000008e800000, 0x000000008e900000|  0%| F|  |TAMS 0x000000008e800000, 0x000000008e800000| Untracked 
| 233|0x000000008e900000, 0x000000008e900000, 0x000000008ea00000|  0%| F|  |TAMS 0x000000008e900000, 0x000000008e900000| Untracked 
| 234|0x000000008ea00000, 0x000000008ea00000, 0x000000008eb00000|  0%| F|  |TAMS 0x000000008ea00000, 0x000000008ea00000| Untracked 
| 235|0x000000008eb00000, 0x000000008eb00000, 0x000000008ec00000|  0%| F|  |TAMS 0x000000008eb00000, 0x000000008eb00000| Untracked 
| 236|0x000000008ec00000, 0x000000008ec00000, 0x000000008ed00000|  0%| F|  |TAMS 0x000000008ec00000, 0x000000008ec00000| Untracked 
| 237|0x000000008ed00000, 0x000000008ed00000, 0x000000008ee00000|  0%| F|  |TAMS 0x000000008ed00000, 0x000000008ed00000| Untracked 
| 238|0x000000008ee00000, 0x000000008ee00000, 0x000000008ef00000|  0%| F|  |TAMS 0x000000008ee00000, 0x000000008ee00000| Untracked 
| 239|0x000000008ef00000, 0x000000008ef981f0, 0x000000008f000000| 59%| E|  |TAMS 0x000000008ef00000, 0x000000008ef00000| Complete 
| 240|0x000000008f000000, 0x000000008f0f1c68, 0x000000008f100000| 94%| E|  |TAMS 0x000000008f000000, 0x000000008f000000| Complete 
| 241|0x000000008f100000, 0x000000008f200000, 0x000000008f200000|100%| E|CS|TAMS 0x000000008f100000, 0x000000008f100000| Complete 
| 242|0x000000008f200000, 0x000000008f300000, 0x000000008f300000|100%| E|CS|TAMS 0x000000008f200000, 0x000000008f200000| Complete 
| 243|0x000000008f300000, 0x000000008f400000, 0x000000008f400000|100%| E|CS|TAMS 0x000000008f300000, 0x000000008f300000| Complete 
| 244|0x000000008f400000, 0x000000008f500000, 0x000000008f500000|100%| E|CS|TAMS 0x000000008f400000, 0x000000008f400000| Complete 
| 245|0x000000008f500000, 0x000000008f600000, 0x000000008f600000|100%| E|CS|TAMS 0x000000008f500000, 0x000000008f500000| Complete 
| 246|0x000000008f600000, 0x000000008f700000, 0x000000008f700000|100%| E|CS|TAMS 0x000000008f600000, 0x000000008f600000| Complete 
| 247|0x000000008f700000, 0x000000008f800000, 0x000000008f800000|100%| E|CS|TAMS 0x000000008f700000, 0x000000008f700000| Complete 
| 248|0x000000008f800000, 0x000000008f900000, 0x000000008f900000|100%| E|CS|TAMS 0x000000008f800000, 0x000000008f800000| Complete 
| 249|0x000000008f900000, 0x000000008fa00000, 0x000000008fa00000|100%| E|CS|TAMS 0x000000008f900000, 0x000000008f900000| Complete 
| 250|0x000000008fa00000, 0x000000008fb00000, 0x000000008fb00000|100%| E|CS|TAMS 0x000000008fa00000, 0x000000008fa00000| Complete 
| 251|0x000000008fb00000, 0x000000008fc00000, 0x000000008fc00000|100%| E|CS|TAMS 0x000000008fb00000, 0x000000008fb00000| Complete 
| 252|0x000000008fc00000, 0x000000008fd00000, 0x000000008fd00000|100%| E|CS|TAMS 0x000000008fc00000, 0x000000008fc00000| Complete 
| 253|0x000000008fd00000, 0x000000008fe00000, 0x000000008fe00000|100%| E|CS|TAMS 0x000000008fd00000, 0x000000008fd00000| Complete 

Card table byte_map: [0x0000028d229a0000,0x0000028d22da0000] _byte_map_base: 0x0000028d225a0000

Marking Bits (Prev, Next): (CMBitMap*) 0x0000028d0f7b1048, (CMBitMap*) 0x0000028d0f7b1080
 Prev Bits: [0x0000028d231a0000, 0x0000028d251a0000)
 Next Bits: [0x0000028d251a0000, 0x0000028d271a0000)

Polling page: 0x0000028d0d770000

Metaspace:

Usage:
  Non-class:    115.83 MB capacity,   113.09 MB ( 98%) used,     2.28 MB (  2%) free+waste,   471.31 KB ( <1%) overhead. 
      Class:     17.89 MB capacity,    16.36 MB ( 91%) used,     1.32 MB (  7%) free+waste,   214.44 KB (  1%) overhead. 
       Both:    133.72 MB capacity,   129.45 MB ( 97%) used,     3.60 MB (  3%) free+waste,   685.75 KB ( <1%) overhead. 

Virtual space:
  Non-class space:      116.00 MB reserved,     116.00 MB (100%) committed 
      Class space:        1.00 GB reserved,      17.95 MB (  2%) committed 
             Both:        1.11 GB reserved,     133.95 MB ( 12%) committed 

Chunk freelists:
   Non-Class:  39.00 KB
       Class:  10.00 KB
        Both:  49.00 KB

MaxMetaspaceSize: 17179869184.00 GB
CompressedClassSpaceSize: 1.00 GB

CodeHeap 'non-profiled nmethods': size=120000Kb used=17366Kb max_used=17366Kb free=102633Kb
 bounds [0x0000028d1ad30000, 0x0000028d1be30000, 0x0000028d22260000]
CodeHeap 'profiled nmethods': size=120000Kb used=45613Kb max_used=45613Kb free=74386Kb
 bounds [0x0000028d13800000, 0x0000028d164b0000, 0x0000028d1ad30000]
CodeHeap 'non-nmethods': size=5760Kb used=2363Kb max_used=2428Kb free=3396Kb
 bounds [0x0000028d13260000, 0x0000028d134e0000, 0x0000028d13800000]
 total_blobs=21323 nmethods=20338 adapters=895
 compilation: enabled
              stopped_count=0, restarted_count=0
 full_count=0

Compilation events (20 events):
Event: 87.590 Thread 0x0000028d2a4be000 nmethod 22897 0x0000028d16493790 code [0x0000028d16493a20, 0x0000028d16494468]
Event: 87.594 Thread 0x0000028d2a4be000 22898       3       org.gradle.internal.resources.DefaultResourceLockCoordinationService::unlock (9 bytes)
Event: 87.594 Thread 0x0000028d2a4be000 nmethod 22898 0x0000028d16494810 code [0x0000028d164949e0, 0x0000028d16494c38]
Event: 87.594 Thread 0x0000028d2a4be000 22899       3       java.io.ObjectStreamClass::initNonProxy (551 bytes)
Event: 87.595 Thread 0x0000028d38bad800 22900  s    4       java.io.ByteArrayInputStream::read (73 bytes)
Event: 87.597 Thread 0x0000028d2a4be000 nmethod 22899 0x0000028d16494d10 code [0x0000028d16495280, 0x0000028d164981e8]
Event: 87.599 Thread 0x0000028d38bad800 nmethod 22900 0x0000028d1be22690 code [0x0000028d1be22820, 0x0000028d1be22d38]
Event: 87.602 Thread 0x0000028d2a4be000 22901       3       org.gradle.internal.reflect.ClassInspector::superClasses (26 bytes)
Event: 87.602 Thread 0x0000028d38bad800 22902       4       sun.reflect.generics.parser.SignatureParser::parseTypeSignature (130 bytes)
Event: 87.602 Thread 0x0000028d2a4be000 nmethod 22901 0x0000028d16499010 code [0x0000028d16499200, 0x0000028d164994c8]
Event: 87.620 Thread 0x0000028d2a4be000 22903       3       sun.nio.fs.NativeBuffer$Deallocator::<init> (10 bytes)
Event: 87.620 Thread 0x0000028d2a4be000 nmethod 22903 0x0000028d16499690 code [0x0000028d16499840, 0x0000028d16499998]
Event: 87.621 Thread 0x0000028d2a4be000 22905       3       kotlin.text.StringsKt__StringsJVMKt::endsWith (45 bytes)
Event: 87.622 Thread 0x0000028d2a4be000 nmethod 22905 0x0000028d16499a90 code [0x0000028d16499dc0, 0x0000028d1649ae18]
Event: 87.622 Thread 0x0000028d2a4be000 22906       3       java.nio.file.FileTreeIterator::next (49 bytes)
Event: 87.622 Thread 0x0000028d2a4be000 nmethod 22906 0x0000028d1649b490 code [0x0000028d1649b680, 0x0000028d1649baa8]
Event: 87.641 Thread 0x0000028d2a4be000 22907       3       java.util.zip.ZipInputStream::ensureOpen (18 bytes)
Event: 87.641 Thread 0x0000028d2a4be000 nmethod 22907 0x0000028d1649bc90 code [0x0000028d1649be60, 0x0000028d1649c068]
Event: 87.641 Thread 0x0000028d2a4be000 22908       3       java.util.zip.ZipInputStream::read (304 bytes)
Event: 87.643 Thread 0x0000028d2a4be000 nmethod 22908 0x0000028d1649c110 code [0x0000028d1649c4e0, 0x0000028d1649dd78]

GC Heap History (20 events):
Event: 69.854 GC heap before
{Heap before GC invocations=32 (full 0):
 garbage-first heap   total 260096K, used 218312K [0x0000000080000000, 0x0000000100000000)
  region size 1024K, 92 young (94208K), 6 survivors (6144K)
 Metaspace       used 111306K, capacity 114882K, committed 115020K, reserved 1148928K
  class space    used 14123K, capacity 15346K, committed 15436K, reserved 1048576K
}
Event: 69.868 GC heap after
{Heap after GC invocations=33 (full 0):
 garbage-first heap   total 260096K, used 138334K [0x0000000080000000, 0x0000000100000000)
  region size 1024K, 12 young (12288K), 12 survivors (12288K)
 Metaspace       used 111306K, capacity 114882K, committed 115020K, reserved 1148928K
  class space    used 14123K, capacity 15346K, committed 15436K, reserved 1048576K
}
Event: 69.888 GC heap before
{Heap before GC invocations=33 (full 0):
 garbage-first heap   total 260096K, used 139358K [0x0000000080000000, 0x0000000100000000)
  region size 1024K, 13 young (13312K), 12 survivors (12288K)
 Metaspace       used 111306K, capacity 114882K, committed 115020K, reserved 1148928K
  class space    used 14123K, capacity 15346K, committed 15436K, reserved 1048576K
}
Event: 69.900 GC heap after
{Heap after GC invocations=34 (full 0):
 garbage-first heap   total 260096K, used 131273K [0x0000000080000000, 0x0000000100000000)
  region size 1024K, 2 young (2048K), 2 survivors (2048K)
 Metaspace       used 111306K, capacity 114882K, committed 115020K, reserved 1148928K
  class space    used 14123K, capacity 15346K, committed 15436K, reserved 1048576K
}
Event: 71.501 GC heap before
{Heap before GC invocations=34 (full 0):
 garbage-first heap   total 260096K, used 217289K [0x0000000080000000, 0x0000000100000000)
  region size 1024K, 85 young (87040K), 2 survivors (2048K)
 Metaspace       used 111774K, capacity 115219K, committed 115532K, reserved 1148928K
  class space    used 14161K, capacity 15351K, committed 15436K, reserved 1048576K
}
Event: 71.508 GC heap after
{Heap after GC invocations=35 (full 0):
 garbage-first heap   total 260096K, used 133814K [0x0000000080000000, 0x0000000100000000)
  region size 1024K, 3 young (3072K), 3 survivors (3072K)
 Metaspace       used 111774K, capacity 115219K, committed 115532K, reserved 1148928K
  class space    used 14161K, capacity 15351K, committed 15436K, reserved 1048576K
}
Event: 73.178 GC heap before
{Heap before GC invocations=36 (full 0):
 garbage-first heap   total 260096K, used 217782K [0x0000000080000000, 0x0000000100000000)
  region size 1024K, 85 young (87040K), 3 survivors (3072K)
 Metaspace       used 111784K, capacity 115315K, committed 115532K, reserved 1148928K
  class space    used 14163K, capacity 15383K, committed 15436K, reserved 1048576K
}
Event: 73.186 GC heap after
{Heap after GC invocations=37 (full 0):
 garbage-first heap   total 260096K, used 134250K [0x0000000080000000, 0x0000000100000000)
  region size 1024K, 3 young (3072K), 3 survivors (3072K)
 Metaspace       used 111784K, capacity 115315K, committed 115532K, reserved 1148928K
  class space    used 14163K, capacity 15383K, committed 15436K, reserved 1048576K
}
Event: 73.253 GC heap before
{Heap before GC invocations=37 (full 0):
 garbage-first heap   total 260096K, used 143466K [0x0000000080000000, 0x0000000100000000)
  region size 1024K, 12 young (12288K), 3 survivors (3072K)
 Metaspace       used 111788K, capacity 115315K, committed 115532K, reserved 1148928K
  class space    used 14163K, capacity 15383K, committed 15436K, reserved 1048576K
}
Event: 73.258 GC heap after
{Heap after GC invocations=38 (full 0):
 garbage-first heap   total 260096K, used 133549K [0x0000000080000000, 0x0000000100000000)
  region size 1024K, 1 young (1024K), 1 survivors (1024K)
 Metaspace       used 111788K, capacity 115315K, committed 115532K, reserved 1148928K
  class space    used 14163K, capacity 15383K, committed 15436K, reserved 1048576K
}
Event: 74.747 GC heap before
{Heap before GC invocations=38 (full 0):
 garbage-first heap   total 260096K, used 220589K [0x0000000080000000, 0x0000000100000000)
  region size 1024K, 87 young (89088K), 1 survivors (1024K)
 Metaspace       used 117776K, capacity 121387K, committed 121548K, reserved 1155072K
  class space    used 14952K, capacity 16236K, committed 16332K, reserved 1048576K
}
Event: 74.752 GC heap after
{Heap after GC invocations=39 (full 0):
 garbage-first heap   total 260096K, used 133261K [0x0000000080000000, 0x0000000100000000)
  region size 1024K, 3 young (3072K), 3 survivors (3072K)
 Metaspace       used 117776K, capacity 121387K, committed 121548K, reserved 1155072K
  class space    used 14952K, capacity 16236K, committed 16332K, reserved 1048576K
}
Event: 79.274 GC heap before
{Heap before GC invocations=39 (full 0):
 garbage-first heap   total 260096K, used 223373K [0x0000000080000000, 0x0000000100000000)
  region size 1024K, 89 young (91136K), 3 survivors (3072K)
 Metaspace       used 121330K, capacity 125086K, committed 125388K, reserved 1159168K
  class space    used 15220K, capacity 16536K, committed 16588K, reserved 1048576K
}
Event: 79.294 GC heap after
{Heap after GC invocations=40 (full 0):
 garbage-first heap   total 260096K, used 149845K [0x0000000080000000, 0x0000000100000000)
  region size 1024K, 12 young (12288K), 12 survivors (12288K)
 Metaspace       used 121330K, capacity 125086K, committed 125388K, reserved 1159168K
  class space    used 15220K, capacity 16536K, committed 16588K, reserved 1048576K
}
Event: 82.675 GC heap before
{Heap before GC invocations=40 (full 0):
 garbage-first heap   total 260096K, used 221525K [0x0000000080000000, 0x0000000100000000)
  region size 1024K, 79 young (80896K), 12 survivors (12288K)
 Metaspace       used 123092K, capacity 126905K, committed 127180K, reserved 1159168K
  class space    used 15419K, capacity 16744K, committed 16844K, reserved 1048576K
}
Event: 82.693 GC heap after
{Heap after GC invocations=41 (full 0):
 garbage-first heap   total 260096K, used 155223K [0x0000000080000000, 0x0000000100000000)
  region size 1024K, 10 young (10240K), 10 survivors (10240K)
 Metaspace       used 123092K, capacity 126905K, committed 127180K, reserved 1159168K
  class space    used 15419K, capacity 16744K, committed 16844K, reserved 1048576K
}
Event: 84.677 GC heap before
{Heap before GC invocations=41 (full 0):
 garbage-first heap   total 260096K, used 214615K [0x0000000080000000, 0x0000000100000000)
  region size 1024K, 69 young (70656K), 10 survivors (10240K)
 Metaspace       used 128992K, capacity 132965K, committed 133068K, reserved 1165312K
  class space    used 16333K, capacity 17773K, committed 17868K, reserved 1048576K
}
Event: 84.703 GC heap after
{Heap after GC invocations=42 (full 0):
 garbage-first heap   total 260096K, used 163709K [0x0000000080000000, 0x0000000100000000)
  region size 1024K, 9 young (9216K), 9 survivors (9216K)
 Metaspace       used 128992K, capacity 132965K, committed 133068K, reserved 1165312K
  class space    used 16333K, capacity 17773K, committed 17868K, reserved 1048576K
}
Event: 86.162 GC heap before
{Heap before GC invocations=42 (full 0):
 garbage-first heap   total 260096K, used 216957K [0x0000000080000000, 0x0000000100000000)
  region size 1024K, 61 young (62464K), 9 survivors (9216K)
 Metaspace       used 131899K, capacity 136158K, committed 136268K, reserved 1167360K
  class space    used 16673K, capacity 18222K, committed 18252K, reserved 1048576K
}
Event: 86.178 GC heap after
{Heap after GC invocations=43 (full 0):
 garbage-first heap   total 260096K, used 166561K [0x0000000080000000, 0x0000000100000000)
  region size 1024K, 4 young (4096K), 4 survivors (4096K)
 Metaspace       used 131899K, capacity 136158K, committed 136268K, reserved 1167360K
  class space    used 16673K, capacity 18222K, committed 18252K, reserved 1048576K
}

Deoptimization events (20 events):
Event: 87.527 Thread 0x0000028d2e191800 Uncommon trap: trap_request=0xffffffc6 fr.pc=0x0000028d1b7a9744 relative=0x00000000000000a4
Event: 87.527 Thread 0x0000028d2e191800 Uncommon trap: reason=bimorphic_or_optimized_type_check action=maybe_recompile pc=0x0000028d1b7a9744 method=java.util.AbstractList$RandomAccessSpliterator.getFence()I @ 34 c2
Event: 87.527 Thread 0x0000028d2e191800 DEOPT PACKING pc=0x0000028d1b7a9744 sp=0x000000c2155fc5b0
Event: 87.527 Thread 0x0000028d2e191800 DEOPT UNPACKING pc=0x0000028d132878af sp=0x000000c2155fc4e0 mode 2
Event: 87.532 Thread 0x0000028d2e191800 Uncommon trap: trap_request=0xffffffc6 fr.pc=0x0000028d1b3779bc relative=0x000000000000009c
Event: 87.532 Thread 0x0000028d2e191800 Uncommon trap: reason=bimorphic_or_optimized_type_check action=maybe_recompile pc=0x0000028d1b3779bc method=java.util.AbstractList$RandomAccessSpliterator.getFence()I @ 34 c2
Event: 87.532 Thread 0x0000028d2e191800 DEOPT PACKING pc=0x0000028d1b3779bc sp=0x000000c2155fa550
Event: 87.532 Thread 0x0000028d2e191800 DEOPT UNPACKING pc=0x0000028d132878af sp=0x000000c2155fa4d8 mode 2
Event: 87.532 Thread 0x0000028d2e191800 Uncommon trap: trap_request=0xffffffde fr.pc=0x0000028d1b804490 relative=0x0000000000000390
Event: 87.532 Thread 0x0000028d2e191800 Uncommon trap: reason=class_check action=maybe_recompile pc=0x0000028d1b804490 method=java.util.AbstractList$RandomAccessSpliterator.get(Ljava/util/List;I)Ljava/lang/Object; @ 2 c2
Event: 87.532 Thread 0x0000028d2e191800 DEOPT PACKING pc=0x0000028d1b804490 sp=0x000000c2155fa5c0
Event: 87.532 Thread 0x0000028d2e191800 DEOPT UNPACKING pc=0x0000028d132878af sp=0x000000c2155fa4e0 mode 2
Event: 87.532 Thread 0x0000028d2e191800 Uncommon trap: trap_request=0xffffffde fr.pc=0x0000028d1b804490 relative=0x0000000000000390
Event: 87.532 Thread 0x0000028d2e191800 Uncommon trap: reason=class_check action=maybe_recompile pc=0x0000028d1b804490 method=java.util.AbstractList$RandomAccessSpliterator.get(Ljava/util/List;I)Ljava/lang/Object; @ 2 c2
Event: 87.532 Thread 0x0000028d2e191800 DEOPT PACKING pc=0x0000028d1b804490 sp=0x000000c2155fa5c0
Event: 87.532 Thread 0x0000028d2e191800 DEOPT UNPACKING pc=0x0000028d132878af sp=0x000000c2155fa4e0 mode 2
Event: 87.532 Thread 0x0000028d2e191800 Uncommon trap: trap_request=0xffffffde fr.pc=0x0000028d1b804490 relative=0x0000000000000390
Event: 87.532 Thread 0x0000028d2e191800 Uncommon trap: reason=class_check action=maybe_recompile pc=0x0000028d1b804490 method=java.util.AbstractList$RandomAccessSpliterator.get(Ljava/util/List;I)Ljava/lang/Object; @ 2 c2
Event: 87.532 Thread 0x0000028d2e191800 DEOPT PACKING pc=0x0000028d1b804490 sp=0x000000c2155fa5c0
Event: 87.532 Thread 0x0000028d2e191800 DEOPT UNPACKING pc=0x0000028d132878af sp=0x000000c2155fa4e0 mode 2

Classes redefined (0 events):
No events

Internal exceptions (20 events):
Event: 84.802 Thread 0x0000028d2e19a800 Exception <a 'java/lang/NoSuchMethodError'{0x000000008f8f2e40}: 'java.lang.Object java.lang.invoke.Invokers$Holder.linkToTargetMethod(java.lang.Object, int, java.lang.Object, java.lang.Object, java.lang.Object, java.lang.Object)'> (0x000000008f8f2e40) thrown at [./src/hotspot/share/interpreter/linkResolver.cpp, line 773]
Event: 84.817 Thread 0x0000028d2c8a4800 Exception <a 'java/lang/NoSuchMethodError'{0x000000008f9bb1b0}: 'java.lang.Object java.lang.invoke.Invokers$Holder.linkToTargetMethod(java.lang.Object, int, java.lang.Object, java.lang.Object, java.lang.Object, java.lang.Object)'> (0x000000008f9bb1b0) thrown at [./src/hotspot/share/interpreter/linkResolver.cpp, line 773]
Event: 84.817 Thread 0x0000028d2c8a4800 Exception <a 'java/lang/NoSuchMethodError'{0x000000008f9be870}: 'void java.lang.invoke.DirectMethodHandle$Holder.invokeSpecial(java.lang.Object, java.lang.Object, java.lang.Object, java.lang.Object, java.lang.Object, java.lang.Object, java.lang.Object, java.lang.Object, java.lang.Object)'> (0x000000008f9be870) thrown at [./src/hotspot/share/interpreter/linkResolver.cpp, line 773]
Event: 84.819 Thread 0x0000028d2c8a4800 Exception <a 'java/lang/NoSuchMethodError'{0x000000008f78c7a0}: 'void java.lang.invoke.DirectMethodHandle$Holder.invokeStatic(java.lang.Object, java.lang.Object, java.lang.Object, java.lang.Object, java.lang.Object, java.lang.Object, java.lang.Object, java.lang.Object)'> (0x000000008f78c7a0) thrown at [./src/hotspot/share/interpreter/linkResolver.cpp, line 773]
Event: 84.888 Thread 0x0000028d2e19a800 Exception <a 'java/lang/NoSuchMethodError'{0x000000008f7596f8}: 'void java.lang.invoke.DirectMethodHandle$Holder.invokeSpecial(java.lang.Object, java.lang.Object, java.lang.Object, java.lang.Object, java.lang.Object, java.lang.Object, java.lang.Object, java.lang.Object, java.lang.Object)'> (0x000000008f7596f8) thrown at [./src/hotspot/share/interpreter/linkResolver.cpp, line 773]
Event: 85.061 Thread 0x0000028d2c8a4800 Exception <a 'java/lang/IncompatibleClassChangeError'{0x000000008ed07e40}: Found class java.lang.Object, but interface was expected> (0x000000008ed07e40) thrown at [./src/hotspot/share/interpreter/linkResolver.cpp, line 839]
Event: 85.105 Thread 0x0000028d2e198000 Exception <a 'java/lang/NoSuchMethodError'{0x000000008edfad70}: 'java.lang.Object java.lang.invoke.DirectMethodHandle$Holder.invokeSpecial(java.lang.Object, java.lang.Object, java.lang.Object, java.lang.Object, java.lang.Object, java.lang.Object, java.lang.Object, java.lang.Object, java.lang.Object, java.lang.Object, java.lang.Object)'> (0x000000008edfad70) thrown at [./src/hotspot/share/interpreter/linkResolver.cpp, line 773]
Event: 85.105 Thread 0x0000028d2e198000 Exception <a 'java/lang/NoSuchMethodError'{0x000000008ec062e0}: 'java.lang.Object java.lang.invoke.Invokers$Holder.linkToTargetMethod(java.lang.Object, java.lang.Object, java.lang.Object, java.lang.Object, java.lang.Object, java.lang.Object, java.lang.Object, java.lang.Object, java.lang.Object, java.lang.Object)'> (0x000000008ec062e0) thrown at [./src/hotspot/share/interpreter/linkResolver.cpp, line 773]
Event: 85.112 Thread 0x0000028d2e198000 Exception <a 'java/lang/IncompatibleClassChangeError'{0x000000008ecfac00}: Found class java.lang.Object, but interface was expected> (0x000000008ecfac00) thrown at [./src/hotspot/share/interpreter/linkResolver.cpp, line 839]
Event: 85.398 Thread 0x0000028d2e19a800 Exception <a 'java/lang/NoSuchMethodError'{0x000000008e2625c0}: 'void java.lang.invoke.DirectMethodHandle$Holder.invokeVirtual(java.lang.Object, java.lang.Object, int)'> (0x000000008e2625c0) thrown at [./src/hotspot/share/interpreter/linkResolver.cpp, line 773]
Event: 85.419 Thread 0x0000028d2e19a800 Exception <a 'sun/nio/fs/WindowsException'{0x000000008e1a91b0}> (0x000000008e1a91b0) thrown at [./src/hotspot/share/prims/jni.cpp, line 615]
Event: 85.689 Thread 0x0000028d2e198000 Exception <a 'java/lang/NoSuchMethodError'{0x000000008d60c800}: 'int java.lang.invoke.DirectMethodHandle$Holder.invokeSpecial(java.lang.Object, java.lang.Object, java.lang.Object, java.lang.Object, java.lang.Object, java.lang.Object)'> (0x000000008d60c800) thrown at [./src/hotspot/share/interpreter/linkResolver.cpp, line 773]
Event: 85.941 Thread 0x0000028d2e198000 Exception <a 'sun/nio/fs/WindowsException'{0x000000008d145080}> (0x000000008d145080) thrown at [./src/hotspot/share/prims/jni.cpp, line 615]
Event: 85.943 Thread 0x0000028d2e198000 Exception <a 'sun/nio/fs/WindowsException'{0x000000008d1ca220}> (0x000000008d1ca220) thrown at [./src/hotspot/share/prims/jni.cpp, line 615]
Event: 85.945 Thread 0x0000028d2e198000 Exception <a 'sun/nio/fs/WindowsException'{0x000000008d04ed58}> (0x000000008d04ed58) thrown at [./src/hotspot/share/prims/jni.cpp, line 615]
Event: 86.367 Thread 0x0000028d38bae800 Exception <a 'java/lang/NoSuchMethodError'{0x000000008fc9ba08}: 'java.lang.Object java.lang.invoke.DirectMethodHandle$Holder.invokeInterface(java.lang.Object, java.lang.Object, int)'> (0x000000008fc9ba08) thrown at [./src/hotspot/share/interpreter/linkResolver.cpp, line 773]
Event: 86.651 Thread 0x0000028d38bae800 Exception <a 'sun/nio/fs/WindowsException'{0x000000008f963560}> (0x000000008f963560) thrown at [./src/hotspot/share/prims/jni.cpp, line 615]
Event: 86.652 Thread 0x0000028d38bae800 Exception <a 'sun/nio/fs/WindowsException'{0x000000008f980db8}> (0x000000008f980db8) thrown at [./src/hotspot/share/prims/jni.cpp, line 615]
Event: 87.317 Thread 0x0000028d38bb0000 Exception <a 'sun/nio/fs/WindowsException'{0x000000008f593180}> (0x000000008f593180) thrown at [./src/hotspot/share/prims/jni.cpp, line 615]
Event: 87.592 Thread 0x0000028d2e191800 Exception <a 'java/lang/NoSuchMethodError'{0x000000008f34b350}: <clinit>> (0x000000008f34b350) thrown at [./src/hotspot/share/prims/jni.cpp, line 1362]

Events (20 events):
Event: 87.589 loading class com/android/builder/files/SerializableFileChanges$addedFiles$2
Event: 87.589 loading class com/android/builder/files/SerializableFileChanges$addedFiles$2 done
Event: 87.594 loading class kotlin/InitializedLazyImpl
Event: 87.594 loading class kotlin/InitializedLazyImpl done
Event: 87.608 loading class com/android/build/gradle/internal/tasks/DexMergingTaskDelegate$Companion
Event: 87.608 loading class com/android/build/gradle/internal/tasks/DexMergingTaskDelegate$Companion done
Event: 87.617 loading class com/android/build/gradle/internal/tasks/DexMergingTaskDelegate$Companion$isDexFile$1
Event: 87.617 loading class com/android/build/gradle/internal/tasks/DexMergingTaskDelegate$Companion$isDexFile$1 done
Event: 87.619 loading class com/android/builder/dexing/DexUtilsKt$getSortedFilesInDir$2$1
Event: 87.619 loading class com/android/builder/dexing/DexUtilsKt$getSortedFilesInDir$2$1 done
Event: 87.619 loading class kotlin/streams/jdk8/StreamsKt
Event: 87.619 loading class kotlin/streams/jdk8/StreamsKt done
Event: 87.619 loading class kotlin/streams/jdk8/StreamsKt
Event: 87.619 loading class kotlin/streams/jdk8/StreamsKt done
Event: 87.622 loading class com/android/builder/dexing/DexUtilsKt$getSortedFilesInDir$2$2
Event: 87.622 loading class com/android/builder/dexing/DexUtilsKt$getSortedFilesInDir$2$2 done
Event: 87.623 loading class com/android/builder/dexing/DexEntry
Event: 87.623 loading class com/android/builder/dexing/DexEntry done
Event: 87.625 loading class com/android/builder/dexing/DexEntry$Companion
Event: 87.625 loading class com/android/builder/dexing/DexEntry$Companion done


Dynamic libraries:
0x00007ff7a6cf0000 - 0x00007ff7a6cfa000 	C:\Program Files\Android\Android Studio\jre\bin\java.exe
0x00007ffa7d620000 - 0x00007ffa7d829000 	C:\WINDOWS\SYSTEM32\ntdll.dll
0x00007ffa7c430000 - 0x00007ffa7c4ed000 	C:\WINDOWS\System32\KERNEL32.DLL
0x00007ffa7abd0000 - 0x00007ffa7af44000 	C:\WINDOWS\System32\KERNELBASE.dll
0x00007ffa7b190000 - 0x00007ffa7b2a1000 	C:\WINDOWS\System32\ucrtbase.dll
0x00007ffa702d0000 - 0x00007ffa702e9000 	C:\Program Files\Android\Android Studio\jre\bin\jli.dll
0x00007ffa701f0000 - 0x00007ffa70207000 	C:\Program Files\Android\Android Studio\jre\bin\VCRUNTIME140.dll
0x00007ffa7b660000 - 0x00007ffa7b80c000 	C:\WINDOWS\System32\USER32.dll
0x00007ffa5be20000 - 0x00007ffa5c0c5000 	C:\WINDOWS\WinSxS\amd64_microsoft.windows.common-controls_6595b64144ccf1df_6.0.22000.120_none_9d947278b86cc467\COMCTL32.dll
0x00007ffa7b0c0000 - 0x00007ffa7b0e6000 	C:\WINDOWS\System32\win32u.dll
0x00007ffa7c5a0000 - 0x00007ffa7c5c9000 	C:\WINDOWS\System32\GDI32.dll
0x00007ffa7c4f0000 - 0x00007ffa7c593000 	C:\WINDOWS\System32\msvcrt.dll
0x00007ffa7b2b0000 - 0x00007ffa7b3c2000 	C:\WINDOWS\System32\gdi32full.dll
0x00007ffa7b0f0000 - 0x00007ffa7b18d000 	C:\WINDOWS\System32\msvcp_win.dll
0x00007ffa7b870000 - 0x00007ffa7b8a1000 	C:\WINDOWS\System32\IMM32.DLL
0x00007ffa4ca60000 - 0x00007ffa4cafd000 	C:\Program Files\Android\Android Studio\jre\bin\msvcp140.dll
0x00007ffa368d0000 - 0x00007ffa3739f000 	C:\Program Files\Android\Android Studio\jre\bin\server\jvm.dll
0x00007ffa7c770000 - 0x00007ffa7c81e000 	C:\WINDOWS\System32\ADVAPI32.dll
0x00007ffa7b940000 - 0x00007ffa7b9de000 	C:\WINDOWS\System32\sechost.dll
0x00007ffa7ca30000 - 0x00007ffa7cb50000 	C:\WINDOWS\System32\RPCRT4.dll
0x00007ffa7c020000 - 0x00007ffa7c028000 	C:\WINDOWS\System32\PSAPI.DLL
0x00007ffa745b0000 - 0x00007ffa745e3000 	C:\WINDOWS\SYSTEM32\WINMM.dll
0x00007ffa73d30000 - 0x00007ffa73d3a000 	C:\WINDOWS\SYSTEM32\VERSION.dll
0x00007ffa77830000 - 0x00007ffa77839000 	C:\WINDOWS\SYSTEM32\WSOCK32.dll
0x00007ffa7cda0000 - 0x00007ffa7ce0f000 	C:\WINDOWS\System32\WS2_32.dll
0x00007ffa79d00000 - 0x00007ffa79d18000 	C:\WINDOWS\SYSTEM32\kernel.appcore.dll
0x00007ffa6f630000 - 0x00007ffa6f641000 	C:\Program Files\Android\Android Studio\jre\bin\verify.dll
0x00007ffa5e720000 - 0x00007ffa5e941000 	C:\WINDOWS\SYSTEM32\DBGHELP.DLL
0x00007ffa5d8b0000 - 0x00007ffa5d8e1000 	C:\WINDOWS\SYSTEM32\dbgcore.DLL
0x00007ffa7b440000 - 0x00007ffa7b4bf000 	C:\WINDOWS\System32\bcryptPrimitives.dll
0x00007ffa6f270000 - 0x00007ffa6f299000 	C:\Program Files\Android\Android Studio\jre\bin\java.dll
0x00007ffa77820000 - 0x00007ffa7782b000 	C:\Program Files\Android\Android Studio\jre\bin\jimage.dll
0x00007ffa6c6b0000 - 0x00007ffa6c6c8000 	C:\Program Files\Android\Android Studio\jre\bin\zip.dll
0x00007ffa7ce30000 - 0x00007ffa7d5df000 	C:\WINDOWS\System32\SHELL32.dll
0x00007ffa78c80000 - 0x00007ffa794e8000 	C:\WINDOWS\SYSTEM32\windows.storage.dll
0x00007ffa7c040000 - 0x00007ffa7c3b8000 	C:\WINDOWS\System32\combase.dll
0x00007ffa78b10000 - 0x00007ffa78c76000 	C:\WINDOWS\SYSTEM32\wintypes.dll
0x00007ffa7b9e0000 - 0x00007ffa7baca000 	C:\WINDOWS\System32\SHCORE.dll
0x00007ffa7c630000 - 0x00007ffa7c68d000 	C:\WINDOWS\System32\shlwapi.dll
0x00007ffa7aa40000 - 0x00007ffa7aa61000 	C:\WINDOWS\SYSTEM32\profapi.dll
0x00007ffa6b900000 - 0x00007ffa6b91a000 	C:\Program Files\Android\Android Studio\jre\bin\net.dll
0x00007ffa744a0000 - 0x00007ffa745ac000 	C:\WINDOWS\SYSTEM32\WINHTTP.dll
0x00007ffa7a130000 - 0x00007ffa7a197000 	C:\WINDOWS\system32\mswsock.dll
0x00007ffa6b8a0000 - 0x00007ffa6b8b4000 	C:\Program Files\Android\Android Studio\jre\bin\nio.dll
0x00007ffa5b540000 - 0x00007ffa5b567000 	C:\Users\Ana\.gradle\native\8bec1ad78214c89d9ad589b4d07fe93259594b29d510b10fafb7a158f7737e5d\windows-amd64\native-platform.dll
0x00007ffa34b10000 - 0x00007ffa34c4d000 	C:\Users\Ana\.gradle\native\53dbd7edfb1c66fb8903c78663c9afc45aea4f116125fa6feffd364cf09443e8\windows-amd64\native-platform-file-events.dll
0x00007ffa70190000 - 0x00007ffa7019a000 	C:\Program Files\Android\Android Studio\jre\bin\management.dll
0x00007ffa6f690000 - 0x00007ffa6f69c000 	C:\Program Files\Android\Android Studio\jre\bin\management_ext.dll
0x00007ffa7a380000 - 0x00007ffa7a398000 	C:\WINDOWS\SYSTEM32\CRYPTSP.dll
0x00007ffa79c10000 - 0x00007ffa79c45000 	C:\WINDOWS\system32\rsaenh.dll
0x00007ffa7a220000 - 0x00007ffa7a249000 	C:\WINDOWS\SYSTEM32\USERENV.dll
0x00007ffa7a4f0000 - 0x00007ffa7a517000 	C:\WINDOWS\SYSTEM32\bcrypt.dll
0x00007ffa7a370000 - 0x00007ffa7a37c000 	C:\WINDOWS\SYSTEM32\CRYPTBASE.dll
0x00007ffa79740000 - 0x00007ffa7976d000 	C:\WINDOWS\SYSTEM32\IPHLPAPI.DLL
0x00007ffa7c030000 - 0x00007ffa7c039000 	C:\WINDOWS\System32\NSI.dll
0x00007ffa74950000 - 0x00007ffa74969000 	C:\WINDOWS\SYSTEM32\dhcpcsvc6.DLL
0x00007ffa74df0000 - 0x00007ffa74e0e000 	C:\WINDOWS\SYSTEM32\dhcpcsvc.DLL
0x00007ffa79770000 - 0x00007ffa79858000 	C:\WINDOWS\SYSTEM32\DNSAPI.dll

dbghelp: loaded successfully - version: 4.0.5 - missing functions: none
symbol engine: initialized successfully - sym options: 0x614 - pdb path: .;C:\Program Files\Android\Android Studio\jre\bin;C:\WINDOWS\SYSTEM32;C:\WINDOWS\WinSxS\amd64_microsoft.windows.common-controls_6595b64144ccf1df_6.0.22000.120_none_9d947278b86cc467;C:\Program Files\Android\Android Studio\jre\bin\server;C:\Users\Ana\.gradle\native\8bec1ad78214c89d9ad589b4d07fe93259594b29d510b10fafb7a158f7737e5d\windows-amd64;C:\Users\Ana\.gradle\native\53dbd7edfb1c66fb8903c78663c9afc45aea4f116125fa6feffd364cf09443e8\windows-amd64

VM Arguments:
jvm_args: --add-opens=java.base/java.util=ALL-UNNAMED --add-opens=java.base/java.lang=ALL-UNNAMED --add-opens=java.base/java.lang.invoke=ALL-UNNAMED --add-opens=java.base/java.util=ALL-UNNAMED --add-opens=java.prefs/java.util.prefs=ALL-UNNAMED --add-opens=java.prefs/java.util.prefs=ALL-UNNAMED --add-opens=java.base/java.nio.charset=ALL-UNNAMED --add-opens=java.base/java.net=ALL-UNNAMED --add-opens=java.base/java.util.concurrent.atomic=ALL-UNNAMED -Xmx2048m -Dfile.encoding=UTF-8 -Duser.country=US -Duser.language=en -Duser.variant 
java_command: org.gradle.launcher.daemon.bootstrap.GradleDaemon 7.0.2
java_class_path (initial): C:\Users\Ana\.gradle\wrapper\dists\gradle-7.0.2-bin\857tjihv64xamwrf0h14cai3r\gradle-7.0.2\lib\gradle-launcher-7.0.2.jar
Launcher Type: SUN_STANDARD

[Global flags]
     intx CICompilerCount                          = 4                                         {product} {ergonomic}
     uint ConcGCThreads                            = 2                                         {product} {ergonomic}
     uint G1ConcRefinementThreads                  = 8                                         {product} {ergonomic}
   size_t G1HeapRegionSize                         = 1048576                                   {product} {ergonomic}
    uintx GCDrainStackTargetSize                   = 64                                        {product} {ergonomic}
   size_t InitialHeapSize                          = 266338304                                 {product} {ergonomic}
   size_t MarkStackSize                            = 4194304                                   {product} {ergonomic}
   size_t MaxHeapSize                              = 2147483648                                {product} {command line}
   size_t MaxNewSize                               = 1287651328                                {product} {ergonomic}
   size_t MinHeapDeltaBytes                        = 1048576                                   {product} {ergonomic}
    uintx NonNMethodCodeHeapSize                   = 5836300                                {pd product} {ergonomic}
    uintx NonProfiledCodeHeapSize                  = 122910970                              {pd product} {ergonomic}
    uintx ProfiledCodeHeapSize                     = 122910970                              {pd product} {ergonomic}
    uintx ReservedCodeCacheSize                    = 251658240                              {pd product} {ergonomic}
     bool SegmentedCodeCache                       = true                                      {product} {ergonomic}
     bool UseCompressedClassPointers               = true                                 {lp64_product} {ergonomic}
     bool UseCompressedOops                        = true                                 {lp64_product} {ergonomic}
     bool UseG1GC                                  = true                                      {product} {ergonomic}
     bool UseLargePagesIndividualAllocation        = false                                  {pd product} {ergonomic}

Logging:
Log output configuration:
 #0: stdout all=warning uptime,level,tags
 #1: stderr all=off uptime,level,tags

Environment Variables:
PATH=C:\Program Files\Common Files\Oracle\Java\javapath;C:\WINDOWS\system32;C:\WINDOWS;C:\WINDOWS\System32\Wbem;C:\WINDOWS\System32\WindowsPowerShell\v1.0\;C:\WINDOWS\System32\OpenSSH\;C:\Program Files\Cloudflare\Cloudflare WARP\;C:\Program Files\Microsoft SQL Server\Client SDK\ODBC\170\Tools\Binn\;C:\Program Files (x86)\Microsoft SQL Server\150\Tools\Binn\;C:\Program Files\Microsoft SQL Server\150\Tools\Binn\;C:\Program Files\Microsoft SQL Server\150\DTS\Binn\;C:\Program Files (x86)\Microsoft SQL Server\150\DTS\Binn\;C:\Program Files\Azure Data Studio\bin;C:\Users\Ana\AppData\Local\Microsoft\WindowsApps;;C:\Program Files\Azure Data Studio\bin
USERNAME=Ana
OS=Windows_NT
PROCESSOR_IDENTIFIER=Intel64 Family 6 Model 158 Stepping 10, GenuineIntel



---------------  S Y S T E M  ---------------

OS: Windows 10 , 64 bit Build 22000 (10.0.22000.434)
OS uptime: 1 days 10:45 hours

CPU:total 8 (initial active 8) (4 cores per cpu, 2 threads per core) family 6 model 158 stepping 10 microcode 0xde, cmov, cx8, fxsr, mmx, sse, sse2, sse3, ssse3, sse4.1, sse4.2, popcnt, avx, avx2, aes, clmul, erms, 3dnowpref, lzcnt, ht, tsc, tscinvbit, bmi1, bmi2, adx, fma

Memory: 4k page, system-wide physical 16226M (1540M free)
TotalPageFile size 31327M (AvailPageFile size 19M)
current process WorkingSet (physical memory assigned to process): 627M, peak: 627M
current process commit charge ("private bytes"): 664M, peak: 664M

vm_info: OpenJDK 64-Bit Server VM (11.0.10+0-b96-7249189) for windows-amd64 JRE (11.0.10+0-b96-7249189), built on Mar 31 2021 21:44:00 by "builder" with MS VC++ 14.0 (VS2015)

END.
