#
# There is insufficient memory for the Java Runtime Environment to continue.
# Native memory allocation (malloc) failed to allocate 1208496 bytes for Chunk::new
# Possible reasons:
#   The system is out of physical RAM or swap space
#   The process is running with CompressedOops enabled, and the Java Heap may be blocking the growth of the native heap
# Possible solutions:
#   Reduce memory load on the system
#   Increase physical memory or swap space
#   Check if swap backing store is full
#   Decrease Java heap size (-Xmx/-Xms)
#   Decrease number of Java threads
#   Decrease Java thread stack sizes (-Xss)
#   Set larger code cache with -XX:ReservedCodeCacheSize=
#   JVM is running with Unscaled Compressed Oops mode in which the Java heap is
#     placed in the first 4GB address space. The Java Heap base address is the
#     maximum limit for the native heap growth. Please use -XX:HeapBaseMinAddress
#     to set the Java Heap base and to place the Java Heap above 4GB virtual address.
# This output file may be truncated or incomplete.
#
#  Out of Memory Error (./src/hotspot/share/memory/arena.cpp:197), pid=17748, tid=14584
#
# JRE version: OpenJDK Runtime Environment (11.0.10) (build 11.0.10+0-b96-7249189)
# Java VM: OpenJDK 64-Bit Server VM (11.0.10+0-b96-7249189, mixed mode, tiered, compressed oops, g1 gc, windows-amd64)
# No core dump will be written. Minidumps are not enabled by default on client versions of Windows
#

---------------  S U M M A R Y ------------

Command Line: --add-opens=java.base/java.util=ALL-UNNAMED --add-opens=java.base/java.lang=ALL-UNNAMED --add-opens=java.base/java.lang.invoke=ALL-UNNAMED --add-opens=java.base/java.util=ALL-UNNAMED --add-opens=java.prefs/java.util.prefs=ALL-UNNAMED --add-opens=java.prefs/java.util.prefs=ALL-UNNAMED --add-opens=java.base/java.nio.charset=ALL-UNNAMED --add-opens=java.base/java.net=ALL-UNNAMED --add-opens=java.base/java.util.concurrent.atomic=ALL-UNNAMED -Xmx2048m -Dfile.encoding=UTF-8 -Duser.country=US -Duser.language=en -Duser.variant org.gradle.launcher.daemon.bootstrap.GradleDaemon 7.0.2

Host: Intel(R) Core(TM) i5-8300H CPU @ 2.30GHz, 8 cores, 15G,  Windows 10 , 64 bit Build 22000 (10.0.22000.434)
Time: Thu Mar 31 21:46:38 2022 SE Asia Standard Time elapsed time: 5.793428 seconds (0d 0h 0m 5s)

---------------  T H R E A D  ---------------

Current thread (0x000001e02a7f7000):  JavaThread "C2 CompilerThread2" daemon [_thread_in_native, id=14584, stack(0x00000042fc100000,0x00000042fc200000)]


Current CompileTask:
C2:   5793 5350       4       org.objectweb.asm.SymbolTable::addConstantMemberReference (147 bytes)

Stack: [0x00000042fc100000,0x00000042fc200000]
Native frames: (J=compiled Java code, j=interpreted, Vv=VM code, C=native code)
V  [jvm.dll+0x5ecfaa]
V  [jvm.dll+0x722bd5]
V  [jvm.dll+0x72412d]
V  [jvm.dll+0x7247e3]
V  [jvm.dll+0x242928]
V  [jvm.dll+0xbc4fc]
V  [jvm.dll+0xbca0c]
V  [jvm.dll+0x352d7d]
V  [jvm.dll+0x320ad3]
V  [jvm.dll+0x31ffca]
V  [jvm.dll+0x1fb602]
V  [jvm.dll+0x1fa7f4]
V  [jvm.dll+0x18354c]
V  [jvm.dll+0x208ee7]
V  [jvm.dll+0x207731]
V  [jvm.dll+0x6eb1cf]
V  [jvm.dll+0x6e3d45]
V  [jvm.dll+0x5ebe96]
C  [ucrtbase.dll+0x26c0c]
C  [KERNEL32.DLL+0x154e0]
C  [ntdll.dll+0x485b]


---------------  P R O C E S S  ---------------

Threads class SMR info:
_java_thread_list=0x000001e02a90a370, length=51, elements={
0x000001e00c07d000, 0x000001e026d84800, 0x000001e026d87800, 0x000001e026deb800,
0x000001e026dec800, 0x000001e026ded800, 0x000001e026df1000, 0x000001e026df2000,
0x000001e026df5000, 0x000001e026f49000, 0x000001e0291b5000, 0x000001e027346800,
0x000001e0281c7000, 0x000001e029128800, 0x000001e028d84800, 0x000001e0299c3800,
0x000001e0289c6000, 0x000001e0281ff800, 0x000001e0289e3000, 0x000001e029045800,
0x000001e029478800, 0x000001e029479800, 0x000001e029475000, 0x000001e029477000,
0x000001e029477800, 0x000001e02947a000, 0x000001e02947b000, 0x000001e02947c000,
0x000001e029476000, 0x000001e02a7f7000, 0x000001e02c3ec000, 0x000001e02c3ee000,
0x000001e02c3ea000, 0x000001e02c3ea800, 0x000001e02c3ee800, 0x000001e02c3f0800,
0x000001e02c3f7000, 0x000001e02c3f5000, 0x000001e02c3f6000, 0x000001e02c3f1000,
0x000001e02c3f2000, 0x000001e02c3f2800, 0x000001e02c3f3800, 0x000001e02aab1800,
0x000001e02aab1000, 0x000001e02aaad000, 0x000001e02aaae800, 0x000001e02aaac000,
0x000001e02aab2800, 0x000001e02aab3800, 0x000001e02aaad800
}

Java Threads: ( => current thread )
  0x000001e00c07d000 JavaThread "main" [_thread_blocked, id=16728, stack(0x00000042f9500000,0x00000042f9600000)]
  0x000001e026d84800 JavaThread "Reference Handler" daemon [_thread_blocked, id=18188, stack(0x00000042f9c00000,0x00000042f9d00000)]
  0x000001e026d87800 JavaThread "Finalizer" daemon [_thread_blocked, id=7904, stack(0x00000042f9d00000,0x00000042f9e00000)]
  0x000001e026deb800 JavaThread "Signal Dispatcher" daemon [_thread_blocked, id=16836, stack(0x00000042f9e00000,0x00000042f9f00000)]
  0x000001e026dec800 JavaThread "Attach Listener" daemon [_thread_blocked, id=16064, stack(0x00000042f9f00000,0x00000042fa000000)]
  0x000001e026ded800 JavaThread "Service Thread" daemon [_thread_blocked, id=10480, stack(0x00000042fa000000,0x00000042fa100000)]
  0x000001e026df1000 JavaThread "C2 CompilerThread0" daemon [_thread_blocked, id=14424, stack(0x00000042fa100000,0x00000042fa200000)]
  0x000001e026df2000 JavaThread "C1 CompilerThread0" daemon [_thread_blocked, id=4656, stack(0x00000042fa200000,0x00000042fa300000)]
  0x000001e026df5000 JavaThread "Sweeper thread" daemon [_thread_blocked, id=17972, stack(0x00000042fa300000,0x00000042fa400000)]
  0x000001e026f49000 JavaThread "Common-Cleaner" daemon [_thread_blocked, id=10616, stack(0x00000042fa400000,0x00000042fa500000)]
  0x000001e0291b5000 JavaThread "Daemon health stats" [_thread_blocked, id=10660, stack(0x00000042fad00000,0x00000042fae00000)]
  0x000001e027346800 JavaThread "Incoming local TCP Connector on port 58906" [_thread_in_native, id=5440, stack(0x00000042fa600000,0x00000042fa700000)]
  0x000001e0281c7000 JavaThread "Daemon periodic checks" [_thread_blocked, id=18232, stack(0x00000042fac00000,0x00000042fad00000)]
  0x000001e029128800 JavaThread "Daemon" [_thread_blocked, id=17616, stack(0x00000042fae00000,0x00000042faf00000)]
  0x000001e028d84800 JavaThread "Handler for socket connection from /127.0.0.1:58906 to /127.0.0.1:58907" [_thread_in_native, id=11524, stack(0x00000042faf00000,0x00000042fb000000)]
  0x000001e0299c3800 JavaThread "Cancel handler" [_thread_blocked, id=17128, stack(0x00000042fb000000,0x00000042fb100000)]
  0x000001e0289c6000 JavaThread "Daemon worker" [_thread_in_Java, id=10416, stack(0x00000042fb100000,0x00000042fb200000)]
  0x000001e0281ff800 JavaThread "C2 CompilerThread1" daemon [_thread_blocked, id=8688, stack(0x00000042fb200000,0x00000042fb300000)]
  0x000001e0289e3000 JavaThread "Asynchronous log dispatcher for DefaultDaemonConnection: socket connection from /127.0.0.1:58906 to /127.0.0.1:58907" [_thread_blocked, id=11968, stack(0x00000042fb300000,0x00000042fb400000)]
  0x000001e029045800 JavaThread "Stdin handler" [_thread_blocked, id=4268, stack(0x00000042fb400000,0x00000042fb500000)]
  0x000001e029478800 JavaThread "Daemon client event forwarder" [_thread_blocked, id=16292, stack(0x00000042fb500000,0x00000042fb600000)]
  0x000001e029479800 JavaThread "Cache worker for file hash cache (C:\Users\Ana\.gradle\caches\7.0.2\fileHashes)" [_thread_blocked, id=14688, stack(0x00000042fb600000,0x00000042fb700000)]
  0x000001e029475000 JavaThread "File lock request listener" [_thread_in_native, id=6084, stack(0x00000042fb700000,0x00000042fb800000)]
  0x000001e029477000 JavaThread "Cache worker for journal cache (C:\Users\Ana\.gradle\caches\journal-1)" [_thread_blocked, id=17064, stack(0x00000042fbb00000,0x00000042fbc00000)]
  0x000001e029477800 JavaThread "Cache worker for file hash cache (D:\MayChat\.gradle\7.0.2\fileHashes)" [_thread_blocked, id=17768, stack(0x00000042fbc00000,0x00000042fbd00000)]
  0x000001e02947a000 JavaThread "File watcher server" daemon [_thread_in_native, id=10096, stack(0x00000042fbd00000,0x00000042fbe00000)]
  0x000001e02947b000 JavaThread "File watcher consumer" daemon [_thread_blocked, id=15628, stack(0x00000042fbe00000,0x00000042fbf00000)]
  0x000001e02947c000 JavaThread "Cache worker for checksums cache (D:\MayChat\.gradle\checksums)" [_thread_blocked, id=10520, stack(0x00000042fbf00000,0x00000042fc000000)]
  0x000001e029476000 JavaThread "Cache worker for cache directory md-supplier (C:\Users\Ana\.gradle\caches\7.0.2\md-supplier)" [_thread_blocked, id=15272, stack(0x00000042fc000000,0x00000042fc100000)]
=>0x000001e02a7f7000 JavaThread "C2 CompilerThread2" daemon [_thread_in_native, id=14584, stack(0x00000042fc100000,0x00000042fc200000)]
  0x000001e02c3ec000 JavaThread "Cache worker for cache directory md-rule (C:\Users\Ana\.gradle\caches\7.0.2\md-rule)" [_thread_blocked, id=3680, stack(0x00000042fc200000,0x00000042fc300000)]
  0x000001e02c3ee000 JavaThread "Cache worker for execution history cache (C:\Users\Ana\.gradle\caches\7.0.2\executionHistory)" [_thread_blocked, id=11840, stack(0x00000042fc300000,0x00000042fc400000)]
  0x000001e02c3ea000 JavaThread "jar transforms" [_thread_blocked, id=10976, stack(0x00000042fc400000,0x00000042fc500000)]
  0x000001e02c3ea800 JavaThread "jar transforms Thread 2" [_thread_blocked, id=3056, stack(0x00000042fc500000,0x00000042fc600000)]
  0x000001e02c3ee800 JavaThread "Cache worker for file content cache (C:\Users\Ana\.gradle\caches\7.0.2\fileContent)" [_thread_blocked, id=5232, stack(0x00000042fc600000,0x00000042fc700000)]
  0x000001e02c3f0800 JavaThread "Cache worker for dependencies-accessors (D:\MayChat\.gradle\7.0.2\dependencies-accessors)" [_thread_blocked, id=9372, stack(0x00000042fc700000,0x00000042fc800000)]
  0x000001e02c3f7000 JavaThread "jar transforms Thread 3" [_thread_blocked, id=15656, stack(0x00000042fc800000,0x00000042fc900000)]
  0x000001e02c3f5000 JavaThread "Cache worker for Build Output Cleanup Cache (D:\MayChat\.gradle\buildOutputCleanup)" [_thread_blocked, id=5124, stack(0x00000042fc900000,0x00000042fca00000)]
  0x000001e02c3f6000 JavaThread "Build operations" [_thread_blocked, id=17080, stack(0x00000042fca00000,0x00000042fcb00000)]
  0x000001e02c3f1000 JavaThread "Build operations Thread 2" [_thread_blocked, id=7516, stack(0x00000042fcb00000,0x00000042fcc00000)]
  0x000001e02c3f2000 JavaThread "Build operations Thread 3" [_thread_blocked, id=13196, stack(0x00000042fcc00000,0x00000042fcd00000)]
  0x000001e02c3f2800 JavaThread "Build operations Thread 4" [_thread_blocked, id=12168, stack(0x00000042fcd00000,0x00000042fce00000)]
  0x000001e02c3f3800 JavaThread "Build operations Thread 5" [_thread_blocked, id=15712, stack(0x00000042fce00000,0x00000042fcf00000)]
  0x000001e02aab1800 JavaThread "Build operations Thread 6" [_thread_blocked, id=11932, stack(0x00000042fcf00000,0x00000042fd000000)]
  0x000001e02aab1000 JavaThread "Build operations Thread 7" [_thread_blocked, id=2604, stack(0x00000042fd000000,0x00000042fd100000)]
  0x000001e02aaad000 JavaThread "Build operations Thread 8" [_thread_blocked, id=4840, stack(0x00000042fd100000,0x00000042fd200000)]
  0x000001e02aaae800 JavaThread "jar transforms Thread 4" [_thread_blocked, id=15140, stack(0x00000042fd200000,0x00000042fd300000)]
  0x000001e02aaac000 JavaThread "jar transforms Thread 5" [_thread_blocked, id=4596, stack(0x00000042fd300000,0x00000042fd400000)]
  0x000001e02aab2800 JavaThread "jar transforms Thread 6" [_thread_blocked, id=11908, stack(0x00000042fd400000,0x00000042fd500000)]
  0x000001e02aab3800 JavaThread "jar transforms Thread 7" [_thread_blocked, id=17300, stack(0x00000042fd500000,0x00000042fd600000)]
  0x000001e02aaad800 JavaThread "jar transforms Thread 8" [_thread_blocked, id=16840, stack(0x00000042fd600000,0x00000042fd700000)]

Other Threads:
  0x000001e026d81000 VMThread "VM Thread" [stack: 0x00000042f9b00000,0x00000042f9c00000] [id=18052]
  0x000001e026f9c800 WatcherThread [stack: 0x00000042fa500000,0x00000042fa600000] [id=15880]
  0x000001e00c098000 GCTaskThread "GC Thread#0" [stack: 0x00000042f9600000,0x00000042f9700000] [id=13236]
  0x000001e027ccd800 GCTaskThread "GC Thread#1" [stack: 0x00000042fa700000,0x00000042fa800000] [id=11600]
  0x000001e027965000 GCTaskThread "GC Thread#2" [stack: 0x00000042fa800000,0x00000042fa900000] [id=2880]
  0x000001e027a69800 GCTaskThread "GC Thread#3" [stack: 0x00000042fa900000,0x00000042faa00000] [id=10012]
  0x000001e027ef1000 GCTaskThread "GC Thread#4" [stack: 0x00000042faa00000,0x00000042fab00000] [id=17832]
  0x000001e027eef000 GCTaskThread "GC Thread#5" [stack: 0x00000042fab00000,0x00000042fac00000] [id=18316]
  0x000001e027eed000 GCTaskThread "GC Thread#6" [stack: 0x00000042fb800000,0x00000042fb900000] [id=2292]
  0x000001e027eec000 GCTaskThread "GC Thread#7" [stack: 0x00000042fb900000,0x00000042fba00000] [id=8160]
  0x000001e00c0c9800 ConcurrentGCThread "G1 Main Marker" [stack: 0x00000042f9700000,0x00000042f9800000] [id=17948]
  0x000001e00c0ca800 ConcurrentGCThread "G1 Conc#0" [stack: 0x00000042f9800000,0x00000042f9900000] [id=17636]
  0x000001e027eed800 ConcurrentGCThread "G1 Conc#1" [stack: 0x00000042fba00000,0x00000042fbb00000] [id=3320]
  0x000001e0263d1800 ConcurrentGCThread "G1 Refine#0" [stack: 0x00000042f9900000,0x00000042f9a00000] [id=14464]
  0x000001e0263d2800 ConcurrentGCThread "G1 Young RemSet Sampling" [stack: 0x00000042f9a00000,0x00000042f9b00000] [id=15872]

Threads with active compile tasks:
C2 CompilerThread2   5809 5350       4       org.objectweb.asm.SymbolTable::addConstantMemberReference (147 bytes)

VM state:not at safepoint (normal execution)

VM Mutex/Monitor currently owned by a thread: None

Heap address: 0x0000000080000000, size: 2048 MB, Compressed Oops mode: 32-bit
Narrow klass base: 0x0000000000000000, Narrow klass shift: 3
Compressed class space size: 1073741824 Address: 0x0000000100000000

Heap:
 garbage-first heap   total 260096K, used 134495K [0x0000000080000000, 0x0000000100000000)
  region size 1024K, 114 young (116736K), 13 survivors (13312K)
 Metaspace       used 54931K, capacity 56333K, committed 56524K, reserved 1097728K
  class space    used 6981K, capacity 7493K, committed 7628K, reserved 1048576K
Heap Regions: E=young(eden), S=young(survivor), O=old, HS=humongous(starts), HC=humongous(continues), CS=collection set, F=free, A=archive, TAMS=top-at-mark-start (previous, next)
|   0|0x0000000080000000, 0x0000000080100000, 0x0000000080100000|100%| O|  |TAMS 0x0000000080100000, 0x0000000080000000| Untracked 
|   1|0x0000000080100000, 0x0000000080200000, 0x0000000080200000|100%| O|  |TAMS 0x0000000080200000, 0x0000000080100000| Untracked 
|   2|0x0000000080200000, 0x0000000080300000, 0x0000000080300000|100%| O|  |TAMS 0x0000000080300000, 0x0000000080200000| Untracked 
|   3|0x0000000080300000, 0x0000000080400000, 0x0000000080400000|100%|HS|  |TAMS 0x0000000080400000, 0x0000000080300000| Complete 
|   4|0x0000000080400000, 0x0000000080500000, 0x0000000080500000|100%|HC|  |TAMS 0x0000000080500000, 0x0000000080400000| Complete 
|   5|0x0000000080500000, 0x0000000080600000, 0x0000000080600000|100%|HC|  |TAMS 0x0000000080600000, 0x0000000080500000| Complete 
|   6|0x0000000080600000, 0x0000000080700000, 0x0000000080700000|100%| O|  |TAMS 0x0000000080700000, 0x0000000080600000| Untracked 
|   7|0x0000000080700000, 0x0000000080800000, 0x0000000080800000|100%| O|  |TAMS 0x0000000080800000, 0x0000000080700000| Untracked 
|   8|0x0000000080800000, 0x0000000080900000, 0x0000000080900000|100%| O|  |TAMS 0x0000000080900000, 0x0000000080800000| Untracked 
|   9|0x0000000080900000, 0x0000000080a00000, 0x0000000080a00000|100%| O|  |TAMS 0x0000000080a00000, 0x0000000080900000| Untracked 
|  10|0x0000000080a00000, 0x0000000080b00000, 0x0000000080b00000|100%| O|  |TAMS 0x0000000080b00000, 0x0000000080a00000| Untracked 
|  11|0x0000000080b00000, 0x0000000080c00000, 0x0000000080c00000|100%| O|  |TAMS 0x0000000080c00000, 0x0000000080b00000| Untracked 
|  12|0x0000000080c00000, 0x0000000080d00000, 0x0000000080d00000|100%| O|  |TAMS 0x0000000080d00000, 0x0000000080c00000| Untracked 
|  13|0x0000000080d00000, 0x0000000080e00000, 0x0000000080e00000|100%| O|  |TAMS 0x0000000080e00000, 0x0000000080d00000| Untracked 
|  14|0x0000000080e00000, 0x0000000080f00000, 0x0000000080f00000|100%| O|  |TAMS 0x0000000080f00000, 0x0000000080e00000| Untracked 
|  15|0x0000000080f00000, 0x0000000080fe3000, 0x0000000081000000| 88%| O|  |TAMS 0x0000000080fe3000, 0x0000000080f00000| Untracked 
|  16|0x0000000081000000, 0x0000000081100000, 0x0000000081100000|100%|HS|  |TAMS 0x0000000081000000, 0x0000000081000000| Complete 
|  17|0x0000000081100000, 0x0000000081200000, 0x0000000081200000|100%|HS|  |TAMS 0x0000000081100000, 0x0000000081100000| Complete 
|  18|0x0000000081200000, 0x0000000081300000, 0x0000000081300000|100%|HS|  |TAMS 0x0000000081200000, 0x0000000081200000| Complete 
|  19|0x0000000081300000, 0x0000000081400000, 0x0000000081400000|100%|HC|  |TAMS 0x0000000081300000, 0x0000000081300000| Complete 
|  20|0x0000000081400000, 0x0000000081400000, 0x0000000081500000|  0%| F|  |TAMS 0x0000000081400000, 0x0000000081400000| Untracked 
|  21|0x0000000081500000, 0x0000000081500000, 0x0000000081600000|  0%| F|  |TAMS 0x0000000081500000, 0x0000000081500000| Untracked 
|  22|0x0000000081600000, 0x0000000081600000, 0x0000000081700000|  0%| F|  |TAMS 0x0000000081600000, 0x0000000081600000| Untracked 
|  23|0x0000000081700000, 0x0000000081700000, 0x0000000081800000|  0%| F|  |TAMS 0x0000000081700000, 0x0000000081700000| Untracked 
|  24|0x0000000081800000, 0x0000000081800000, 0x0000000081900000|  0%| F|  |TAMS 0x0000000081800000, 0x0000000081800000| Untracked 
|  25|0x0000000081900000, 0x0000000081900000, 0x0000000081a00000|  0%| F|  |TAMS 0x0000000081900000, 0x0000000081900000| Untracked 
|  26|0x0000000081a00000, 0x0000000081a00000, 0x0000000081b00000|  0%| F|  |TAMS 0x0000000081a00000, 0x0000000081a00000| Untracked 
|  27|0x0000000081b00000, 0x0000000081b00000, 0x0000000081c00000|  0%| F|  |TAMS 0x0000000081b00000, 0x0000000081b00000| Untracked 
|  28|0x0000000081c00000, 0x0000000081c00000, 0x0000000081d00000|  0%| F|  |TAMS 0x0000000081c00000, 0x0000000081c00000| Untracked 
|  29|0x0000000081d00000, 0x0000000081d00000, 0x0000000081e00000|  0%| F|  |TAMS 0x0000000081d00000, 0x0000000081d00000| Untracked 
|  30|0x0000000081e00000, 0x0000000081e00000, 0x0000000081f00000|  0%| F|  |TAMS 0x0000000081e00000, 0x0000000081e00000| Untracked 
|  31|0x0000000081f00000, 0x0000000081f00000, 0x0000000082000000|  0%| F|  |TAMS 0x0000000081f00000, 0x0000000081f00000| Untracked 
|  32|0x0000000082000000, 0x0000000082000000, 0x0000000082100000|  0%| F|  |TAMS 0x0000000082000000, 0x0000000082000000| Untracked 
|  33|0x0000000082100000, 0x0000000082100000, 0x0000000082200000|  0%| F|  |TAMS 0x0000000082100000, 0x0000000082100000| Untracked 
|  34|0x0000000082200000, 0x0000000082200000, 0x0000000082300000|  0%| F|  |TAMS 0x0000000082200000, 0x0000000082200000| Untracked 
|  35|0x0000000082300000, 0x0000000082300000, 0x0000000082400000|  0%| F|  |TAMS 0x0000000082300000, 0x0000000082300000| Untracked 
|  36|0x0000000082400000, 0x0000000082400000, 0x0000000082500000|  0%| F|  |TAMS 0x0000000082400000, 0x0000000082400000| Untracked 
|  37|0x0000000082500000, 0x0000000082500000, 0x0000000082600000|  0%| F|  |TAMS 0x0000000082500000, 0x0000000082500000| Untracked 
|  38|0x0000000082600000, 0x0000000082600000, 0x0000000082700000|  0%| F|  |TAMS 0x0000000082600000, 0x0000000082600000| Untracked 
|  39|0x0000000082700000, 0x0000000082700000, 0x0000000082800000|  0%| F|  |TAMS 0x0000000082700000, 0x0000000082700000| Untracked 
|  40|0x0000000082800000, 0x0000000082800000, 0x0000000082900000|  0%| F|  |TAMS 0x0000000082800000, 0x0000000082800000| Untracked 
|  41|0x0000000082900000, 0x0000000082900000, 0x0000000082a00000|  0%| F|  |TAMS 0x0000000082900000, 0x0000000082900000| Untracked 
|  42|0x0000000082a00000, 0x0000000082a00000, 0x0000000082b00000|  0%| F|  |TAMS 0x0000000082a00000, 0x0000000082a00000| Untracked 
|  43|0x0000000082b00000, 0x0000000082b00000, 0x0000000082c00000|  0%| F|  |TAMS 0x0000000082b00000, 0x0000000082b00000| Untracked 
|  44|0x0000000082c00000, 0x0000000082c00000, 0x0000000082d00000|  0%| F|  |TAMS 0x0000000082c00000, 0x0000000082c00000| Untracked 
|  45|0x0000000082d00000, 0x0000000082d00000, 0x0000000082e00000|  0%| F|  |TAMS 0x0000000082d00000, 0x0000000082d00000| Untracked 
|  46|0x0000000082e00000, 0x0000000082e00000, 0x0000000082f00000|  0%| F|  |TAMS 0x0000000082e00000, 0x0000000082e00000| Untracked 
|  47|0x0000000082f00000, 0x0000000082f00000, 0x0000000083000000|  0%| F|  |TAMS 0x0000000082f00000, 0x0000000082f00000| Untracked 
|  48|0x0000000083000000, 0x0000000083000000, 0x0000000083100000|  0%| F|  |TAMS 0x0000000083000000, 0x0000000083000000| Untracked 
|  49|0x0000000083100000, 0x0000000083100000, 0x0000000083200000|  0%| F|  |TAMS 0x0000000083100000, 0x0000000083100000| Untracked 
|  50|0x0000000083200000, 0x0000000083200000, 0x0000000083300000|  0%| F|  |TAMS 0x0000000083200000, 0x0000000083200000| Untracked 
|  51|0x0000000083300000, 0x0000000083300000, 0x0000000083400000|  0%| F|  |TAMS 0x0000000083300000, 0x0000000083300000| Untracked 
|  52|0x0000000083400000, 0x0000000083400000, 0x0000000083500000|  0%| F|  |TAMS 0x0000000083400000, 0x0000000083400000| Untracked 
|  53|0x0000000083500000, 0x0000000083500000, 0x0000000083600000|  0%| F|  |TAMS 0x0000000083500000, 0x0000000083500000| Untracked 
|  54|0x0000000083600000, 0x0000000083600000, 0x0000000083700000|  0%| F|  |TAMS 0x0000000083600000, 0x0000000083600000| Untracked 
|  55|0x0000000083700000, 0x0000000083700000, 0x0000000083800000|  0%| F|  |TAMS 0x0000000083700000, 0x0000000083700000| Untracked 
|  56|0x0000000083800000, 0x0000000083800000, 0x0000000083900000|  0%| F|  |TAMS 0x0000000083800000, 0x0000000083800000| Untracked 
|  57|0x0000000083900000, 0x0000000083900000, 0x0000000083a00000|  0%| F|  |TAMS 0x0000000083900000, 0x0000000083900000| Untracked 
|  58|0x0000000083a00000, 0x0000000083a00000, 0x0000000083b00000|  0%| F|  |TAMS 0x0000000083a00000, 0x0000000083a00000| Untracked 
|  59|0x0000000083b00000, 0x0000000083b00000, 0x0000000083c00000|  0%| F|  |TAMS 0x0000000083b00000, 0x0000000083b00000| Untracked 
|  60|0x0000000083c00000, 0x0000000083c00000, 0x0000000083d00000|  0%| F|  |TAMS 0x0000000083c00000, 0x0000000083c00000| Untracked 
|  61|0x0000000083d00000, 0x0000000083d00000, 0x0000000083e00000|  0%| F|  |TAMS 0x0000000083d00000, 0x0000000083d00000| Untracked 
|  62|0x0000000083e00000, 0x0000000083e00000, 0x0000000083f00000|  0%| F|  |TAMS 0x0000000083e00000, 0x0000000083e00000| Untracked 
|  63|0x0000000083f00000, 0x0000000083f00000, 0x0000000084000000|  0%| F|  |TAMS 0x0000000083f00000, 0x0000000083f00000| Untracked 
|  64|0x0000000084000000, 0x0000000084000000, 0x0000000084100000|  0%| F|  |TAMS 0x0000000084000000, 0x0000000084000000| Untracked 
|  65|0x0000000084100000, 0x0000000084100000, 0x0000000084200000|  0%| F|  |TAMS 0x0000000084100000, 0x0000000084100000| Untracked 
|  66|0x0000000084200000, 0x0000000084200000, 0x0000000084300000|  0%| F|  |TAMS 0x0000000084200000, 0x0000000084200000| Untracked 
|  67|0x0000000084300000, 0x0000000084300000, 0x0000000084400000|  0%| F|  |TAMS 0x0000000084300000, 0x0000000084300000| Untracked 
|  68|0x0000000084400000, 0x0000000084400000, 0x0000000084500000|  0%| F|  |TAMS 0x0000000084400000, 0x0000000084400000| Untracked 
|  69|0x0000000084500000, 0x0000000084500000, 0x0000000084600000|  0%| F|  |TAMS 0x0000000084500000, 0x0000000084500000| Untracked 
|  70|0x0000000084600000, 0x0000000084600000, 0x0000000084700000|  0%| F|  |TAMS 0x0000000084600000, 0x0000000084600000| Untracked 
|  71|0x0000000084700000, 0x0000000084700000, 0x0000000084800000|  0%| F|  |TAMS 0x0000000084700000, 0x0000000084700000| Untracked 
|  72|0x0000000084800000, 0x0000000084800000, 0x0000000084900000|  0%| F|  |TAMS 0x0000000084800000, 0x0000000084800000| Untracked 
|  73|0x0000000084900000, 0x0000000084900000, 0x0000000084a00000|  0%| F|  |TAMS 0x0000000084900000, 0x0000000084900000| Untracked 
|  74|0x0000000084a00000, 0x0000000084a00000, 0x0000000084b00000|  0%| F|  |TAMS 0x0000000084a00000, 0x0000000084a00000| Untracked 
|  75|0x0000000084b00000, 0x0000000084b00000, 0x0000000084c00000|  0%| F|  |TAMS 0x0000000084b00000, 0x0000000084b00000| Untracked 
|  76|0x0000000084c00000, 0x0000000084c00000, 0x0000000084d00000|  0%| F|  |TAMS 0x0000000084c00000, 0x0000000084c00000| Untracked 
|  77|0x0000000084d00000, 0x0000000084d00000, 0x0000000084e00000|  0%| F|  |TAMS 0x0000000084d00000, 0x0000000084d00000| Untracked 
|  78|0x0000000084e00000, 0x0000000084e00000, 0x0000000084f00000|  0%| F|  |TAMS 0x0000000084e00000, 0x0000000084e00000| Untracked 
|  79|0x0000000084f00000, 0x0000000084f00000, 0x0000000085000000|  0%| F|  |TAMS 0x0000000084f00000, 0x0000000084f00000| Untracked 
|  80|0x0000000085000000, 0x0000000085000000, 0x0000000085100000|  0%| F|  |TAMS 0x0000000085000000, 0x0000000085000000| Untracked 
|  81|0x0000000085100000, 0x0000000085100000, 0x0000000085200000|  0%| F|  |TAMS 0x0000000085100000, 0x0000000085100000| Untracked 
|  82|0x0000000085200000, 0x0000000085200000, 0x0000000085300000|  0%| F|  |TAMS 0x0000000085200000, 0x0000000085200000| Untracked 
|  83|0x0000000085300000, 0x0000000085300000, 0x0000000085400000|  0%| F|  |TAMS 0x0000000085300000, 0x0000000085300000| Untracked 
|  84|0x0000000085400000, 0x0000000085400000, 0x0000000085500000|  0%| F|  |TAMS 0x0000000085400000, 0x0000000085400000| Untracked 
|  85|0x0000000085500000, 0x0000000085500000, 0x0000000085600000|  0%| F|  |TAMS 0x0000000085500000, 0x0000000085500000| Untracked 
|  86|0x0000000085600000, 0x0000000085600000, 0x0000000085700000|  0%| F|  |TAMS 0x0000000085600000, 0x0000000085600000| Untracked 
|  87|0x0000000085700000, 0x0000000085700000, 0x0000000085800000|  0%| F|  |TAMS 0x0000000085700000, 0x0000000085700000| Untracked 
|  88|0x0000000085800000, 0x0000000085800000, 0x0000000085900000|  0%| F|  |TAMS 0x0000000085800000, 0x0000000085800000| Untracked 
|  89|0x0000000085900000, 0x0000000085900000, 0x0000000085a00000|  0%| F|  |TAMS 0x0000000085900000, 0x0000000085900000| Untracked 
|  90|0x0000000085a00000, 0x0000000085a00000, 0x0000000085b00000|  0%| F|  |TAMS 0x0000000085a00000, 0x0000000085a00000| Untracked 
|  91|0x0000000085b00000, 0x0000000085b00000, 0x0000000085c00000|  0%| F|  |TAMS 0x0000000085b00000, 0x0000000085b00000| Untracked 
|  92|0x0000000085c00000, 0x0000000085c00000, 0x0000000085d00000|  0%| F|  |TAMS 0x0000000085c00000, 0x0000000085c00000| Untracked 
|  93|0x0000000085d00000, 0x0000000085d00000, 0x0000000085e00000|  0%| F|  |TAMS 0x0000000085d00000, 0x0000000085d00000| Untracked 
|  94|0x0000000085e00000, 0x0000000085e00000, 0x0000000085f00000|  0%| F|  |TAMS 0x0000000085e00000, 0x0000000085e00000| Untracked 
|  95|0x0000000085f00000, 0x0000000085f00000, 0x0000000086000000|  0%| F|  |TAMS 0x0000000085f00000, 0x0000000085f00000| Untracked 
|  96|0x0000000086000000, 0x0000000086000000, 0x0000000086100000|  0%| F|  |TAMS 0x0000000086000000, 0x0000000086000000| Untracked 
|  97|0x0000000086100000, 0x0000000086100000, 0x0000000086200000|  0%| F|  |TAMS 0x0000000086100000, 0x0000000086100000| Untracked 
|  98|0x0000000086200000, 0x0000000086200000, 0x0000000086300000|  0%| F|  |TAMS 0x0000000086200000, 0x0000000086200000| Untracked 
|  99|0x0000000086300000, 0x0000000086300000, 0x0000000086400000|  0%| F|  |TAMS 0x0000000086300000, 0x0000000086300000| Untracked 
| 100|0x0000000086400000, 0x0000000086400000, 0x0000000086500000|  0%| F|  |TAMS 0x0000000086400000, 0x0000000086400000| Untracked 
| 101|0x0000000086500000, 0x0000000086500000, 0x0000000086600000|  0%| F|  |TAMS 0x0000000086500000, 0x0000000086500000| Untracked 
| 102|0x0000000086600000, 0x0000000086600000, 0x0000000086700000|  0%| F|  |TAMS 0x0000000086600000, 0x0000000086600000| Untracked 
| 103|0x0000000086700000, 0x0000000086700000, 0x0000000086800000|  0%| F|  |TAMS 0x0000000086700000, 0x0000000086700000| Untracked 
| 104|0x0000000086800000, 0x0000000086800000, 0x0000000086900000|  0%| F|  |TAMS 0x0000000086800000, 0x0000000086800000| Untracked 
| 105|0x0000000086900000, 0x0000000086900000, 0x0000000086a00000|  0%| F|  |TAMS 0x0000000086900000, 0x0000000086900000| Untracked 
| 106|0x0000000086a00000, 0x0000000086a00000, 0x0000000086b00000|  0%| F|  |TAMS 0x0000000086a00000, 0x0000000086a00000| Untracked 
| 107|0x0000000086b00000, 0x0000000086b00000, 0x0000000086c00000|  0%| F|  |TAMS 0x0000000086b00000, 0x0000000086b00000| Untracked 
| 108|0x0000000086c00000, 0x0000000086c00000, 0x0000000086d00000|  0%| F|  |TAMS 0x0000000086c00000, 0x0000000086c00000| Untracked 
| 109|0x0000000086d00000, 0x0000000086d00000, 0x0000000086e00000|  0%| F|  |TAMS 0x0000000086d00000, 0x0000000086d00000| Untracked 
| 110|0x0000000086e00000, 0x0000000086e00000, 0x0000000086f00000|  0%| F|  |TAMS 0x0000000086e00000, 0x0000000086e00000| Untracked 
| 111|0x0000000086f00000, 0x0000000086f74c88, 0x0000000087000000| 45%| S|CS|TAMS 0x0000000086f00000, 0x0000000086f00000| Complete 
| 112|0x0000000087000000, 0x0000000087100000, 0x0000000087100000|100%| S|CS|TAMS 0x0000000087000000, 0x0000000087000000| Complete 
| 113|0x0000000087100000, 0x0000000087200000, 0x0000000087200000|100%| S|CS|TAMS 0x0000000087100000, 0x0000000087100000| Complete 
| 114|0x0000000087200000, 0x0000000087300000, 0x0000000087300000|100%| S|CS|TAMS 0x0000000087200000, 0x0000000087200000| Complete 
| 115|0x0000000087300000, 0x0000000087400000, 0x0000000087400000|100%| S|CS|TAMS 0x0000000087300000, 0x0000000087300000| Complete 
| 116|0x0000000087400000, 0x0000000087500000, 0x0000000087500000|100%| S|CS|TAMS 0x0000000087400000, 0x0000000087400000| Complete 
| 117|0x0000000087500000, 0x0000000087600000, 0x0000000087600000|100%| S|CS|TAMS 0x0000000087500000, 0x0000000087500000| Complete 
| 118|0x0000000087600000, 0x0000000087700000, 0x0000000087700000|100%| S|CS|TAMS 0x0000000087600000, 0x0000000087600000| Complete 
| 119|0x0000000087700000, 0x0000000087800000, 0x0000000087800000|100%| S|CS|TAMS 0x0000000087700000, 0x0000000087700000| Complete 
| 120|0x0000000087800000, 0x0000000087900000, 0x0000000087900000|100%| S|CS|TAMS 0x0000000087800000, 0x0000000087800000| Complete 
| 121|0x0000000087900000, 0x0000000087a00000, 0x0000000087a00000|100%| S|CS|TAMS 0x0000000087900000, 0x0000000087900000| Complete 
| 122|0x0000000087a00000, 0x0000000087b00000, 0x0000000087b00000|100%| S|CS|TAMS 0x0000000087a00000, 0x0000000087a00000| Complete 
| 123|0x0000000087b00000, 0x0000000087c00000, 0x0000000087c00000|100%| S|CS|TAMS 0x0000000087b00000, 0x0000000087b00000| Complete 
| 124|0x0000000087c00000, 0x0000000087c00000, 0x0000000087d00000|  0%| F|  |TAMS 0x0000000087c00000, 0x0000000087c00000| Untracked 
| 125|0x0000000087d00000, 0x0000000087d00000, 0x0000000087e00000|  0%| F|  |TAMS 0x0000000087d00000, 0x0000000087d00000| Untracked 
| 126|0x0000000087e00000, 0x0000000087e00000, 0x0000000087f00000|  0%| F|  |TAMS 0x0000000087e00000, 0x0000000087e00000| Untracked 
| 127|0x0000000087f00000, 0x0000000087f00000, 0x0000000088000000|  0%| F|  |TAMS 0x0000000087f00000, 0x0000000087f00000| Untracked 
| 128|0x0000000088000000, 0x0000000088000000, 0x0000000088100000|  0%| F|  |TAMS 0x0000000088000000, 0x0000000088000000| Untracked 
| 129|0x0000000088100000, 0x0000000088100000, 0x0000000088200000|  0%| F|  |TAMS 0x0000000088100000, 0x0000000088100000| Untracked 
| 130|0x0000000088200000, 0x0000000088200000, 0x0000000088300000|  0%| F|  |TAMS 0x0000000088200000, 0x0000000088200000| Untracked 
| 131|0x0000000088300000, 0x0000000088300000, 0x0000000088400000|  0%| F|  |TAMS 0x0000000088300000, 0x0000000088300000| Untracked 
| 132|0x0000000088400000, 0x0000000088400000, 0x0000000088500000|  0%| F|  |TAMS 0x0000000088400000, 0x0000000088400000| Untracked 
| 133|0x0000000088500000, 0x0000000088500000, 0x0000000088600000|  0%| F|  |TAMS 0x0000000088500000, 0x0000000088500000| Untracked 
| 134|0x0000000088600000, 0x0000000088600000, 0x0000000088700000|  0%| F|  |TAMS 0x0000000088600000, 0x0000000088600000| Untracked 
| 135|0x0000000088700000, 0x0000000088700000, 0x0000000088800000|  0%| F|  |TAMS 0x0000000088700000, 0x0000000088700000| Untracked 
| 136|0x0000000088800000, 0x0000000088800000, 0x0000000088900000|  0%| F|  |TAMS 0x0000000088800000, 0x0000000088800000| Untracked 
| 137|0x0000000088900000, 0x0000000088900000, 0x0000000088a00000|  0%| F|  |TAMS 0x0000000088900000, 0x0000000088900000| Untracked 
| 138|0x0000000088a00000, 0x0000000088a00000, 0x0000000088b00000|  0%| F|  |TAMS 0x0000000088a00000, 0x0000000088a00000| Untracked 
| 139|0x0000000088b00000, 0x0000000088b00000, 0x0000000088c00000|  0%| F|  |TAMS 0x0000000088b00000, 0x0000000088b00000| Untracked 
| 140|0x0000000088c00000, 0x0000000088c00000, 0x0000000088d00000|  0%| F|  |TAMS 0x0000000088c00000, 0x0000000088c00000| Untracked 
| 141|0x0000000088d00000, 0x0000000088d00000, 0x0000000088e00000|  0%| F|  |TAMS 0x0000000088d00000, 0x0000000088d00000| Untracked 
| 142|0x0000000088e00000, 0x0000000088e00000, 0x0000000088f00000|  0%| F|  |TAMS 0x0000000088e00000, 0x0000000088e00000| Untracked 
| 143|0x0000000088f00000, 0x0000000088f00000, 0x0000000089000000|  0%| F|  |TAMS 0x0000000088f00000, 0x0000000088f00000| Untracked 
| 144|0x0000000089000000, 0x0000000089000000, 0x0000000089100000|  0%| F|  |TAMS 0x0000000089000000, 0x0000000089000000| Untracked 
| 145|0x0000000089100000, 0x0000000089100000, 0x0000000089200000|  0%| F|  |TAMS 0x0000000089100000, 0x0000000089100000| Untracked 
| 146|0x0000000089200000, 0x0000000089200000, 0x0000000089300000|  0%| F|  |TAMS 0x0000000089200000, 0x0000000089200000| Untracked 
| 147|0x0000000089300000, 0x0000000089300000, 0x0000000089400000|  0%| F|  |TAMS 0x0000000089300000, 0x0000000089300000| Untracked 
| 148|0x0000000089400000, 0x0000000089400000, 0x0000000089500000|  0%| F|  |TAMS 0x0000000089400000, 0x0000000089400000| Untracked 
| 149|0x0000000089500000, 0x0000000089500000, 0x0000000089600000|  0%| F|  |TAMS 0x0000000089500000, 0x0000000089500000| Untracked 
| 150|0x0000000089600000, 0x0000000089600000, 0x0000000089700000|  0%| F|  |TAMS 0x0000000089600000, 0x0000000089600000| Untracked 
| 151|0x0000000089700000, 0x0000000089700000, 0x0000000089800000|  0%| F|  |TAMS 0x0000000089700000, 0x0000000089700000| Untracked 
| 152|0x0000000089800000, 0x0000000089800000, 0x0000000089900000|  0%| F|  |TAMS 0x0000000089800000, 0x0000000089800000| Untracked 
| 153|0x0000000089900000, 0x0000000089a00000, 0x0000000089a00000|100%| E|  |TAMS 0x0000000089900000, 0x0000000089900000| Complete 
| 154|0x0000000089a00000, 0x0000000089b00000, 0x0000000089b00000|100%| E|CS|TAMS 0x0000000089a00000, 0x0000000089a00000| Complete 
| 155|0x0000000089b00000, 0x0000000089c00000, 0x0000000089c00000|100%| E|CS|TAMS 0x0000000089b00000, 0x0000000089b00000| Complete 
| 156|0x0000000089c00000, 0x0000000089d00000, 0x0000000089d00000|100%| E|CS|TAMS 0x0000000089c00000, 0x0000000089c00000| Complete 
| 157|0x0000000089d00000, 0x0000000089e00000, 0x0000000089e00000|100%| E|CS|TAMS 0x0000000089d00000, 0x0000000089d00000| Complete 
| 158|0x0000000089e00000, 0x0000000089f00000, 0x0000000089f00000|100%| E|CS|TAMS 0x0000000089e00000, 0x0000000089e00000| Complete 
| 159|0x0000000089f00000, 0x000000008a000000, 0x000000008a000000|100%| E|CS|TAMS 0x0000000089f00000, 0x0000000089f00000| Complete 
| 160|0x000000008a000000, 0x000000008a100000, 0x000000008a100000|100%| E|CS|TAMS 0x000000008a000000, 0x000000008a000000| Complete 
| 161|0x000000008a100000, 0x000000008a200000, 0x000000008a200000|100%| E|CS|TAMS 0x000000008a100000, 0x000000008a100000| Complete 
| 162|0x000000008a200000, 0x000000008a300000, 0x000000008a300000|100%| E|CS|TAMS 0x000000008a200000, 0x000000008a200000| Complete 
| 163|0x000000008a300000, 0x000000008a400000, 0x000000008a400000|100%| E|CS|TAMS 0x000000008a300000, 0x000000008a300000| Complete 
| 164|0x000000008a400000, 0x000000008a500000, 0x000000008a500000|100%| E|CS|TAMS 0x000000008a400000, 0x000000008a400000| Complete 
| 165|0x000000008a500000, 0x000000008a600000, 0x000000008a600000|100%| E|CS|TAMS 0x000000008a500000, 0x000000008a500000| Complete 
| 166|0x000000008a600000, 0x000000008a700000, 0x000000008a700000|100%| E|CS|TAMS 0x000000008a600000, 0x000000008a600000| Complete 
| 167|0x000000008a700000, 0x000000008a800000, 0x000000008a800000|100%| E|CS|TAMS 0x000000008a700000, 0x000000008a700000| Complete 
| 168|0x000000008a800000, 0x000000008a900000, 0x000000008a900000|100%| E|CS|TAMS 0x000000008a800000, 0x000000008a800000| Complete 
| 169|0x000000008a900000, 0x000000008aa00000, 0x000000008aa00000|100%| E|CS|TAMS 0x000000008a900000, 0x000000008a900000| Complete 
| 170|0x000000008aa00000, 0x000000008ab00000, 0x000000008ab00000|100%| E|CS|TAMS 0x000000008aa00000, 0x000000008aa00000| Complete 
| 171|0x000000008ab00000, 0x000000008ac00000, 0x000000008ac00000|100%| E|CS|TAMS 0x000000008ab00000, 0x000000008ab00000| Complete 
| 172|0x000000008ac00000, 0x000000008ad00000, 0x000000008ad00000|100%| E|CS|TAMS 0x000000008ac00000, 0x000000008ac00000| Complete 
| 173|0x000000008ad00000, 0x000000008ae00000, 0x000000008ae00000|100%| E|CS|TAMS 0x000000008ad00000, 0x000000008ad00000| Complete 
| 174|0x000000008ae00000, 0x000000008af00000, 0x000000008af00000|100%| E|CS|TAMS 0x000000008ae00000, 0x000000008ae00000| Complete 
| 175|0x000000008af00000, 0x000000008b000000, 0x000000008b000000|100%| E|CS|TAMS 0x000000008af00000, 0x000000008af00000| Complete 
| 176|0x000000008b000000, 0x000000008b100000, 0x000000008b100000|100%| E|CS|TAMS 0x000000008b000000, 0x000000008b000000| Complete 
| 177|0x000000008b100000, 0x000000008b200000, 0x000000008b200000|100%| E|CS|TAMS 0x000000008b100000, 0x000000008b100000| Complete 
| 178|0x000000008b200000, 0x000000008b300000, 0x000000008b300000|100%| E|CS|TAMS 0x000000008b200000, 0x000000008b200000| Complete 
| 179|0x000000008b300000, 0x000000008b400000, 0x000000008b400000|100%| E|CS|TAMS 0x000000008b300000, 0x000000008b300000| Complete 
| 180|0x000000008b400000, 0x000000008b500000, 0x000000008b500000|100%| E|CS|TAMS 0x000000008b400000, 0x000000008b400000| Complete 
| 181|0x000000008b500000, 0x000000008b600000, 0x000000008b600000|100%| E|CS|TAMS 0x000000008b500000, 0x000000008b500000| Complete 
| 182|0x000000008b600000, 0x000000008b700000, 0x000000008b700000|100%| E|CS|TAMS 0x000000008b600000, 0x000000008b600000| Complete 
| 183|0x000000008b700000, 0x000000008b800000, 0x000000008b800000|100%| E|CS|TAMS 0x000000008b700000, 0x000000008b700000| Complete 
| 184|0x000000008b800000, 0x000000008b900000, 0x000000008b900000|100%| E|CS|TAMS 0x000000008b800000, 0x000000008b800000| Complete 
| 185|0x000000008b900000, 0x000000008ba00000, 0x000000008ba00000|100%| E|CS|TAMS 0x000000008b900000, 0x000000008b900000| Complete 
| 186|0x000000008ba00000, 0x000000008bb00000, 0x000000008bb00000|100%| E|CS|TAMS 0x000000008ba00000, 0x000000008ba00000| Complete 
| 187|0x000000008bb00000, 0x000000008bc00000, 0x000000008bc00000|100%| E|CS|TAMS 0x000000008bb00000, 0x000000008bb00000| Complete 
| 188|0x000000008bc00000, 0x000000008bd00000, 0x000000008bd00000|100%| E|CS|TAMS 0x000000008bc00000, 0x000000008bc00000| Complete 
| 189|0x000000008bd00000, 0x000000008be00000, 0x000000008be00000|100%| E|CS|TAMS 0x000000008bd00000, 0x000000008bd00000| Complete 
| 190|0x000000008be00000, 0x000000008bf00000, 0x000000008bf00000|100%| E|CS|TAMS 0x000000008be00000, 0x000000008be00000| Complete 
| 191|0x000000008bf00000, 0x000000008c000000, 0x000000008c000000|100%| E|CS|TAMS 0x000000008bf00000, 0x000000008bf00000| Complete 
| 192|0x000000008c000000, 0x000000008c100000, 0x000000008c100000|100%| E|CS|TAMS 0x000000008c000000, 0x000000008c000000| Complete 
| 193|0x000000008c100000, 0x000000008c200000, 0x000000008c200000|100%| E|CS|TAMS 0x000000008c100000, 0x000000008c100000| Complete 
| 194|0x000000008c200000, 0x000000008c300000, 0x000000008c300000|100%| E|CS|TAMS 0x000000008c200000, 0x000000008c200000| Complete 
| 195|0x000000008c300000, 0x000000008c400000, 0x000000008c400000|100%| E|CS|TAMS 0x000000008c300000, 0x000000008c300000| Complete 
| 196|0x000000008c400000, 0x000000008c500000, 0x000000008c500000|100%| E|CS|TAMS 0x000000008c400000, 0x000000008c400000| Complete 
| 197|0x000000008c500000, 0x000000008c600000, 0x000000008c600000|100%| E|CS|TAMS 0x000000008c500000, 0x000000008c500000| Complete 
| 198|0x000000008c600000, 0x000000008c700000, 0x000000008c700000|100%| E|CS|TAMS 0x000000008c600000, 0x000000008c600000| Complete 
| 199|0x000000008c700000, 0x000000008c800000, 0x000000008c800000|100%| E|CS|TAMS 0x000000008c700000, 0x000000008c700000| Complete 
| 200|0x000000008c800000, 0x000000008c900000, 0x000000008c900000|100%| E|CS|TAMS 0x000000008c800000, 0x000000008c800000| Complete 
| 201|0x000000008c900000, 0x000000008ca00000, 0x000000008ca00000|100%| E|CS|TAMS 0x000000008c900000, 0x000000008c900000| Complete 
| 202|0x000000008ca00000, 0x000000008cb00000, 0x000000008cb00000|100%| E|CS|TAMS 0x000000008ca00000, 0x000000008ca00000| Complete 
| 203|0x000000008cb00000, 0x000000008cc00000, 0x000000008cc00000|100%| E|CS|TAMS 0x000000008cb00000, 0x000000008cb00000| Complete 
| 204|0x000000008cc00000, 0x000000008cd00000, 0x000000008cd00000|100%| E|CS|TAMS 0x000000008cc00000, 0x000000008cc00000| Complete 
| 205|0x000000008cd00000, 0x000000008ce00000, 0x000000008ce00000|100%| E|CS|TAMS 0x000000008cd00000, 0x000000008cd00000| Complete 
| 206|0x000000008ce00000, 0x000000008cf00000, 0x000000008cf00000|100%| E|CS|TAMS 0x000000008ce00000, 0x000000008ce00000| Complete 
| 207|0x000000008cf00000, 0x000000008d000000, 0x000000008d000000|100%| E|CS|TAMS 0x000000008cf00000, 0x000000008cf00000| Complete 
| 208|0x000000008d000000, 0x000000008d100000, 0x000000008d100000|100%| E|CS|TAMS 0x000000008d000000, 0x000000008d000000| Complete 
| 209|0x000000008d100000, 0x000000008d200000, 0x000000008d200000|100%| E|CS|TAMS 0x000000008d100000, 0x000000008d100000| Complete 
| 210|0x000000008d200000, 0x000000008d300000, 0x000000008d300000|100%| E|CS|TAMS 0x000000008d200000, 0x000000008d200000| Complete 
| 211|0x000000008d300000, 0x000000008d400000, 0x000000008d400000|100%| E|CS|TAMS 0x000000008d300000, 0x000000008d300000| Complete 
| 212|0x000000008d400000, 0x000000008d500000, 0x000000008d500000|100%| E|CS|TAMS 0x000000008d400000, 0x000000008d400000| Complete 
| 213|0x000000008d500000, 0x000000008d600000, 0x000000008d600000|100%| E|CS|TAMS 0x000000008d500000, 0x000000008d500000| Complete 
| 214|0x000000008d600000, 0x000000008d700000, 0x000000008d700000|100%| E|  |TAMS 0x000000008d600000, 0x000000008d600000| Complete 
| 215|0x000000008d700000, 0x000000008d800000, 0x000000008d800000|100%| E|CS|TAMS 0x000000008d700000, 0x000000008d700000| Complete 
| 216|0x000000008d800000, 0x000000008d900000, 0x000000008d900000|100%| E|CS|TAMS 0x000000008d800000, 0x000000008d800000| Complete 
| 217|0x000000008d900000, 0x000000008da00000, 0x000000008da00000|100%| E|CS|TAMS 0x000000008d900000, 0x000000008d900000| Complete 
| 218|0x000000008da00000, 0x000000008db00000, 0x000000008db00000|100%| E|CS|TAMS 0x000000008da00000, 0x000000008da00000| Complete 
| 219|0x000000008db00000, 0x000000008dc00000, 0x000000008dc00000|100%| E|CS|TAMS 0x000000008db00000, 0x000000008db00000| Complete 
| 220|0x000000008dc00000, 0x000000008dd00000, 0x000000008dd00000|100%| E|CS|TAMS 0x000000008dc00000, 0x000000008dc00000| Complete 
| 221|0x000000008dd00000, 0x000000008de00000, 0x000000008de00000|100%| E|CS|TAMS 0x000000008dd00000, 0x000000008dd00000| Complete 
| 222|0x000000008de00000, 0x000000008df00000, 0x000000008df00000|100%| E|CS|TAMS 0x000000008de00000, 0x000000008de00000| Complete 
| 223|0x000000008df00000, 0x000000008e000000, 0x000000008e000000|100%| E|CS|TAMS 0x000000008df00000, 0x000000008df00000| Complete 
| 224|0x000000008e000000, 0x000000008e100000, 0x000000008e100000|100%| E|CS|TAMS 0x000000008e000000, 0x000000008e000000| Complete 
| 225|0x000000008e100000, 0x000000008e200000, 0x000000008e200000|100%| E|CS|TAMS 0x000000008e100000, 0x000000008e100000| Complete 
| 226|0x000000008e200000, 0x000000008e300000, 0x000000008e300000|100%| E|CS|TAMS 0x000000008e200000, 0x000000008e200000| Complete 
| 227|0x000000008e300000, 0x000000008e400000, 0x000000008e400000|100%| E|CS|TAMS 0x000000008e300000, 0x000000008e300000| Complete 
| 228|0x000000008e400000, 0x000000008e500000, 0x000000008e500000|100%| E|CS|TAMS 0x000000008e400000, 0x000000008e400000| Complete 
| 229|0x000000008e500000, 0x000000008e600000, 0x000000008e600000|100%| E|CS|TAMS 0x000000008e500000, 0x000000008e500000| Complete 
| 230|0x000000008e600000, 0x000000008e700000, 0x000000008e700000|100%| E|CS|TAMS 0x000000008e600000, 0x000000008e600000| Complete 
| 231|0x000000008e700000, 0x000000008e800000, 0x000000008e800000|100%| E|CS|TAMS 0x000000008e700000, 0x000000008e700000| Complete 
| 232|0x000000008e800000, 0x000000008e900000, 0x000000008e900000|100%| E|CS|TAMS 0x000000008e800000, 0x000000008e800000| Complete 
| 233|0x000000008e900000, 0x000000008ea00000, 0x000000008ea00000|100%| E|CS|TAMS 0x000000008e900000, 0x000000008e900000| Complete 
| 234|0x000000008ea00000, 0x000000008eb00000, 0x000000008eb00000|100%| E|CS|TAMS 0x000000008ea00000, 0x000000008ea00000| Complete 
| 235|0x000000008eb00000, 0x000000008ec00000, 0x000000008ec00000|100%| E|CS|TAMS 0x000000008eb00000, 0x000000008eb00000| Complete 
| 236|0x000000008ec00000, 0x000000008ed00000, 0x000000008ed00000|100%| E|CS|TAMS 0x000000008ec00000, 0x000000008ec00000| Complete 
| 237|0x000000008ed00000, 0x000000008ee00000, 0x000000008ee00000|100%| E|CS|TAMS 0x000000008ed00000, 0x000000008ed00000| Complete 
| 238|0x000000008ee00000, 0x000000008ef00000, 0x000000008ef00000|100%| E|CS|TAMS 0x000000008ee00000, 0x000000008ee00000| Complete 
| 239|0x000000008ef00000, 0x000000008f000000, 0x000000008f000000|100%| E|CS|TAMS 0x000000008ef00000, 0x000000008ef00000| Complete 
| 240|0x000000008f000000, 0x000000008f100000, 0x000000008f100000|100%| E|CS|TAMS 0x000000008f000000, 0x000000008f000000| Complete 
| 241|0x000000008f100000, 0x000000008f200000, 0x000000008f200000|100%| E|CS|TAMS 0x000000008f100000, 0x000000008f100000| Complete 
| 242|0x000000008f200000, 0x000000008f300000, 0x000000008f300000|100%| E|CS|TAMS 0x000000008f200000, 0x000000008f200000| Complete 
| 243|0x000000008f300000, 0x000000008f400000, 0x000000008f400000|100%| E|CS|TAMS 0x000000008f300000, 0x000000008f300000| Complete 
| 244|0x000000008f400000, 0x000000008f500000, 0x000000008f500000|100%| E|CS|TAMS 0x000000008f400000, 0x000000008f400000| Complete 
| 245|0x000000008f500000, 0x000000008f600000, 0x000000008f600000|100%| E|CS|TAMS 0x000000008f500000, 0x000000008f500000| Complete 
| 246|0x000000008f600000, 0x000000008f700000, 0x000000008f700000|100%| E|CS|TAMS 0x000000008f600000, 0x000000008f600000| Complete 
| 247|0x000000008f700000, 0x000000008f800000, 0x000000008f800000|100%| E|CS|TAMS 0x000000008f700000, 0x000000008f700000| Complete 
| 248|0x000000008f800000, 0x000000008f900000, 0x000000008f900000|100%| E|CS|TAMS 0x000000008f800000, 0x000000008f800000| Complete 
| 249|0x000000008f900000, 0x000000008fa00000, 0x000000008fa00000|100%| E|CS|TAMS 0x000000008f900000, 0x000000008f900000| Complete 
| 250|0x000000008fa00000, 0x000000008fb00000, 0x000000008fb00000|100%| E|CS|TAMS 0x000000008fa00000, 0x000000008fa00000| Complete 
| 251|0x000000008fb00000, 0x000000008fc00000, 0x000000008fc00000|100%| E|CS|TAMS 0x000000008fb00000, 0x000000008fb00000| Complete 
| 252|0x000000008fc00000, 0x000000008fd00000, 0x000000008fd00000|100%| E|CS|TAMS 0x000000008fc00000, 0x000000008fc00000| Complete 
| 253|0x000000008fd00000, 0x000000008fe00000, 0x000000008fe00000|100%| E|CS|TAMS 0x000000008fd00000, 0x000000008fd00000| Complete 

Card table byte_map: [0x000001e01f2a0000,0x000001e01f6a0000] _byte_map_base: 0x000001e01eea0000

Marking Bits (Prev, Next): (CMBitMap*) 0x000001e00c0c0968, (CMBitMap*) 0x000001e00c0c09a0
 Prev Bits: [0x000001e01faa0000, 0x000001e021aa0000)
 Next Bits: [0x000001e021aa0000, 0x000001e023aa0000)

Polling page: 0x000001e00a020000

Metaspace:

Usage:
  Non-class:     47.70 MB capacity,    46.88 MB ( 98%) used,   696.91 KB (  1%) free+waste,   142.50 KB ( <1%) overhead. 
      Class:      7.32 MB capacity,     6.82 MB ( 93%) used,   438.06 KB (  6%) free+waste,    67.81 KB ( <1%) overhead. 
       Both:     55.01 MB capacity,    53.70 MB ( 98%) used,     1.11 MB (  2%) free+waste,   210.31 KB ( <1%) overhead. 

Virtual space:
  Non-class space:       48.00 MB reserved,      47.75 MB (>99%) committed 
      Class space:        1.00 GB reserved,       7.45 MB ( <1%) committed 
             Both:        1.05 GB reserved,      55.20 MB (  5%) committed 

Chunk freelists:
   Non-Class:  56.00 KB
       Class:  27.00 KB
        Both:  83.00 KB

MaxMetaspaceSize: 17179869184.00 GB
CompressedClassSpaceSize: 1.00 GB

CodeHeap 'non-profiled nmethods': size=120000Kb used=3115Kb max_used=3115Kb free=116884Kb
 bounds [0x000001e017640000, 0x000001e017950000, 0x000001e01eb70000]
CodeHeap 'profiled nmethods': size=120000Kb used=11018Kb max_used=11018Kb free=108981Kb
 bounds [0x000001e010110000, 0x000001e010be0000, 0x000001e017640000]
CodeHeap 'non-nmethods': size=5760Kb used=2236Kb max_used=2287Kb free=3523Kb
 bounds [0x000001e00fb70000, 0x000001e00fde0000, 0x000001e010110000]
 total_blobs=6175 nmethods=5360 adapters=726
 compilation: enabled
              stopped_count=0, restarted_count=0
 full_count=0

Compilation events (20 events):
Event: 5.718 Thread 0x000001e026df2000 nmethod 5351 0x000001e017944190 code [0x000001e017944340, 0x000001e0179443f8]
Event: 5.721 Thread 0x000001e026df2000 5352       3       java.util.TreeMap::<init> (20 bytes)
Event: 5.721 Thread 0x000001e026df2000 nmethod 5352 0x000001e010bc7010 code [0x000001e010bc71c0, 0x000001e010bc73b8]
Event: 5.721 Thread 0x000001e0281ff800 nmethod 5349 0x000001e017944490 code [0x000001e017944620, 0x000001e017944898]
Event: 5.725 Thread 0x000001e0281ff800 5353       4       java.util.jar.Attributes::getValue (9 bytes)
Event: 5.730 Thread 0x000001e0281ff800 nmethod 5353 0x000001e017944a90 code [0x000001e017944c60, 0x000001e017944f58]
Event: 5.732 Thread 0x000001e026df2000 5354       3       org.gradle.internal.instantiation.generator.AbstractClassGenerator$InjectionAnnotationValidator::validateMethod (166 bytes)
Event: 5.734 Thread 0x000001e026df2000 nmethod 5354 0x000001e010bc7490 code [0x000001e010bc7820, 0x000001e010bc8ea8]
Event: 5.738 Thread 0x000001e026df2000 5355   !   3       java.util.concurrent.LinkedBlockingQueue::poll (128 bytes)
Event: 5.739 Thread 0x000001e026df2000 nmethod 5355 0x000001e010bc9590 code [0x000001e010bc9940, 0x000001e010bcb1a8]
Event: 5.753 Thread 0x000001e026df2000 5356       3       org.gradle.launcher.daemon.server.exec.DaemonConnectionBackedEventConsumer$ForwardEvents::moreMessagesToSend (35 bytes)
Event: 5.753 Thread 0x000001e0281ff800 5358       4       java.util.concurrent.ConcurrentLinkedQueue::poll (84 bytes)
Event: 5.753 Thread 0x000001e026df2000 nmethod 5356 0x000001e010bcbe10 code [0x000001e010bcbfe0, 0x000001e010bcc288]
Event: 5.753 Thread 0x000001e026df2000 5357   !   3       org.gradle.launcher.daemon.server.exec.DaemonConnectionBackedEventConsumer$ForwardEvents::getNextEvent (27 bytes)
Event: 5.753 Thread 0x000001e026df2000 nmethod 5357 0x000001e010bcc390 code [0x000001e010bcc560, 0x000001e010bcc7a8]
Event: 5.762 Thread 0x000001e0281ff800 nmethod 5358 0x000001e017945610 code [0x000001e0179457c0, 0x000001e017945d58]
Event: 5.782 Thread 0x000001e026df1000 nmethod 5322 0x000001e017945f90 code [0x000001e017946260, 0x000001e017949210]
Event: 5.785 Thread 0x000001e0281ff800 5360       4       java.lang.ClassLoader::checkPackageAccess (102 bytes)
Event: 5.786 Thread 0x000001e0281ff800 nmethod 5360 0x000001e01794a910 code [0x000001e01794aaa0, 0x000001e01794ab38]
Event: 5.792 Thread 0x000001e026df1000 5361       4       com.google.common.base.Equivalence$Equals::doHash (5 bytes)

GC Heap History (10 events):
Event: 0.534 GC heap before
{Heap before GC invocations=0 (full 0):
 garbage-first heap   total 260096K, used 29696K [0x0000000080000000, 0x0000000100000000)
  region size 1024K, 24 young (24576K), 0 survivors (0K)
 Metaspace       used 9783K, capacity 9986K, committed 10112K, reserved 1058816K
  class space    used 1022K, capacity 1102K, committed 1152K, reserved 1048576K
}
Event: 0.538 GC heap after
{Heap after GC invocations=1 (full 0):
 garbage-first heap   total 260096K, used 8961K [0x0000000080000000, 0x0000000100000000)
  region size 1024K, 3 young (3072K), 3 survivors (3072K)
 Metaspace       used 9783K, capacity 9986K, committed 10112K, reserved 1058816K
  class space    used 1022K, capacity 1102K, committed 1152K, reserved 1048576K
}
Event: 2.049 GC heap before
{Heap before GC invocations=1 (full 0):
 garbage-first heap   total 260096K, used 105217K [0x0000000080000000, 0x0000000100000000)
  region size 1024K, 98 young (100352K), 3 survivors (3072K)
 Metaspace       used 20599K, capacity 21132K, committed 21248K, reserved 1067008K
  class space    used 2525K, capacity 2725K, committed 2816K, reserved 1048576K
}
Event: 2.056 GC heap after
{Heap after GC invocations=2 (full 0):
 garbage-first heap   total 260096K, used 16243K [0x0000000080000000, 0x0000000100000000)
  region size 1024K, 11 young (11264K), 11 survivors (11264K)
 Metaspace       used 20599K, capacity 21132K, committed 21248K, reserved 1067008K
  class space    used 2525K, capacity 2725K, committed 2816K, reserved 1048576K
}
Event: 2.385 GC heap before
{Heap before GC invocations=3 (full 0):
 garbage-first heap   total 260096K, used 61299K [0x0000000080000000, 0x0000000100000000)
  region size 1024K, 55 young (56320K), 11 survivors (11264K)
 Metaspace       used 25160K, capacity 25769K, committed 26112K, reserved 1071104K
  class space    used 3278K, capacity 3487K, committed 3584K, reserved 1048576K
}
Event: 2.392 GC heap after
{Heap after GC invocations=4 (full 0):
 garbage-first heap   total 260096K, used 18434K [0x0000000080000000, 0x0000000100000000)
  region size 1024K, 3 young (3072K), 3 survivors (3072K)
 Metaspace       used 25160K, capacity 25769K, committed 26112K, reserved 1071104K
  class space    used 3278K, capacity 3487K, committed 3584K, reserved 1048576K
}
Event: 3.144 GC heap before
{Heap before GC invocations=4 (full 0):
 garbage-first heap   total 260096K, used 84994K [0x0000000080000000, 0x0000000100000000)
  region size 1024K, 69 young (70656K), 3 survivors (3072K)
 Metaspace       used 35053K, capacity 35830K, committed 35840K, reserved 1081344K
  class space    used 4548K, capacity 4864K, committed 4864K, reserved 1048576K
}
Event: 3.152 GC heap after
{Heap after GC invocations=5 (full 0):
 garbage-first heap   total 260096K, used 21910K [0x0000000080000000, 0x0000000100000000)
  region size 1024K, 6 young (6144K), 6 survivors (6144K)
 Metaspace       used 35053K, capacity 35830K, committed 35840K, reserved 1081344K
  class space    used 4548K, capacity 4864K, committed 4864K, reserved 1048576K
}
Event: 4.543 GC heap before
{Heap before GC invocations=6 (full 0):
 garbage-first heap   total 260096K, used 151958K [0x0000000080000000, 0x0000000100000000)
  region size 1024K, 130 young (133120K), 6 survivors (6144K)
 Metaspace       used 45280K, capacity 46408K, committed 46540K, reserved 1089536K
  class space    used 5826K, capacity 6227K, committed 6348K, reserved 1048576K
}
Event: 4.555 GC heap after
{Heap after GC invocations=7 (full 0):
 garbage-first heap   total 260096K, used 29023K [0x0000000080000000, 0x0000000100000000)
  region size 1024K, 13 young (13312K), 13 survivors (13312K)
 Metaspace       used 45280K, capacity 46408K, committed 46540K, reserved 1089536K
  class space    used 5826K, capacity 6227K, committed 6348K, reserved 1048576K
}

Deoptimization events (20 events):
Event: 5.317 Thread 0x000001e0289c6000 Uncommon trap: trap_request=0xffffff4d fr.pc=0x000001e01771dcf4 relative=0x0000000000000054
Event: 5.317 Thread 0x000001e0289c6000 Uncommon trap: reason=unstable_if action=reinterpret pc=0x000001e01771dcf4 method=java.util.regex.Pattern.has(I)Z @ 6 c2
Event: 5.317 Thread 0x000001e0289c6000 DEOPT PACKING pc=0x000001e01771dcf4 sp=0x00000042fb1f6820
Event: 5.317 Thread 0x000001e0289c6000 DEOPT UNPACKING pc=0x000001e00fb978af sp=0x00000042fb1f67b0 mode 2
Event: 5.332 Thread 0x000001e0289c6000 Uncommon trap: trap_request=0xffffff45 fr.pc=0x000001e01781e590 relative=0x0000000000000d50
Event: 5.332 Thread 0x000001e0289c6000 Uncommon trap: reason=unstable_fused_if action=reinterpret pc=0x000001e01781e590 method=org.objectweb.asm.ByteVector.putUTF8(Ljava/lang/String;)Lorg/objectweb/asm/ByteVector; @ 93 c2
Event: 5.332 Thread 0x000001e0289c6000 DEOPT PACKING pc=0x000001e01781e590 sp=0x00000042fb1f82d0
Event: 5.332 Thread 0x000001e0289c6000 DEOPT UNPACKING pc=0x000001e00fb978af sp=0x00000042fb1f8228 mode 2
Event: 5.332 Thread 0x000001e0289c6000 Uncommon trap: trap_request=0xffffff4d fr.pc=0x000001e0178540cc relative=0x000000000000294c
Event: 5.332 Thread 0x000001e0289c6000 Uncommon trap: reason=unstable_if action=reinterpret pc=0x000001e0178540cc method=org.objectweb.asm.Frame.execute(IILorg/objectweb/asm/Symbol;Lorg/objectweb/asm/SymbolTable;)V @ 1 c2
Event: 5.332 Thread 0x000001e0289c6000 DEOPT PACKING pc=0x000001e0178540cc sp=0x00000042fb1f84c0
Event: 5.332 Thread 0x000001e0289c6000 DEOPT UNPACKING pc=0x000001e00fb978af sp=0x00000042fb1f8468 mode 2
Event: 5.355 Thread 0x000001e0289c6000 Uncommon trap: trap_request=0xffffff45 fr.pc=0x000001e01775a56c relative=0x000000000000020c
Event: 5.355 Thread 0x000001e0289c6000 Uncommon trap: reason=unstable_fused_if action=reinterpret pc=0x000001e01775a56c method=org.objectweb.asm.ByteVector.putUTF8(Ljava/lang/String;)Lorg/objectweb/asm/ByteVector; @ 93 c2
Event: 5.355 Thread 0x000001e0289c6000 DEOPT PACKING pc=0x000001e01775a56c sp=0x00000042fb1f8600
Event: 5.355 Thread 0x000001e0289c6000 DEOPT UNPACKING pc=0x000001e00fb978af sp=0x00000042fb1f8580 mode 2
Event: 5.707 Thread 0x000001e0289c6000 Uncommon trap: trap_request=0xffffff4d fr.pc=0x000001e01793faa0 relative=0x0000000000000420
Event: 5.707 Thread 0x000001e0289c6000 Uncommon trap: reason=unstable_if action=reinterpret pc=0x000001e01793faa0 method=org.gradle.internal.instantiation.generator.AbstractClassGenerator$InjectionAnnotationValidator.validateMethod(Ljava/lang/reflect/Method;Lorg/gradle/internal/reflect/Propert
Event: 5.707 Thread 0x000001e0289c6000 DEOPT PACKING pc=0x000001e01793faa0 sp=0x00000042fb1f8260
Event: 5.707 Thread 0x000001e0289c6000 DEOPT UNPACKING pc=0x000001e00fb978af sp=0x00000042fb1f8228 mode 2

Classes redefined (0 events):
No events

Internal exceptions (20 events):
Event: 5.181 Thread 0x000001e029478800 Exception <a 'java/lang/NoSuchMethodError'{0x000000008cbb1250}: <clinit>> (0x000000008cbb1250) thrown at [./src/hotspot/share/prims/jni.cpp, line 1362]
Event: 5.182 Thread 0x000001e029478800 Exception <a 'java/lang/NoSuchMethodError'{0x000000008cbb2360}: <clinit>> (0x000000008cbb2360) thrown at [./src/hotspot/share/prims/jni.cpp, line 1362]
Event: 5.182 Thread 0x000001e029478800 Exception <a 'java/lang/NoSuchMethodError'{0x000000008cbb3668}: <clinit>> (0x000000008cbb3668) thrown at [./src/hotspot/share/prims/jni.cpp, line 1362]
Event: 5.182 Thread 0x000001e029478800 Exception <a 'java/lang/NoSuchMethodError'{0x000000008cbb4688}: <clinit>> (0x000000008cbb4688) thrown at [./src/hotspot/share/prims/jni.cpp, line 1362]
Event: 5.182 Thread 0x000001e029478800 Exception <a 'java/lang/NoSuchMethodError'{0x000000008cbbe480}: <clinit>> (0x000000008cbbe480) thrown at [./src/hotspot/share/prims/jni.cpp, line 1362]
Event: 5.183 Thread 0x000001e029478800 Exception <a 'java/lang/NoSuchMethodError'{0x000000008cbc8698}: <clinit>> (0x000000008cbc8698) thrown at [./src/hotspot/share/prims/jni.cpp, line 1362]
Event: 5.184 Thread 0x000001e0289c6000 Implicit null exception at 0x000001e0178b2532 to 0x000001e0178b2730
Event: 5.185 Thread 0x000001e029478800 Exception <a 'java/lang/NoSuchMethodError'{0x000000008cbdc5b8}: <clinit>> (0x000000008cbdc5b8) thrown at [./src/hotspot/share/prims/jni.cpp, line 1362]
Event: 5.192 Thread 0x000001e0289c6000 Exception <a 'java/lang/ClassNotFoundException'{0x000000008ca42568}: build_4pq0alywco9k5fdu1q2n5m2p0BeanInfo> (0x000000008ca42568) thrown at [./src/hotspot/share/classfile/systemDictionary.cpp, line 231]
Event: 5.192 Thread 0x000001e0289c6000 Exception <a 'java/lang/ClassNotFoundException'{0x000000008ca4d490}: build_4pq0alywco9k5fdu1q2n5m2p0Customizer> (0x000000008ca4d490) thrown at [./src/hotspot/share/classfile/systemDictionary.cpp, line 231]
Event: 5.201 Thread 0x000001e0289c6000 Exception <a 'java/lang/ClassNotFoundException'{0x000000008cacd778}: org/gradle/plugin/use/internal/PluginRequestCollector$PluginDependenciesSpecImplBeanInfo> (0x000000008cacd778) thrown at [./src/hotspot/share/classfile/systemDictionary.cpp, line 231]
Event: 5.202 Thread 0x000001e0289c6000 Exception <a 'java/lang/ClassNotFoundException'{0x000000008cafb628}: org/gradle/plugin/use/internal/PluginRequestCollector$PluginDependenciesSpecImplCustomizer> (0x000000008cafb628) thrown at [./src/hotspot/share/classfile/systemDictionary.cpp, line 231]
Event: 5.230 Thread 0x000001e0289c6000 Exception <a 'java/lang/ClassNotFoundException'{0x000000008c779318}: org/gradle/api/internal/plugins/DefaultObjectConfigurationActionBeanInfo> (0x000000008c779318) thrown at [./src/hotspot/share/classfile/systemDictionary.cpp, line 231]
Event: 5.230 Thread 0x000001e0289c6000 Exception <a 'java/lang/ClassNotFoundException'{0x000000008c7acaa8}: org/gradle/api/internal/plugins/DefaultObjectConfigurationActionCustomizer> (0x000000008c7acaa8) thrown at [./src/hotspot/share/classfile/systemDictionary.cpp, line 231]
Event: 5.326 Thread 0x000001e0289c6000 Exception <a 'java/lang/NoSuchMethodError'{0x000000008bd811a8}: 'java.lang.Object java.lang.invoke.DirectMethodHandle$Holder.invokeStatic(java.lang.Object, java.lang.Object, java.lang.Object, java.lang.Object, int)'> (0x000000008bd811a8) thrown at [./src/hotspot/share/interpreter/linkResolver.cpp, line 773]
Event: 5.326 Thread 0x000001e0289c6000 Exception <a 'java/lang/NoSuchMethodError'{0x000000008bd85ba0}: 'java.lang.Object java.lang.invoke.DirectMethodHandle$Holder.invokeSpecial(java.lang.Object, java.lang.Object, java.lang.Object, java.lang.Object, java.lang.Object, int)'> (0x000000008bd85ba0) thrown at [./src/hotspot/share/interpreter/linkResolver.cpp, line 773]
Event: 5.326 Thread 0x000001e0289c6000 Exception <a 'java/lang/NoSuchMethodError'{0x000000008bd8a1e0}: 'java.lang.Object java.lang.invoke.Invokers$Holder.linkToTargetMethod(java.lang.Object, java.lang.Object, java.lang.Object, int, java.lang.Object)'> (0x000000008bd8a1e0) thrown at [./src/hotspot/share/interpreter/linkResolver.cpp, line 773]
Event: 5.531 Thread 0x000001e0289c6000 Exception <a 'java/lang/NoSuchMethodError'{0x000000008afdd3e0}: 'java.lang.Object java.lang.invoke.DirectMethodHandle$Holder.invokeSpecial(java.lang.Object, java.lang.Object, int, int, java.lang.Object, java.lang.Object, java.lang.Object)'> (0x000000008afdd3e0) thrown at [./src/hotspot/share/interpreter/linkResolver.cpp, line 773]
Event: 5.531 Thread 0x000001e0289c6000 Exception <a 'java/lang/NoSuchMethodError'{0x000000008afe1960}: 'java.lang.Object java.lang.invoke.DelegatingMethodHandle$Holder.reinvoke_L(java.lang.Object, int, int, java.lang.Object, java.lang.Object, java.lang.Object)'> (0x000000008afe1960) thrown at [./src/hotspot/share/interpreter/linkResolver.cpp, line 773]
Event: 5.696 Thread 0x000001e0289c6000 Exception <a 'java/lang/NoSuchMethodError'{0x000000008a35d088}: 'int java.lang.invoke.DirectMethodHandle$Holder.invokeInterface(java.lang.Object, java.lang.Object, java.lang.Object, java.lang.Object)'> (0x000000008a35d088) thrown at [./src/hotspot/share/interpreter/linkResolver.cpp, line 773]

Events (20 events):
Event: 5.788 loading class java/util/stream/ReduceOps$2ReducingSink
Event: 5.788 loading class java/util/stream/ReduceOps$2ReducingSink done
Event: 5.788 loading class java/lang/management/ClassLoadingMXBean
Event: 5.788 loading class java/lang/management/ClassLoadingMXBean done
Event: 5.788 loading class sun/management/ClassLoadingImpl
Event: 5.788 loading class sun/management/ClassLoadingImpl done
Event: 5.789 loading class com/google/wireless/android/sdk/stats/JavaProcessStats$1
Event: 5.789 loading class com/google/wireless/android/sdk/stats/JavaProcessStats$1 done
Event: 5.789 loading class com/google/wireless/android/sdk/stats/JavaProcessStats$Builder
Event: 5.789 loading class com/google/wireless/android/sdk/stats/JavaProcessStats$Builder done
Event: 5.790 loading class com/google/wireless/android/sdk/stats/GarbageCollectionStats
Event: 5.790 loading class com/google/wireless/android/sdk/stats/GarbageCollectionStats done
Event: 5.790 loading class com/google/wireless/android/sdk/stats/GarbageCollectionStatsOrBuilder
Event: 5.790 loading class com/google/wireless/android/sdk/stats/GarbageCollectionStatsOrBuilder done
Event: 5.791 loading class com/android/tools/analytics/CommonMetricsData$GarbageCollectionStatsDiffs
Event: 5.791 loading class com/android/tools/analytics/CommonMetricsData$GarbageCollectionStatsDiffs done
Event: 5.792 loading class com/google/wireless/android/sdk/stats/GarbageCollectionStats$1
Event: 5.792 loading class com/google/wireless/android/sdk/stats/GarbageCollectionStats$1 done
Event: 5.792 loading class com/google/wireless/android/sdk/stats/GarbageCollectionStats$Builder
Event: 5.792 loading class com/google/wireless/android/sdk/stats/GarbageCollectionStats$Builder done


Dynamic libraries:
0x00007ff7a6cf0000 - 0x00007ff7a6cfa000 	C:\Program Files\Android\Android Studio\jre\bin\java.exe
0x00007ffa7d620000 - 0x00007ffa7d829000 	C:\WINDOWS\SYSTEM32\ntdll.dll
0x00007ffa7c430000 - 0x00007ffa7c4ed000 	C:\WINDOWS\System32\KERNEL32.DLL
0x00007ffa7abd0000 - 0x00007ffa7af44000 	C:\WINDOWS\System32\KERNELBASE.dll
0x00007ffa7b190000 - 0x00007ffa7b2a1000 	C:\WINDOWS\System32\ucrtbase.dll
0x00007ffa6c6b0000 - 0x00007ffa6c6c9000 	C:\Program Files\Android\Android Studio\jre\bin\jli.dll
0x00007ffa6b900000 - 0x00007ffa6b917000 	C:\Program Files\Android\Android Studio\jre\bin\VCRUNTIME140.dll
0x00007ffa7b660000 - 0x00007ffa7b80c000 	C:\WINDOWS\System32\USER32.dll
0x00007ffa7b0c0000 - 0x00007ffa7b0e6000 	C:\WINDOWS\System32\win32u.dll
0x00007ffa5be20000 - 0x00007ffa5c0c5000 	C:\WINDOWS\WinSxS\amd64_microsoft.windows.common-controls_6595b64144ccf1df_6.0.22000.120_none_9d947278b86cc467\COMCTL32.dll
0x00007ffa7c5a0000 - 0x00007ffa7c5c9000 	C:\WINDOWS\System32\GDI32.dll
0x00007ffa7c4f0000 - 0x00007ffa7c593000 	C:\WINDOWS\System32\msvcrt.dll
0x00007ffa7b2b0000 - 0x00007ffa7b3c2000 	C:\WINDOWS\System32\gdi32full.dll
0x00007ffa7b0f0000 - 0x00007ffa7b18d000 	C:\WINDOWS\System32\msvcp_win.dll
0x00007ffa7b870000 - 0x00007ffa7b8a1000 	C:\WINDOWS\System32\IMM32.DLL
0x00007ffa3f020000 - 0x00007ffa3f0bd000 	C:\Program Files\Android\Android Studio\jre\bin\msvcp140.dll
0x00007ffa368d0000 - 0x00007ffa3739f000 	C:\Program Files\Android\Android Studio\jre\bin\server\jvm.dll
0x00007ffa7c770000 - 0x00007ffa7c81e000 	C:\WINDOWS\System32\ADVAPI32.dll
0x00007ffa7b940000 - 0x00007ffa7b9de000 	C:\WINDOWS\System32\sechost.dll
0x00007ffa7ca30000 - 0x00007ffa7cb50000 	C:\WINDOWS\System32\RPCRT4.dll
0x00007ffa7c020000 - 0x00007ffa7c028000 	C:\WINDOWS\System32\PSAPI.DLL
0x00007ffa77f60000 - 0x00007ffa77f69000 	C:\WINDOWS\SYSTEM32\WSOCK32.dll
0x00007ffa745b0000 - 0x00007ffa745e3000 	C:\WINDOWS\SYSTEM32\WINMM.dll
0x00007ffa73d30000 - 0x00007ffa73d3a000 	C:\WINDOWS\SYSTEM32\VERSION.dll
0x00007ffa7cda0000 - 0x00007ffa7ce0f000 	C:\WINDOWS\System32\WS2_32.dll
0x00007ffa79d00000 - 0x00007ffa79d18000 	C:\WINDOWS\SYSTEM32\kernel.appcore.dll
0x00007ffa74ae0000 - 0x00007ffa74af1000 	C:\Program Files\Android\Android Studio\jre\bin\verify.dll
0x00007ffa5e720000 - 0x00007ffa5e941000 	C:\WINDOWS\SYSTEM32\DBGHELP.DLL
0x00007ffa5d8b0000 - 0x00007ffa5d8e1000 	C:\WINDOWS\SYSTEM32\dbgcore.DLL
0x00007ffa7b440000 - 0x00007ffa7b4bf000 	C:\WINDOWS\System32\bcryptPrimitives.dll
0x00007ffa70250000 - 0x00007ffa70279000 	C:\Program Files\Android\Android Studio\jre\bin\java.dll
0x00007ffa756a0000 - 0x00007ffa756ab000 	C:\Program Files\Android\Android Studio\jre\bin\jimage.dll
0x00007ffa74ac0000 - 0x00007ffa74ad8000 	C:\Program Files\Android\Android Studio\jre\bin\zip.dll
0x00007ffa7ce30000 - 0x00007ffa7d5df000 	C:\WINDOWS\System32\SHELL32.dll
0x00007ffa78c80000 - 0x00007ffa794e8000 	C:\WINDOWS\SYSTEM32\windows.storage.dll
0x00007ffa7c040000 - 0x00007ffa7c3b8000 	C:\WINDOWS\System32\combase.dll
0x00007ffa78b10000 - 0x00007ffa78c76000 	C:\WINDOWS\SYSTEM32\wintypes.dll
0x00007ffa7b9e0000 - 0x00007ffa7baca000 	C:\WINDOWS\System32\SHCORE.dll
0x00007ffa7c630000 - 0x00007ffa7c68d000 	C:\WINDOWS\System32\shlwapi.dll
0x00007ffa7aa40000 - 0x00007ffa7aa61000 	C:\WINDOWS\SYSTEM32\profapi.dll
0x00007ffa701f0000 - 0x00007ffa7020a000 	C:\Program Files\Android\Android Studio\jre\bin\net.dll
0x00007ffa744a0000 - 0x00007ffa745ac000 	C:\WINDOWS\SYSTEM32\WINHTTP.dll
0x00007ffa7a130000 - 0x00007ffa7a197000 	C:\WINDOWS\system32\mswsock.dll
0x00007ffa701a0000 - 0x00007ffa701b4000 	C:\Program Files\Android\Android Studio\jre\bin\nio.dll
0x00007ffa5b840000 - 0x00007ffa5b867000 	C:\Users\Ana\.gradle\native\8bec1ad78214c89d9ad589b4d07fe93259594b29d510b10fafb7a158f7737e5d\windows-amd64\native-platform.dll
0x00007ffa503c0000 - 0x00007ffa504fd000 	C:\Users\Ana\.gradle\native\53dbd7edfb1c66fb8903c78663c9afc45aea4f116125fa6feffd364cf09443e8\windows-amd64\native-platform-file-events.dll
0x00007ffa70190000 - 0x00007ffa7019a000 	C:\Program Files\Android\Android Studio\jre\bin\management.dll
0x00007ffa6f690000 - 0x00007ffa6f69c000 	C:\Program Files\Android\Android Studio\jre\bin\management_ext.dll
0x00007ffa7a380000 - 0x00007ffa7a398000 	C:\WINDOWS\SYSTEM32\CRYPTSP.dll
0x00007ffa79c10000 - 0x00007ffa79c45000 	C:\WINDOWS\system32\rsaenh.dll
0x00007ffa7a220000 - 0x00007ffa7a249000 	C:\WINDOWS\SYSTEM32\USERENV.dll
0x00007ffa7a4f0000 - 0x00007ffa7a517000 	C:\WINDOWS\SYSTEM32\bcrypt.dll
0x00007ffa7a370000 - 0x00007ffa7a37c000 	C:\WINDOWS\SYSTEM32\CRYPTBASE.dll
0x00007ffa79740000 - 0x00007ffa7976d000 	C:\WINDOWS\SYSTEM32\IPHLPAPI.DLL
0x00007ffa7c030000 - 0x00007ffa7c039000 	C:\WINDOWS\System32\NSI.dll
0x00007ffa74950000 - 0x00007ffa74969000 	C:\WINDOWS\SYSTEM32\dhcpcsvc6.DLL
0x00007ffa74df0000 - 0x00007ffa74e0e000 	C:\WINDOWS\SYSTEM32\dhcpcsvc.DLL
0x00007ffa79770000 - 0x00007ffa79858000 	C:\WINDOWS\SYSTEM32\DNSAPI.dll

dbghelp: loaded successfully - version: 4.0.5 - missing functions: none
symbol engine: initialized successfully - sym options: 0x614 - pdb path: .;C:\Program Files\Android\Android Studio\jre\bin;C:\WINDOWS\SYSTEM32;C:\WINDOWS\WinSxS\amd64_microsoft.windows.common-controls_6595b64144ccf1df_6.0.22000.120_none_9d947278b86cc467;C:\Program Files\Android\Android Studio\jre\bin\server;C:\Users\Ana\.gradle\native\8bec1ad78214c89d9ad589b4d07fe93259594b29d510b10fafb7a158f7737e5d\windows-amd64;C:\Users\Ana\.gradle\native\53dbd7edfb1c66fb8903c78663c9afc45aea4f116125fa6feffd364cf09443e8\windows-amd64

VM Arguments:
jvm_args: --add-opens=java.base/java.util=ALL-UNNAMED --add-opens=java.base/java.lang=ALL-UNNAMED --add-opens=java.base/java.lang.invoke=ALL-UNNAMED --add-opens=java.base/java.util=ALL-UNNAMED --add-opens=java.prefs/java.util.prefs=ALL-UNNAMED --add-opens=java.prefs/java.util.prefs=ALL-UNNAMED --add-opens=java.base/java.nio.charset=ALL-UNNAMED --add-opens=java.base/java.net=ALL-UNNAMED --add-opens=java.base/java.util.concurrent.atomic=ALL-UNNAMED -Xmx2048m -Dfile.encoding=UTF-8 -Duser.country=US -Duser.language=en -Duser.variant 
java_command: org.gradle.launcher.daemon.bootstrap.GradleDaemon 7.0.2
java_class_path (initial): C:\Users\Ana\.gradle\wrapper\dists\gradle-7.0.2-bin\857tjihv64xamwrf0h14cai3r\gradle-7.0.2\lib\gradle-launcher-7.0.2.jar
Launcher Type: SUN_STANDARD

[Global flags]
     intx CICompilerCount                          = 4                                         {product} {ergonomic}
     uint ConcGCThreads                            = 2                                         {product} {ergonomic}
     uint G1ConcRefinementThreads                  = 8                                         {product} {ergonomic}
   size_t G1HeapRegionSize                         = 1048576                                   {product} {ergonomic}
    uintx GCDrainStackTargetSize                   = 64                                        {product} {ergonomic}
   size_t InitialHeapSize                          = 266338304                                 {product} {ergonomic}
   size_t MarkStackSize                            = 4194304                                   {product} {ergonomic}
   size_t MaxHeapSize                              = 2147483648                                {product} {command line}
   size_t MaxNewSize                               = 1287651328                                {product} {ergonomic}
   size_t MinHeapDeltaBytes                        = 1048576                                   {product} {ergonomic}
    uintx NonNMethodCodeHeapSize                   = 5836300                                {pd product} {ergonomic}
    uintx NonProfiledCodeHeapSize                  = 122910970                              {pd product} {ergonomic}
    uintx ProfiledCodeHeapSize                     = 122910970                              {pd product} {ergonomic}
    uintx ReservedCodeCacheSize                    = 251658240                              {pd product} {ergonomic}
     bool SegmentedCodeCache                       = true                                      {product} {ergonomic}
     bool UseCompressedClassPointers               = true                                 {lp64_product} {ergonomic}
     bool UseCompressedOops                        = true                                 {lp64_product} {ergonomic}
     bool UseG1GC                                  = true                                      {product} {ergonomic}
     bool UseLargePagesIndividualAllocation        = false                                  {pd product} {ergonomic}

Logging:
Log output configuration:
 #0: stdout all=warning uptime,level,tags
 #1: stderr all=off uptime,level,tags

Environment Variables:
PATH=C:\Program Files\Common Files\Oracle\Java\javapath;C:\WINDOWS\system32;C:\WINDOWS;C:\WINDOWS\System32\Wbem;C:\WINDOWS\System32\WindowsPowerShell\v1.0\;C:\WINDOWS\System32\OpenSSH\;C:\Program Files\Cloudflare\Cloudflare WARP\;C:\Program Files\Microsoft SQL Server\Client SDK\ODBC\170\Tools\Binn\;C:\Program Files (x86)\Microsoft SQL Server\150\Tools\Binn\;C:\Program Files\Microsoft SQL Server\150\Tools\Binn\;C:\Program Files\Microsoft SQL Server\150\DTS\Binn\;C:\Program Files (x86)\Microsoft SQL Server\150\DTS\Binn\;C:\Program Files\Azure Data Studio\bin;C:\Users\Ana\AppData\Local\Microsoft\WindowsApps;;C:\Program Files\Azure Data Studio\bin
USERNAME=Ana
OS=Windows_NT
PROCESSOR_IDENTIFIER=Intel64 Family 6 Model 158 Stepping 10, GenuineIntel



---------------  S Y S T E M  ---------------

OS: Windows 10 , 64 bit Build 22000 (10.0.22000.434)
OS uptime: 1 days 12:37 hours

CPU:total 8 (initial active 8) (4 cores per cpu, 2 threads per core) family 6 model 158 stepping 10 microcode 0xde, cmov, cx8, fxsr, mmx, sse, sse2, sse3, ssse3, sse4.1, sse4.2, popcnt, avx, avx2, aes, clmul, erms, 3dnowpref, lzcnt, ht, tsc, tscinvbit, bmi1, bmi2, adx, fma

Memory: 4k page, system-wide physical 16226M (1380M free)
TotalPageFile size 31327M (AvailPageFile size 5M)
current process WorkingSet (physical memory assigned to process): 356M, peak: 359M
current process commit charge ("private bytes"): 483M, peak: 485M

vm_info: OpenJDK 64-Bit Server VM (11.0.10+0-b96-7249189) for windows-amd64 JRE (11.0.10+0-b96-7249189), built on Mar 31 2021 21:44:00 by "builder" with MS VC++ 14.0 (VS2015)

END.
